SF:C:\Users\olduh\dev\csly\sly\EnumConverter.cs
FN:8,IN sly.EnumConverter::ConvertIntToEnum(System.Int32)
FNDA:138,IN sly.EnumConverter::ConvertIntToEnum(System.Int32)
DA:9,138
DA:10,138
DA:11,138
DA:12,3458
DA:13,1591
DA:14,1591
DA:15,1591
DA:16,1591
DA:17,138
DA:18,138
DA:20,1453
DA:22,0
DA:23,138
BRDA:11,20,0,138
BRDA:12,118,1,1591
BRDA:16,103,0,138
BRDA:16,103,1,1453
BRDA:12,118,0,0
BRDA:11,20,1,0
FN:25,IN sly.EnumConverter::ConvertStringToEnum(System.String)
FNDA:99,IN sly.EnumConverter::ConvertStringToEnum(System.String)
DA:26,99
DA:27,99
DA:28,99
DA:29,1
DA:30,1
DA:32,98
DA:33,98
BRDA:28,22,0,1
BRDA:28,22,1,98
LF:20
LH:19
BRF:8
BRH:6
FNF:2
FNH:2
end_of_record
SF:C:\Users\olduh\dev\csly\sly\parser\parser\ParseError.cs
FN:13,sly.parser.ErrorType sly.parser.ParseError::get_ErrorType()
FNDA:13403,sly.parser.ErrorType sly.parser.ParseError::get_ErrorType()
DA:14,13403
FN:14,System.Int32 sly.parser.ParseError::get_Column()
FNDA:19,System.Int32 sly.parser.ParseError::get_Column()
DA:15,19
FN:15,System.String sly.parser.ParseError::get_ErrorMessage()
FNDA:0,System.String sly.parser.ParseError::get_ErrorMessage()
DA:16,0
FN:16,System.Int32 sly.parser.ParseError::get_Line()
FNDA:20,System.Int32 sly.parser.ParseError::get_Line()
DA:17,20
FN:26,System.Int32 sly.parser.ParseError::CompareTo(System.Object)
FNDA:61,System.Int32 sly.parser.ParseError::CompareTo(System.Object)
DA:27,61
DA:28,61
DA:29,61
DA:30,61
DA:31,61
DA:32,61
DA:33,61
DA:35,62
DA:36,105
DA:37,77
DA:38,61
DA:40,61
DA:41,61
BRDA:30,16,0,61
BRDA:32,30,0,0
BRDA:32,30,1,61
BRDA:33,58,0,0
BRDA:33,58,1,61
BRDA:35,84,0,1
BRDA:35,84,1,61
BRDA:36,96,0,44
BRDA:36,96,1,61
BRDA:37,109,0,16
BRDA:37,109,1,61
BRDA:30,16,1,61
LF:17
LH:16
BRF:12
BRH:10
FNF:5
FNH:4
end_of_record
SF:C:\Users\olduh\dev\csly\sly\parser\parser\Parser.cs
FN:20,System.String sly.parser.Parser`2::get_I18n()
FNDA:485,System.String sly.parser.Parser`2::get_I18n()
DA:21,485
FN:22,sly.lexer.ILexer`1<IN> sly.parser.Parser`2::get_Lexer()
FNDA:1077,sly.lexer.ILexer`1<IN> sly.parser.Parser`2::get_Lexer()
DA:23,1077
FN:23,System.Object sly.parser.Parser`2::get_Instance()
FNDA:474,System.Object sly.parser.Parser`2::get_Instance()
DA:24,474
FN:24,sly.parser.ISyntaxParser`2<IN,OUT> sly.parser.Parser`2::get_SyntaxParser()
FNDA:1540,sly.parser.ISyntaxParser`2<IN,OUT> sly.parser.Parser`2::get_SyntaxParser()
DA:25,1540
FN:25,sly.parser.generator.visitor.SyntaxTreeVisitor`2<IN,OUT> sly.parser.Parser`2::get_Visitor()
FNDA:1056,sly.parser.generator.visitor.SyntaxTreeVisitor`2<IN,OUT> sly.parser.Parser`2::get_Visitor()
DA:26,1056
FN:26,sly.parser.generator.ParserConfiguration`2<IN,OUT> sly.parser.Parser`2::get_Configuration()
FNDA:8383,sly.parser.generator.ParserConfiguration`2<IN,OUT> sly.parser.Parser`2::get_Configuration()
DA:27,8383
FN:33,sly.buildresult.BuildResult`1<sly.parser.generator.ParserConfiguration`2<IN,OUT>> sly.parser.Parser`2::BuildExpressionParser(sly.buildresult.BuildResult`1<sly.parser.Parser`2<IN,OUT>>,System.String)
FNDA:237,sly.buildresult.BuildResult`1<sly.parser.generator.ParserConfiguration`2<IN,OUT>> sly.parser.Parser`2::BuildExpressionParser(sly.buildresult.BuildResult`1<sly.parser.Parser`2<IN,OUT>>,System.String)
DA:34,237
DA:35,237
DA:36,237
DA:37,237
DA:38,236
DA:39,236
DA:40,236
DA:41,236
DA:42,236
DA:43,236
DA:44,236
DA:46,236
DA:47,0
DA:49,236
DA:50,236
DA:51,236
BRDA:40,88,0,236
BRDA:40,88,1,236
BRDA:46,126,0,0
BRDA:46,126,1,236
FN:57,sly.parser.ParseResult`2<IN,OUT> sly.parser.Parser`2::Parse(System.String,System.String)
FNDA:832,sly.parser.ParseResult`2<IN,OUT> sly.parser.Parser`2::Parse(System.String,System.String)
DA:58,832
DA:59,832
DA:60,830
FN:63,sly.parser.ParseResult`2<IN,OUT> sly.parser.Parser`2::ParseWithContext(System.String,System.Object,System.String)
FNDA:835,sly.parser.ParseResult`2<IN,OUT> sly.parser.Parser`2::ParseWithContext(System.String,System.Object,System.String)
DA:64,835
DA:65,835
DA:66,835
DA:67,835
DA:68,5
DA:69,5
DA:70,5
DA:71,5
DA:72,5
DA:73,5
DA:76,830
DA:77,830
DA:78,830
DA:79,11966
DA:80,5153
DA:81,5153
DA:82,5153
DA:83,5149
DA:84,5149
DA:85,5149
DA:86,5149
DA:87,5149
DA:88,5153
DA:90,830
DA:93,828
DA:94,833
BRDA:67,26,0,5
BRDA:67,26,1,830
BRDA:79,181,1,5153
BRDA:82,117,0,5
BRDA:82,117,1,5148
BRDA:82,133,0,5149
BRDA:82,133,1,5153
BRDA:79,181,0,830
FN:99,sly.parser.ParseResult`2<IN,OUT> sly.parser.Parser`2::ParseWithContext(System.Collections.Generic.IList`1<sly.lexer.Token`1<IN>>,System.Object,System.String)
FNDA:830,sly.parser.ParseResult`2<IN,OUT> sly.parser.Parser`2::ParseWithContext(System.Collections.Generic.IList`1<sly.lexer.Token`1<IN>>,System.Object,System.String)
DA:100,830
DA:101,830
DA:103,830
DA:104,830
DA:105,830
DA:106,830
DA:107,819
DA:108,819
DA:109,817
DA:110,817
DA:111,817
DA:112,817
DA:114,11
DA:115,11
DA:116,11
DA:117,61
DA:118,11
DA:119,55
DA:120,11
DA:121,50
DA:122,11
DA:123,11
DA:124,11
DA:126,11
DA:127,11
DA:128,11
DA:130,828
DA:131,828
BRDA:106,41,0,819
BRDA:106,41,1,11
BRDA:106,57,0,819
BRDA:106,57,1,11
BRDA:117,155,0,7
BRDA:117,155,1,11
BRDA:117,191,0,7
BRDA:117,191,1,11
BRDA:119,347,1,11
BRDA:121,260,0,7
BRDA:121,260,1,11
BRDA:119,347,0,11
FN:13,System.Void sly.parser.Parser`2::.ctor(System.String,sly.parser.ISyntaxParser`2<IN,OUT>,sly.parser.generator.visitor.SyntaxTreeVisitor`2<IN,OUT>)
FNDA:237,System.Void sly.parser.Parser`2::.ctor(System.String,sly.parser.ISyntaxParser`2<IN,OUT>,sly.parser.generator.visitor.SyntaxTreeVisitor`2<IN,OUT>)
DA:14,237
DA:15,237
DA:16,237
DA:17,237
DA:18,237
DA:19,237
LF:85
LH:84
BRF:24
BRH:23
FNF:11
FNH:11
end_of_record
SF:C:\Users\olduh\dev\csly\sly\parser\parser\ParseResult.cs
FN:7,OUT sly.parser.ParseResult`2::get_Result()
FNDA:1749,OUT sly.parser.ParseResult`2::get_Result()
DA:8,1749
FN:9,sly.parser.syntax.tree.ISyntaxNode`1<IN> sly.parser.ParseResult`2::get_SyntaxTree()
FNDA:819,sly.parser.syntax.tree.ISyntaxNode`1<IN> sly.parser.ParseResult`2::get_SyntaxTree()
DA:10,819
FN:11,System.Boolean sly.parser.ParseResult`2::get_IsError()
FNDA:1664,System.Boolean sly.parser.ParseResult`2::get_IsError()
DA:12,1664
FN:13,System.Boolean sly.parser.ParseResult`2::get_IsOk()
FNDA:39,System.Boolean sly.parser.ParseResult`2::get_IsOk()
DA:14,39
FN:15,System.Collections.Generic.List`1<sly.parser.ParseError> sly.parser.ParseResult`2::get_Errors()
FNDA:60,System.Collections.Generic.List`1<sly.parser.ParseError> sly.parser.ParseResult`2::get_Errors()
DA:16,60
LF:5
LH:5
BRF:0
BRH:0
FNF:5
FNH:5
end_of_record
SF:C:\Users\olduh\dev\csly\sly\parser\parser\SyntaxParseResult.cs
FN:7,sly.parser.syntax.tree.ISyntaxNode`1<IN> sly.parser.SyntaxParseResult`1::get_Root()
FNDA:139614,sly.parser.syntax.tree.ISyntaxNode`1<IN> sly.parser.SyntaxParseResult`1::get_Root()
DA:8,139614
FN:9,System.Boolean sly.parser.SyntaxParseResult`1::get_IsError()
FNDA:320990,System.Boolean sly.parser.SyntaxParseResult`1::get_IsError()
DA:10,320990
FN:11,System.Boolean sly.parser.SyntaxParseResult`1::get_IsOk()
FNDA:60430,System.Boolean sly.parser.SyntaxParseResult`1::get_IsOk()
DA:12,60430
FN:13,System.Collections.Generic.List`1<sly.parser.UnexpectedTokenSyntaxError`1<IN>> sly.parser.SyntaxParseResult`1::get_Errors()
FNDA:314791,System.Collections.Generic.List`1<sly.parser.UnexpectedTokenSyntaxError`1<IN>> sly.parser.SyntaxParseResult`1::get_Errors()
DA:14,314791
FN:15,System.Int32 sly.parser.SyntaxParseResult`1::get_EndingPosition()
FNDA:267611,System.Int32 sly.parser.SyntaxParseResult`1::get_EndingPosition()
DA:16,267611
FN:17,System.Boolean sly.parser.SyntaxParseResult`1::get_IsEnded()
FNDA:53705,System.Boolean sly.parser.SyntaxParseResult`1::get_IsEnded()
DA:18,53705
FN:19,System.Collections.Generic.List`1<IN> sly.parser.SyntaxParseResult`1::get_Expecting()
FNDA:46401,System.Collections.Generic.List`1<IN> sly.parser.SyntaxParseResult`1::get_Expecting()
DA:20,46401
FN:22,System.Void sly.parser.SyntaxParseResult`1::AddExpectings(System.Collections.Generic.IEnumerable`1<IN>)
FNDA:15467,System.Void sly.parser.SyntaxParseResult`1::AddExpectings(System.Collections.Generic.IEnumerable`1<IN>)
DA:23,15467
DA:24,15467
DA:25,15467
DA:26,15467
DA:27,15467
DA:28,15467
DA:29,15467
BRDA:24,12,0,15467
BRDA:24,12,1,15467
LF:14
LH:14
BRF:2
BRH:2
FNF:8
FNH:8
end_of_record
SF:C:\Users\olduh\dev\csly\sly\parser\parser\UnexpectedTokenSyntaxError.cs
FN:32,sly.lexer.Token`1<T> sly.parser.UnexpectedTokenSyntaxError`1::get_UnexpectedToken()
FNDA:13793,sly.lexer.Token`1<T> sly.parser.UnexpectedTokenSyntaxError`1::get_UnexpectedToken()
DA:33,13793
FN:34,System.Collections.Generic.List`1<T> sly.parser.UnexpectedTokenSyntaxError`1::get_ExpectedTokens()
FNDA:74754,System.Collections.Generic.List`1<T> sly.parser.UnexpectedTokenSyntaxError`1::get_ExpectedTokens()
DA:35,74754
FN:39,System.Int32 sly.parser.UnexpectedTokenSyntaxError`1::get_Line()
FNDA:126,System.Int32 sly.parser.UnexpectedTokenSyntaxError`1::get_Line()
DA:40,126
DA:41,126
DA:42,126
DA:43,126
BRDA:41,8,0,0
BRDA:41,8,1,126
BRDA:41,28,0,0
BRDA:41,28,1,126
BRDA:42,60,0,0
BRDA:42,60,1,126
FN:48,System.Int32 sly.parser.UnexpectedTokenSyntaxError`1::get_Column()
FNDA:126,System.Int32 sly.parser.UnexpectedTokenSyntaxError`1::get_Column()
DA:49,126
DA:50,126
DA:51,126
DA:52,126
BRDA:50,8,0,0
BRDA:50,8,1,126
BRDA:50,28,0,0
BRDA:50,28,1,126
BRDA:51,60,0,0
BRDA:51,60,1,126
FN:57,System.String sly.parser.UnexpectedTokenSyntaxError`1::get_ErrorMessage()
FNDA:0,System.String sly.parser.UnexpectedTokenSyntaxError`1::get_ErrorMessage()
DA:58,0
DA:59,0
DA:60,0
DA:61,0
DA:62,0
DA:63,0
DA:64,0
DA:65,0
DA:66,0
DA:67,0
DA:69,0
DA:70,0
DA:71,0
DA:72,0
DA:73,0
DA:74,0
DA:75,0
DA:78,0
DA:80,0
DA:81,0
DA:84,0
DA:85,0
DA:86,0
DA:87,0
DA:88,0
DA:89,0
DA:91,0
DA:93,0
DA:94,0
BRDA:60,16,0,0
BRDA:63,27,0,0
BRDA:63,27,1,0
BRDA:63,47,0,0
BRDA:63,47,1,0
BRDA:60,16,1,0
BRDA:71,65,0,0
BRDA:71,65,1,0
BRDA:71,85,0,0
BRDA:71,85,1,0
BRDA:80,104,0,0
BRDA:80,104,1,0
BRDA:80,124,0,0
BRDA:84,187,1,0
BRDA:84,187,0,0
BRDA:80,124,1,0
FN:97,System.String sly.parser.UnexpectedTokenSyntaxError`1::ToString()
FNDA:0,System.String sly.parser.UnexpectedTokenSyntaxError`1::ToString()
DA:98,0
DA:99,0
DA:100,0
FN:13,System.Void sly.parser.UnexpectedTokenSyntaxError`1::.ctor(sly.lexer.Token`1<T>,System.String,T[])
FNDA:13382,System.Void sly.parser.UnexpectedTokenSyntaxError`1::.ctor(sly.lexer.Token`1<T>,System.String,T[])
DA:14,13382
DA:15,13382
DA:16,13382
DA:17,13382
DA:19,13382
DA:20,13382
DA:21,13382
DA:22,13382
DA:23,13382
DA:24,13382
DA:26,0
DA:27,0
DA:28,0
DA:30,13382
BRDA:17,22,0,8829
BRDA:17,22,1,4553
BRDA:20,48,0,13382
BRDA:20,48,1,0
LF:56
LH:21
BRF:32
BRH:9
FNF:7
FNH:5
end_of_record
SF:C:\Users\olduh\dev\csly\sly\parser\syntax\tree\GroupSyntaxNode.cs
FN:6,System.Void sly.parser.syntax.tree.GroupSyntaxNode`1::.ctor(System.String)
FNDA:17,System.Void sly.parser.syntax.tree.GroupSyntaxNode`1::.ctor(System.String)
DA:7,17
DA:8,17
DA:9,17
FN:10,System.Void sly.parser.syntax.tree.GroupSyntaxNode`1::.ctor(System.String,System.Collections.Generic.List`1<sly.parser.syntax.tree.ISyntaxNode`1<IN>>)
FNDA:17,System.Void sly.parser.syntax.tree.GroupSyntaxNode`1::.ctor(System.String,System.Collections.Generic.List`1<sly.parser.syntax.tree.ISyntaxNode`1<IN>>)
DA:11,17
DA:12,17
DA:13,17
DA:14,17
LF:7
LH:7
BRF:0
BRH:0
FNF:2
FNH:2
end_of_record
SF:C:\Users\olduh\dev\csly\sly\parser\syntax\tree\ManySyntaxNode.cs
FN:10,System.Boolean sly.parser.syntax.tree.ManySyntaxNode`1::get_IsManyTokens()
FNDA:116,System.Boolean sly.parser.syntax.tree.ManySyntaxNode`1::get_IsManyTokens()
DA:11,116
FN:12,System.Boolean sly.parser.syntax.tree.ManySyntaxNode`1::get_IsManyValues()
FNDA:234,System.Boolean sly.parser.syntax.tree.ManySyntaxNode`1::get_IsManyValues()
DA:13,234
FN:14,System.Boolean sly.parser.syntax.tree.ManySyntaxNode`1::get_IsManyGroups()
FNDA:17,System.Boolean sly.parser.syntax.tree.ManySyntaxNode`1::get_IsManyGroups()
DA:15,17
FN:18,System.Void sly.parser.syntax.tree.ManySyntaxNode`1::Add(sly.parser.syntax.tree.ISyntaxNode`1<IN>)
FNDA:129,System.Void sly.parser.syntax.tree.ManySyntaxNode`1::Add(sly.parser.syntax.tree.ISyntaxNode`1<IN>)
DA:19,129
DA:20,129
DA:21,129
FN:6,System.Void sly.parser.syntax.tree.ManySyntaxNode`1::.ctor(System.String)
FNDA:106,System.Void sly.parser.syntax.tree.ManySyntaxNode`1::.ctor(System.String)
DA:7,106
DA:8,106
DA:9,106
LF:9
LH:9
BRF:0
BRH:0
FNF:5
FNH:5
end_of_record
SF:C:\Users\olduh\dev\csly\sly\parser\syntax\tree\OptionSyntaxNode.cs
FN:7,System.Boolean sly.parser.syntax.tree.OptionSyntaxNode`1::get_IsGroupOption()
FNDA:34,System.Boolean sly.parser.syntax.tree.OptionSyntaxNode`1::get_IsGroupOption()
DA:8,34
FN:9,System.Void sly.parser.syntax.tree.OptionSyntaxNode`1::.ctor(System.String,System.Collections.Generic.List`1<sly.parser.syntax.tree.ISyntaxNode`1<IN>>,System.Reflection.MethodInfo)
FNDA:26,System.Void sly.parser.syntax.tree.OptionSyntaxNode`1::.ctor(System.String,System.Collections.Generic.List`1<sly.parser.syntax.tree.ISyntaxNode`1<IN>>,System.Reflection.MethodInfo)
DA:10,26
DA:11,26
DA:12,52
LF:4
LH:4
BRF:0
BRH:0
FNF:2
FNH:2
end_of_record
SF:C:\Users\olduh\dev\csly\sly\parser\syntax\tree\SyntaxLeaf.cs
FN:14,sly.lexer.Token`1<IN> sly.parser.syntax.tree.SyntaxLeaf`1::get_Token()
FNDA:4682,sly.lexer.Token`1<IN> sly.parser.syntax.tree.SyntaxLeaf`1::get_Token()
DA:15,4682
FN:15,System.Boolean sly.parser.syntax.tree.SyntaxLeaf`1::get_Discarded()
FNDA:649,System.Boolean sly.parser.syntax.tree.SyntaxLeaf`1::get_Discarded()
DA:16,649
FN:16,System.String sly.parser.syntax.tree.SyntaxLeaf`1::get_Name()
FNDA:19,System.String sly.parser.syntax.tree.SyntaxLeaf`1::get_Name()
DA:17,19
FN:6,System.Void sly.parser.syntax.tree.SyntaxLeaf`1::.ctor(sly.lexer.Token`1<IN>,System.Boolean)
FNDA:40455,System.Void sly.parser.syntax.tree.SyntaxLeaf`1::.ctor(sly.lexer.Token`1<IN>,System.Boolean)
DA:7,40455
DA:8,40455
DA:9,40455
DA:10,40455
DA:11,40455
LF:8
LH:8
BRF:0
BRH:0
FNF:4
FNH:4
end_of_record
SF:C:\Users\olduh\dev\csly\sly\parser\syntax\tree\SyntaxNode.cs
FN:16,System.Collections.Generic.List`1<sly.parser.syntax.tree.ISyntaxNode`1<IN>> sly.parser.syntax.tree.SyntaxNode`1::get_Children()
FNDA:37345,System.Collections.Generic.List`1<sly.parser.syntax.tree.ISyntaxNode`1<IN>> sly.parser.syntax.tree.SyntaxNode`1::get_Children()
DA:17,37345
FN:18,System.Reflection.MethodInfo sly.parser.syntax.tree.SyntaxNode`1::get_Visitor()
FNDA:47735,System.Reflection.MethodInfo sly.parser.syntax.tree.SyntaxNode`1::get_Visitor()
DA:19,47735
FN:20,System.Boolean sly.parser.syntax.tree.SyntaxNode`1::get_IsByPassNode()
FNDA:47442,System.Boolean sly.parser.syntax.tree.SyntaxNode`1::get_IsByPassNode()
DA:21,47442
FN:22,System.Boolean sly.parser.syntax.tree.SyntaxNode`1::get_IsEmpty()
FNDA:16,System.Boolean sly.parser.syntax.tree.SyntaxNode`1::get_IsEmpty()
DA:23,16
BRDA:23,6,0,16
BRDA:23,6,1,0
FN:24,sly.parser.generator.Affix sly.parser.syntax.tree.SyntaxNode`1::get_ExpressionAffix()
FNDA:4786,sly.parser.generator.Affix sly.parser.syntax.tree.SyntaxNode`1::get_ExpressionAffix()
DA:25,4786
FN:27,System.Boolean sly.parser.syntax.tree.SyntaxNode`1::get_Discarded()
FNDA:5,System.Boolean sly.parser.syntax.tree.SyntaxNode`1::get_Discarded()
DA:28,5
FN:28,System.String sly.parser.syntax.tree.SyntaxNode`1::get_Name()
FNDA:20046,System.String sly.parser.syntax.tree.SyntaxNode`1::get_Name()
DA:29,20046
FN:32,sly.parser.generator.OperationMetaData`1<IN> sly.parser.syntax.tree.SyntaxNode`1::get_Operation()
FNDA:25501,sly.parser.generator.OperationMetaData`1<IN> sly.parser.syntax.tree.SyntaxNode`1::get_Operation()
DA:33,25501
FN:34,System.Boolean sly.parser.syntax.tree.SyntaxNode`1::get_IsExpressionNode()
FNDA:4957,System.Boolean sly.parser.syntax.tree.SyntaxNode`1::get_IsExpressionNode()
DA:35,4957
FN:36,System.Boolean sly.parser.syntax.tree.SyntaxNode`1::get_IsBinaryOperationNode()
FNDA:4745,System.Boolean sly.parser.syntax.tree.SyntaxNode`1::get_IsBinaryOperationNode()
DA:37,4745
BRDA:37,6,0,219
BRDA:37,6,1,4526
FN:37,System.Boolean sly.parser.syntax.tree.SyntaxNode`1::get_IsUnaryOperationNode()
FNDA:0,System.Boolean sly.parser.syntax.tree.SyntaxNode`1::get_IsUnaryOperationNode()
DA:38,0
BRDA:38,6,0,0
BRDA:38,6,1,0
FN:38,System.Int32 sly.parser.syntax.tree.SyntaxNode`1::get_Precedence()
FNDA:34,System.Int32 sly.parser.syntax.tree.SyntaxNode`1::get_Precedence()
DA:39,34
BRDA:39,6,0,0
BRDA:39,6,1,34
FN:41,sly.parser.generator.Associativity sly.parser.syntax.tree.SyntaxNode`1::get_Associativity()
FNDA:81,sly.parser.generator.Associativity sly.parser.syntax.tree.SyntaxNode`1::get_Associativity()
DA:42,81
BRDA:42,6,0,81
BRDA:42,6,1,0
BRDA:42,14,0,0
BRDA:42,14,1,81
FN:43,System.Boolean sly.parser.syntax.tree.SyntaxNode`1::get_IsLeftAssociative()
FNDA:81,System.Boolean sly.parser.syntax.tree.SyntaxNode`1::get_IsLeftAssociative()
DA:44,81
FN:48,sly.parser.syntax.tree.ISyntaxNode`1<IN> sly.parser.syntax.tree.SyntaxNode`1::get_Left()
FNDA:9,sly.parser.syntax.tree.ISyntaxNode`1<IN> sly.parser.syntax.tree.SyntaxNode`1::get_Left()
DA:49,9
DA:50,9
DA:51,9
DA:52,9
DA:53,9
DA:54,18
DA:55,18
DA:56,9
DA:58,9
DA:59,9
BRDA:51,11,0,9
BRDA:54,24,0,9
BRDA:54,24,1,9
BRDA:55,39,0,9
BRDA:55,39,1,9
BRDA:51,11,1,9
FN:64,sly.parser.syntax.tree.ISyntaxNode`1<IN> sly.parser.syntax.tree.SyntaxNode`1::get_Right()
FNDA:43,sly.parser.syntax.tree.ISyntaxNode`1<IN> sly.parser.syntax.tree.SyntaxNode`1::get_Right()
DA:65,43
DA:66,43
DA:67,43
DA:68,43
DA:69,43
DA:70,43
DA:71,43
DA:72,0
DA:73,86
DA:74,43
DA:76,43
DA:77,43
BRDA:67,11,0,43
BRDA:70,24,0,43
BRDA:70,24,1,0
BRDA:72,40,0,0
BRDA:72,40,1,43
BRDA:73,52,0,43
BRDA:73,52,1,43
BRDA:67,11,1,43
FN:9,System.Void sly.parser.syntax.tree.SyntaxNode`1::.ctor(System.String,System.Collections.Generic.List`1<sly.parser.syntax.tree.ISyntaxNode`1<IN>>,System.Reflection.MethodInfo)
FNDA:20030,System.Void sly.parser.syntax.tree.SyntaxNode`1::.ctor(System.String,System.Collections.Generic.List`1<sly.parser.syntax.tree.ISyntaxNode`1<IN>>,System.Reflection.MethodInfo)
DA:10,20030
DA:11,20030
DA:12,20030
DA:13,20030
DA:14,20030
DA:15,20030
BRDA:13,33,0,0
BRDA:13,33,1,20030
LF:42
LH:40
BRF:28
BRH:19
FNF:17
FNH:16
end_of_record
SF:C:\Users\olduh\dev\csly\sly\parser\syntax\grammar\ChoiceClause.cs
FN:9,System.Boolean sly.parser.syntax.grammar.ChoiceClause`1::get_IsDiscarded()
FNDA:439,System.Boolean sly.parser.syntax.grammar.ChoiceClause`1::get_IsDiscarded()
DA:10,439
FN:10,System.Boolean sly.parser.syntax.grammar.ChoiceClause`1::get_IsTerminalChoice()
FNDA:5182,System.Boolean sly.parser.syntax.grammar.ChoiceClause`1::get_IsTerminalChoice()
DA:11,5182
BRDA:11,12,0,12
BRDA:11,12,1,701
BRDA:11,48,0,12
BRDA:11,48,1,701
FN:11,System.Boolean sly.parser.syntax.grammar.ChoiceClause`1::get_IsNonTerminalChoice()
FNDA:278,System.Boolean sly.parser.syntax.grammar.ChoiceClause`1::get_IsNonTerminalChoice()
DA:12,278
BRDA:12,12,0,5
BRDA:12,12,1,52
BRDA:12,48,0,5
BRDA:12,48,1,52
FN:13,System.Collections.Generic.List`1<sly.parser.syntax.grammar.IClause`1<T>> sly.parser.syntax.grammar.ChoiceClause`1::get_Choices()
FNDA:3088,System.Collections.Generic.List`1<sly.parser.syntax.grammar.IClause`1<T>> sly.parser.syntax.grammar.ChoiceClause`1::get_Choices()
DA:14,3088
FN:37,System.Boolean sly.parser.syntax.grammar.ChoiceClause`1::MayBeEmpty()
FNDA:30,System.Boolean sly.parser.syntax.grammar.ChoiceClause`1::MayBeEmpty()
DA:38,30
DA:39,30
DA:40,30
FN:14,System.Void sly.parser.syntax.grammar.ChoiceClause`1::.ctor(sly.parser.syntax.grammar.IClause`1<T>)
FNDA:127,System.Void sly.parser.syntax.grammar.ChoiceClause`1::.ctor(sly.parser.syntax.grammar.IClause`1<T>)
DA:15,127
DA:16,127
DA:17,127
DA:18,127
FN:19,System.Void sly.parser.syntax.grammar.ChoiceClause`1::.ctor(System.Collections.Generic.List`1<sly.parser.syntax.grammar.IClause`1<T>>)
FNDA:54,System.Void sly.parser.syntax.grammar.ChoiceClause`1::.ctor(System.Collections.Generic.List`1<sly.parser.syntax.grammar.IClause`1<T>>)
DA:20,54
DA:21,54
DA:22,54
DA:23,54
FN:24,System.Void sly.parser.syntax.grammar.ChoiceClause`1::.ctor(sly.parser.syntax.grammar.IClause`1<T>,System.Collections.Generic.List`1<sly.parser.syntax.grammar.IClause`1<T>>)
FNDA:85,System.Void sly.parser.syntax.grammar.ChoiceClause`1::.ctor(sly.parser.syntax.grammar.IClause`1<T>,System.Collections.Generic.List`1<sly.parser.syntax.grammar.IClause`1<T>>)
DA:25,85
DA:26,85
DA:27,85
DA:28,85
FN:33,System.String sly.parser.syntax.grammar.ChoiceClause`1/<>c::<ToString>b__15_0(sly.parser.syntax.grammar.IClause`1<T>)
FNDA:74,System.String sly.parser.syntax.grammar.ChoiceClause`1/<>c::<ToString>b__15_0(sly.parser.syntax.grammar.IClause`1<T>)
DA:34,74
LF:20
LH:20
BRF:8
BRH:8
FNF:9
FNH:9
end_of_record
SF:C:\Users\olduh\dev\csly\sly\parser\syntax\grammar\ClauseSequence.cs
FN:14,System.Collections.Generic.List`1<sly.parser.syntax.grammar.IClause`1<T>> sly.parser.syntax.grammar.ClauseSequence`1::get_Clauses()
FNDA:4185,System.Collections.Generic.List`1<sly.parser.syntax.grammar.IClause`1<T>> sly.parser.syntax.grammar.ClauseSequence`1::get_Clauses()
DA:15,4185
FN:17,System.Boolean sly.parser.syntax.grammar.ClauseSequence`1::MayBeEmpty()
FNDA:0,System.Boolean sly.parser.syntax.grammar.ClauseSequence`1::MayBeEmpty()
DA:18,0
DA:19,0
DA:20,0
FN:23,System.Void sly.parser.syntax.grammar.ClauseSequence`1::AddRange(System.Collections.Generic.List`1<sly.parser.syntax.grammar.IClause`1<T>>)
FNDA:540,System.Void sly.parser.syntax.grammar.ClauseSequence`1::AddRange(System.Collections.Generic.List`1<sly.parser.syntax.grammar.IClause`1<T>>)
DA:24,540
DA:25,540
DA:26,540
FN:28,System.Void sly.parser.syntax.grammar.ClauseSequence`1::AddRange(sly.parser.syntax.grammar.ClauseSequence`1<T>)
FNDA:540,System.Void sly.parser.syntax.grammar.ClauseSequence`1::AddRange(sly.parser.syntax.grammar.ClauseSequence`1<T>)
DA:29,540
DA:30,540
DA:31,540
FN:8,System.Void sly.parser.syntax.grammar.ClauseSequence`1::.ctor(sly.parser.syntax.grammar.IClause`1<T>)
FNDA:1215,System.Void sly.parser.syntax.grammar.ClauseSequence`1::.ctor(sly.parser.syntax.grammar.IClause`1<T>)
DA:9,1215
DA:10,1215
DA:11,1215
DA:12,1215
DA:13,1215
FN:35,System.String sly.parser.syntax.grammar.ClauseSequence`1/<>c::<Dump>b__8_0(sly.parser.syntax.grammar.IClause`1<T>)
FNDA:0,System.String sly.parser.syntax.grammar.ClauseSequence`1/<>c::<Dump>b__8_0(sly.parser.syntax.grammar.IClause`1<T>)
DA:36,0
LF:16
LH:12
BRF:0
BRH:0
FNF:6
FNH:4
end_of_record
SF:C:\Users\olduh\dev\csly\sly\parser\syntax\grammar\GroupClause.cs
FN:19,System.Collections.Generic.List`1<sly.parser.syntax.grammar.IClause`1<T>> sly.parser.syntax.grammar.GroupClause`1::get_Clauses()
FNDA:332,System.Collections.Generic.List`1<sly.parser.syntax.grammar.IClause`1<T>> sly.parser.syntax.grammar.GroupClause`1::get_Clauses()
DA:20,332
FN:28,System.Void sly.parser.syntax.grammar.GroupClause`1::AddRange(sly.parser.syntax.grammar.GroupClause`1<T>)
FNDA:56,System.Void sly.parser.syntax.grammar.GroupClause`1::AddRange(sly.parser.syntax.grammar.GroupClause`1<T>)
DA:29,56
DA:30,56
DA:31,56
FN:33,System.String sly.parser.syntax.grammar.GroupClause`1::Dump()
FNDA:0,System.String sly.parser.syntax.grammar.GroupClause`1::Dump()
DA:34,0
DA:35,0
DA:36,0
DA:37,0
DA:38,0
DA:39,0
DA:40,0
BRDA:37,32,0,0
BRDA:37,32,1,0
BRDA:37,68,0,0
BRDA:37,68,1,0
FN:9,System.Void sly.parser.syntax.grammar.GroupClause`1::.ctor(sly.parser.syntax.grammar.IClause`1<T>)
FNDA:90,System.Void sly.parser.syntax.grammar.GroupClause`1::.ctor(sly.parser.syntax.grammar.IClause`1<T>)
DA:10,90
DA:11,90
DA:12,90
DA:13,90
FN:14,System.Void sly.parser.syntax.grammar.GroupClause`1::.ctor(sly.parser.syntax.grammar.ChoiceClause`1<T>)
FNDA:21,System.Void sly.parser.syntax.grammar.GroupClause`1::.ctor(sly.parser.syntax.grammar.ChoiceClause`1<T>)
DA:15,21
DA:16,21
DA:17,21
DA:18,21
LF:19
LH:12
BRF:4
BRH:0
FNF:5
FNH:4
end_of_record
SF:C:\Users\olduh\dev\csly\sly\parser\syntax\grammar\ManyClause.cs
FN:4,sly.parser.syntax.grammar.IClause`1<T> sly.parser.syntax.grammar.ManyClause`1::get_Clause()
FNDA:863,sly.parser.syntax.grammar.IClause`1<T> sly.parser.syntax.grammar.ManyClause`1::get_Clause()
DA:5,863
LF:1
LH:1
BRF:0
BRH:0
FNF:1
FNH:1
end_of_record
SF:C:\Users\olduh\dev\csly\sly\parser\syntax\grammar\NonTerminalClause.cs
FN:11,System.String sly.parser.syntax.grammar.NonTerminalClause`1::get_NonTerminalName()
FNDA:73614,System.String sly.parser.syntax.grammar.NonTerminalClause`1::get_NonTerminalName()
DA:12,73614
FN:13,System.Boolean sly.parser.syntax.grammar.NonTerminalClause`1::get_IsGroup()
FNDA:6175,System.Boolean sly.parser.syntax.grammar.NonTerminalClause`1::get_IsGroup()
DA:14,6175
FN:16,System.Boolean sly.parser.syntax.grammar.NonTerminalClause`1::MayBeEmpty()
FNDA:12347,System.Boolean sly.parser.syntax.grammar.NonTerminalClause`1::MayBeEmpty()
DA:17,12347
DA:18,12347
DA:19,12347
FN:6,System.Void sly.parser.syntax.grammar.NonTerminalClause`1::.ctor(System.String)
FNDA:3121,System.Void sly.parser.syntax.grammar.NonTerminalClause`1::.ctor(System.String)
DA:7,3121
DA:8,3121
DA:9,3121
DA:10,3121
LF:9
LH:9
BRF:0
BRH:0
FNF:4
FNH:4
end_of_record
SF:C:\Users\olduh\dev\csly\sly\parser\syntax\grammar\OneOrMoreClause.cs
FN:19,System.Boolean sly.parser.syntax.grammar.OneOrMoreClause`1::MayBeEmpty()
FNDA:18,System.Boolean sly.parser.syntax.grammar.OneOrMoreClause`1::MayBeEmpty()
DA:20,18
DA:21,18
DA:22,18
FN:6,System.Void sly.parser.syntax.grammar.OneOrMoreClause`1::.ctor(sly.parser.syntax.grammar.IClause`1<T>)
FNDA:20,System.Void sly.parser.syntax.grammar.OneOrMoreClause`1::.ctor(sly.parser.syntax.grammar.IClause`1<T>)
DA:7,20
DA:8,20
DA:9,20
DA:10,20
LF:7
LH:7
BRF:0
BRH:0
FNF:2
FNH:2
end_of_record
SF:C:\Users\olduh\dev\csly\sly\parser\syntax\grammar\OptionClause.cs
FN:11,sly.parser.syntax.grammar.IClause`1<T> sly.parser.syntax.grammar.OptionClause`1::get_Clause()
FNDA:293,sly.parser.syntax.grammar.IClause`1<T> sly.parser.syntax.grammar.OptionClause`1::get_Clause()
DA:12,293
FN:13,System.Boolean sly.parser.syntax.grammar.OptionClause`1::get_IsGroupOption()
FNDA:4,System.Boolean sly.parser.syntax.grammar.OptionClause`1::get_IsGroupOption()
DA:14,4
BRDA:14,11,0,4
BRDA:14,11,1,0
FN:16,System.Boolean sly.parser.syntax.grammar.OptionClause`1::MayBeEmpty()
FNDA:22,System.Boolean sly.parser.syntax.grammar.OptionClause`1::MayBeEmpty()
DA:17,22
DA:18,22
DA:19,22
FN:6,System.Void sly.parser.syntax.grammar.OptionClause`1::.ctor(sly.parser.syntax.grammar.IClause`1<T>)
FNDA:42,System.Void sly.parser.syntax.grammar.OptionClause`1::.ctor(sly.parser.syntax.grammar.IClause`1<T>)
DA:7,42
DA:8,42
DA:9,42
DA:10,42
LF:9
LH:9
BRF:2
BRH:1
FNF:4
FNH:4
end_of_record
SF:C:\Users\olduh\dev\csly\sly\parser\syntax\grammar\Rule.cs
FN:17,System.Boolean sly.parser.syntax.grammar.Rule`1::get_IsByPassRule()
FNDA:5734,System.Boolean sly.parser.syntax.grammar.Rule`1::get_IsByPassRule()
DA:18,5734
FN:20,System.Collections.Generic.Dictionary`2<IN,sly.parser.generator.OperationMetaData`1<IN>> sly.parser.syntax.grammar.Rule`1::get_VisitorMethodsForOperation()
FNDA:1087,System.Collections.Generic.Dictionary`2<IN,sly.parser.generator.OperationMetaData`1<IN>> sly.parser.syntax.grammar.Rule`1::get_VisitorMethodsForOperation()
DA:21,1087
FN:23,System.Reflection.MethodInfo sly.parser.syntax.grammar.Rule`1::get_Visitor()
FNDA:29631,System.Reflection.MethodInfo sly.parser.syntax.grammar.Rule`1::get_Visitor()
DA:24,29631
FN:25,System.Boolean sly.parser.syntax.grammar.Rule`1::get_IsExpressionRule()
FNDA:86604,System.Boolean sly.parser.syntax.grammar.Rule`1::get_IsExpressionRule()
DA:26,86604
FN:27,sly.parser.generator.Affix sly.parser.syntax.grammar.Rule`1::get_ExpressionAffix()
FNDA:4924,sly.parser.generator.Affix sly.parser.syntax.grammar.Rule`1::get_ExpressionAffix()
DA:28,4924
FN:29,System.String sly.parser.syntax.grammar.Rule`1::get_RuleString()
FNDA:3688,System.String sly.parser.syntax.grammar.Rule`1::get_RuleString()
DA:30,3688
FN:34,System.String sly.parser.syntax.grammar.Rule`1::get_Key()
FNDA:2993,System.String sly.parser.syntax.grammar.Rule`1::get_Key()
DA:35,2993
DA:36,9177
DA:38,2993
DA:39,979
DA:41,2993
DA:42,2993
BRDA:36,18,0,7
BRDA:36,18,1,2993
BRDA:38,70,0,979
BRDA:38,70,1,2993
BRDA:41,90,0,2993
BRDA:41,90,1,0
FN:44,System.Collections.Generic.List`1<sly.parser.syntax.grammar.IClause`1<IN>> sly.parser.syntax.grammar.Rule`1::get_Clauses()
FNDA:340884,System.Collections.Generic.List`1<sly.parser.syntax.grammar.IClause`1<IN>> sly.parser.syntax.grammar.Rule`1::get_Clauses()
DA:45,340884
FN:45,System.Collections.Generic.List`1<IN> sly.parser.syntax.grammar.Rule`1::get_PossibleLeadingTokens()
FNDA:154985,System.Collections.Generic.List`1<IN> sly.parser.syntax.grammar.Rule`1::get_PossibleLeadingTokens()
DA:46,154985
FN:47,System.String sly.parser.syntax.grammar.Rule`1::get_NonTerminalName()
FNDA:5719,System.String sly.parser.syntax.grammar.Rule`1::get_NonTerminalName()
DA:48,5719
FN:52,System.Boolean sly.parser.syntax.grammar.Rule`1::get_ContainsSubRule()
FNDA:3649,System.Boolean sly.parser.syntax.grammar.Rule`1::get_ContainsSubRule()
DA:53,3649
DA:54,3649
DA:55,25472
DA:56,7336
DA:57,7351
DA:58,7421
DA:59,7253
DA:60,7189
DA:62,3502
DA:63,3649
BRDA:54,7,0,3649
BRDA:54,7,1,0
BRDA:54,25,0,3649
BRDA:55,155,1,7336
BRDA:57,67,0,15
BRDA:57,67,1,7321
BRDA:58,89,0,100
BRDA:58,89,1,7221
BRDA:59,126,0,32
BRDA:59,126,1,7189
BRDA:55,155,0,3502
BRDA:54,25,1,3502
FN:65,System.Boolean sly.parser.syntax.grammar.Rule`1::get_IsSubRule()
FNDA:27758,System.Boolean sly.parser.syntax.grammar.Rule`1::get_IsSubRule()
DA:66,27758
FN:67,System.Boolean sly.parser.syntax.grammar.Rule`1::get_MayBeEmpty()
FNDA:34900,System.Boolean sly.parser.syntax.grammar.Rule`1::get_MayBeEmpty()
DA:68,34900
DA:69,34900
DA:70,34900
BRDA:68,6,0,34900
BRDA:68,19,0,34900
BRDA:68,33,0,9435
BRDA:68,33,1,25465
BRDA:68,6,1,0
BRDA:68,19,1,0
FN:73,sly.parser.generator.OperationMetaData`1<IN> sly.parser.syntax.grammar.Rule`1::GetOperation(IN)
FNDA:180,sly.parser.generator.OperationMetaData`1<IN> sly.parser.syntax.grammar.Rule`1::GetOperation(IN)
DA:74,180
DA:75,180
DA:76,180
DA:77,180
DA:78,180
DA:79,180
DA:80,180
DA:83,0
DA:84,180
BRDA:75,9,0,180
BRDA:77,24,0,0
BRDA:77,24,1,180
BRDA:75,9,1,0
FN:86,System.Collections.Generic.List`1<sly.parser.generator.OperationMetaData`1<IN>> sly.parser.syntax.grammar.Rule`1::GetOperations()
FNDA:193,System.Collections.Generic.List`1<sly.parser.generator.OperationMetaData`1<IN>> sly.parser.syntax.grammar.Rule`1::GetOperations()
DA:87,193
DA:88,193
DA:89,193
DA:90,193
DA:93,0
DA:94,193
BRDA:88,9,0,193
BRDA:88,9,1,0
FN:96,System.Reflection.MethodInfo sly.parser.syntax.grammar.Rule`1::GetVisitor(IN)
FNDA:22230,System.Reflection.MethodInfo sly.parser.syntax.grammar.Rule`1::GetVisitor(IN)
DA:97,22230
DA:98,22230
DA:99,22230
DA:100,180
DA:101,180
DA:102,180
DA:103,180
DA:104,180
DA:105,180
DA:107,22050
DA:108,22050
DA:109,22050
DA:111,22230
DA:112,22230
BRDA:99,11,0,180
BRDA:101,26,0,0
BRDA:101,26,1,180
BRDA:104,45,0,0
BRDA:104,45,1,180
BRDA:99,11,1,22050
FN:114,System.Void sly.parser.syntax.grammar.Rule`1::SetVisitor(System.Reflection.MethodInfo)
FNDA:3668,System.Void sly.parser.syntax.grammar.Rule`1::SetVisitor(System.Reflection.MethodInfo)
DA:115,3668
DA:116,3668
DA:117,3668
FN:119,System.Void sly.parser.syntax.grammar.Rule`1::SetVisitor(sly.parser.generator.OperationMetaData`1<IN>)
FNDA:174,System.Void sly.parser.syntax.grammar.Rule`1::SetVisitor(sly.parser.generator.OperationMetaData`1<IN>)
DA:120,174
DA:121,174
DA:122,174
FN:9,System.Void sly.parser.syntax.grammar.Rule`1::.ctor()
FNDA:3913,System.Void sly.parser.syntax.grammar.Rule`1::.ctor()
DA:10,3913
DA:11,3913
DA:12,3913
DA:13,3913
DA:14,3913
DA:15,3913
DA:16,3913
LF:71
LH:69
BRF:36
BRH:27
FNF:19
FNH:19
end_of_record
SF:C:\Users\olduh\dev\csly\sly\parser\syntax\grammar\TerminalClause.cs
FN:18,T sly.parser.syntax.grammar.TerminalClause`1::get_ExpectedToken()
FNDA:65006,T sly.parser.syntax.grammar.TerminalClause`1::get_ExpectedToken()
DA:19,65006
FN:20,System.Boolean sly.parser.syntax.grammar.TerminalClause`1::get_Discarded()
FNDA:90270,System.Boolean sly.parser.syntax.grammar.TerminalClause`1::get_Discarded()
DA:21,90270
FN:23,System.Boolean sly.parser.syntax.grammar.TerminalClause`1::MayBeEmpty()
FNDA:3840,System.Boolean sly.parser.syntax.grammar.TerminalClause`1::MayBeEmpty()
DA:24,3840
DA:25,3840
DA:26,3840
FN:28,System.Boolean sly.parser.syntax.grammar.TerminalClause`1::Check(sly.lexer.Token`1<T>)
FNDA:40416,System.Boolean sly.parser.syntax.grammar.TerminalClause`1::Check(sly.lexer.Token`1<T>)
DA:29,40416
DA:30,40416
DA:31,40416
FN:42,System.String sly.parser.syntax.grammar.TerminalClause`1::Dump()
FNDA:0,System.String sly.parser.syntax.grammar.TerminalClause`1::Dump()
DA:43,0
DA:44,0
DA:45,0
FN:8,System.Void sly.parser.syntax.grammar.TerminalClause`1::.ctor(T)
FNDA:4888,System.Void sly.parser.syntax.grammar.TerminalClause`1::.ctor(T)
DA:9,4888
DA:10,4888
DA:11,4888
DA:12,4888
FN:13,System.Void sly.parser.syntax.grammar.TerminalClause`1::.ctor(T,System.Boolean)
FNDA:894,System.Void sly.parser.syntax.grammar.TerminalClause`1::.ctor(T,System.Boolean)
DA:14,894
DA:15,894
DA:16,894
DA:17,894
FN:65,System.Boolean sly.parser.syntax.grammar.IndentTerminalClause`1::MayBeEmpty()
FNDA:0,System.Boolean sly.parser.syntax.grammar.IndentTerminalClause`1::MayBeEmpty()
DA:66,0
DA:67,0
DA:68,0
FN:70,System.Boolean sly.parser.syntax.grammar.IndentTerminalClause`1::Check(sly.lexer.Token`1<T>)
FNDA:35,System.Boolean sly.parser.syntax.grammar.IndentTerminalClause`1::Check(sly.lexer.Token`1<T>)
DA:71,35
DA:72,35
DA:73,35
DA:74,35
BRDA:72,7,0,14
BRDA:72,7,1,21
BRDA:72,15,0,21
BRDA:72,23,0,21
BRDA:72,23,1,0
BRDA:72,15,1,14
FN:85,System.String sly.parser.syntax.grammar.IndentTerminalClause`1::Dump()
FNDA:0,System.String sly.parser.syntax.grammar.IndentTerminalClause`1::Dump()
DA:86,0
DA:87,0
DA:88,0
FN:58,System.Void sly.parser.syntax.grammar.IndentTerminalClause`1::.ctor(sly.parser.syntax.grammar.IndentationType,System.Boolean)
FNDA:10,System.Void sly.parser.syntax.grammar.IndentTerminalClause`1::.ctor(sly.parser.syntax.grammar.IndentationType,System.Boolean)
DA:59,10
DA:60,10
DA:61,10
DA:62,10
DA:63,10
LF:34
LH:25
BRF:6
BRH:5
FNF:11
FNH:8
end_of_record
SF:C:\Users\olduh\dev\csly\sly\parser\syntax\grammar\ZeroOrMoreClause.cs
FN:19,System.Boolean sly.parser.syntax.grammar.ZeroOrMoreClause`1::MayBeEmpty()
FNDA:30,System.Boolean sly.parser.syntax.grammar.ZeroOrMoreClause`1::MayBeEmpty()
DA:20,30
DA:21,30
DA:22,30
FN:7,System.Void sly.parser.syntax.grammar.ZeroOrMoreClause`1::.ctor(sly.parser.syntax.grammar.IClause`1<T>)
FNDA:95,System.Void sly.parser.syntax.grammar.ZeroOrMoreClause`1::.ctor(sly.parser.syntax.grammar.IClause`1<T>)
DA:8,95
DA:9,95
DA:10,95
DA:11,95
LF:7
LH:7
BRF:0
BRH:0
FNF:2
FNH:2
end_of_record
SF:C:\Users\olduh\dev\csly\sly\parser\parser\llparser\EBNFRecursiveDescentSyntaxParser.cs
FN:21,System.Void sly.parser.llparser.EBNFRecursiveDescentSyntaxParser`2::InitStartingTokensForRuleExtensions(sly.parser.syntax.grammar.IClause`1<IN>,sly.parser.syntax.grammar.Rule`1<IN>,System.Collections.Generic.Dictionary`2<System.String,sly.parser.generator.NonTerminal`1<IN>>)
FNDA:61,System.Void sly.parser.llparser.EBNFRecursiveDescentSyntaxParser`2::InitStartingTokensForRuleExtensions(sly.parser.syntax.grammar.IClause`1<IN>,sly.parser.syntax.grammar.Rule`1<IN>,System.Collections.Generic.Dictionary`2<System.String,sly.parser.generator.NonTerminal`1<IN>>)
DA:22,61
DA:24,61
DA:25,0
DA:26,0
DA:28,0
DA:29,0
DA:30,61
DA:31,0
DA:32,0
DA:33,0
DA:34,0
DA:35,61
DA:36,20
DA:37,20
DA:38,20
DA:39,20
DA:40,24
DA:41,4
DA:42,4
DA:44,4
DA:47,2
DA:48,2
DA:49,2
DA:52,0
DA:53,0
DA:54,0
DA:55,0
DA:56,0
DA:57,0
DA:58,0
DA:61,0
DA:62,0
DA:63,0
DA:66,0
DA:67,0
DA:68,0
DA:73,4
DA:74,4
DA:75,4
DA:76,20
DA:77,41
DA:78,18
DA:79,18
DA:80,18
DA:81,18
DA:82,23
DA:83,20
DA:84,20
DA:85,20
DA:86,3
DA:87,3
DA:88,3
DA:89,3
DA:90,3
DA:91,8
DA:92,5
DA:93,5
DA:95,5
DA:98,1
DA:99,1
DA:100,1
DA:103,0
DA:104,0
DA:105,0
DA:106,0
DA:107,0
DA:108,0
DA:109,0
DA:112,1
DA:113,1
DA:114,1
DA:117,3
DA:118,3
DA:119,3
DA:122,0
DA:123,0
DA:124,0
DA:127,0
DA:128,0
DA:129,0
DA:134,5
DA:135,5
DA:136,5
DA:137,3
DA:138,61
BRDA:24,12,0,0
BRDA:24,12,1,61
BRDA:30,48,0,0
BRDA:30,48,1,61
BRDA:35,91,0,20
BRDA:40,362,1,4
BRDA:44,154,0,2
BRDA:44,167,0,2
BRDA:44,180,0,2
BRDA:44,154,1,2
BRDA:44,167,1,0
BRDA:44,180,1,0
BRDA:44,193,1,0
BRDA:44,193,0,4
BRDA:73,316,0,3
BRDA:73,316,1,1
BRDA:40,362,0,20
BRDA:35,91,1,41
BRDA:77,386,0,18
BRDA:77,386,1,23
BRDA:82,431,0,20
BRDA:82,431,1,3
BRDA:86,468,0,3
BRDA:91,812,1,5
BRDA:95,531,0,4
BRDA:95,544,0,4
BRDA:95,557,0,3
BRDA:95,573,0,0
BRDA:95,589,0,0
BRDA:95,531,1,1
BRDA:95,544,1,0
BRDA:95,557,1,1
BRDA:95,573,1,3
BRDA:95,589,1,0
BRDA:95,605,1,0
BRDA:95,605,0,5
BRDA:134,766,0,5
BRDA:134,766,1,0
BRDA:91,812,0,3
BRDA:86,468,1,61
FN:141,System.Void sly.parser.llparser.EBNFRecursiveDescentSyntaxParser`2::InitStartingTokensWithOption(sly.parser.syntax.grammar.Rule`1<IN>,sly.parser.syntax.grammar.OptionClause`1<IN>,System.Collections.Generic.Dictionary`2<System.String,sly.parser.generator.NonTerminal`1<IN>>)
FNDA:6,System.Void sly.parser.llparser.EBNFRecursiveDescentSyntaxParser`2::InitStartingTokensWithOption(sly.parser.syntax.grammar.Rule`1<IN>,sly.parser.syntax.grammar.OptionClause`1<IN>,System.Collections.Generic.Dictionary`2<System.String,sly.parser.generator.NonTerminal`1<IN>>)
DA:142,6
DA:143,6
DA:144,2
DA:145,2
DA:146,2
DA:147,4
DA:148,1
DA:149,1
DA:150,1
DA:151,3
DA:152,2
DA:153,2
DA:154,2
DA:155,1
DA:156,1
DA:158,1
DA:160,6
BRDA:143,19,0,2
BRDA:143,19,1,4
BRDA:147,52,0,1
BRDA:147,52,1,3
BRDA:151,90,0,2
BRDA:151,90,1,1
BRDA:155,129,0,1
BRDA:155,129,1,6
FN:162,System.Void sly.parser.llparser.EBNFRecursiveDescentSyntaxParser`2::InitStartingTokensWithChoice(sly.parser.syntax.grammar.Rule`1<IN>,sly.parser.syntax.grammar.ChoiceClause`1<IN>,System.Collections.Generic.Dictionary`2<System.String,sly.parser.generator.NonTerminal`1<IN>>)
FNDA:26,System.Void sly.parser.llparser.EBNFRecursiveDescentSyntaxParser`2::InitStartingTokensWithChoice(sly.parser.syntax.grammar.Rule`1<IN>,sly.parser.syntax.grammar.ChoiceClause`1<IN>,System.Collections.Generic.Dictionary`2<System.String,sly.parser.generator.NonTerminal`1<IN>>)
DA:163,26
DA:164,204
DA:165,63
DA:166,63
DA:167,47
DA:168,47
DA:169,47
DA:170,16
DA:171,16
DA:172,16
DA:173,16
DA:174,63
DA:175,26
BRDA:164,93,1,63
BRDA:166,38,0,47
BRDA:166,38,1,16
BRDA:170,70,0,16
BRDA:170,70,1,63
BRDA:164,93,0,26
FN:178,System.Void sly.parser.llparser.EBNFRecursiveDescentSyntaxParser`2::InitStartingTokensWithTerminal(sly.parser.syntax.grammar.Rule`1<IN>,sly.parser.syntax.grammar.TerminalClause`1<IN>)
FNDA:66,System.Void sly.parser.llparser.EBNFRecursiveDescentSyntaxParser`2::InitStartingTokensWithTerminal(sly.parser.syntax.grammar.Rule`1<IN>,sly.parser.syntax.grammar.TerminalClause`1<IN>)
DA:179,66
DA:180,66
DA:181,66
DA:182,66
FN:185,System.Void sly.parser.llparser.EBNFRecursiveDescentSyntaxParser`2::InitStartingTokensWithNonTerminal(sly.parser.syntax.grammar.Rule`1<IN>,sly.parser.syntax.grammar.NonTerminalClause`1<IN>,System.Collections.Generic.Dictionary`2<System.String,sly.parser.generator.NonTerminal`1<IN>>)
FNDA:35,System.Void sly.parser.llparser.EBNFRecursiveDescentSyntaxParser`2::InitStartingTokensWithNonTerminal(sly.parser.syntax.grammar.Rule`1<IN>,sly.parser.syntax.grammar.NonTerminalClause`1<IN>,System.Collections.Generic.Dictionary`2<System.String,sly.parser.generator.NonTerminal`1<IN>>)
DA:186,35
DA:187,35
DA:188,35
DA:189,35
DA:190,35
DA:191,182
DA:192,35
DA:193,35
DA:194,35
BRDA:188,42,0,35
BRDA:188,42,1,35
FN:197,System.Void sly.parser.llparser.EBNFRecursiveDescentSyntaxParser`2::InitStartingTokensWithZeroOrMore(sly.parser.syntax.grammar.Rule`1<IN>,sly.parser.syntax.grammar.ZeroOrMoreClause`1<IN>,System.Collections.Generic.Dictionary`2<System.String,sly.parser.generator.NonTerminal`1<IN>>)
FNDA:20,System.Void sly.parser.llparser.EBNFRecursiveDescentSyntaxParser`2::InitStartingTokensWithZeroOrMore(sly.parser.syntax.grammar.Rule`1<IN>,sly.parser.syntax.grammar.ZeroOrMoreClause`1<IN>,System.Collections.Generic.Dictionary`2<System.String,sly.parser.generator.NonTerminal`1<IN>>)
DA:198,20
DA:199,20
DA:200,9
DA:201,9
DA:202,9
DA:203,11
DA:204,10
DA:205,10
DA:206,10
DA:207,1
DA:208,1
DA:209,1
DA:210,1
DA:211,20
BRDA:199,19,0,9
BRDA:199,19,1,11
BRDA:203,52,0,10
BRDA:203,52,1,1
BRDA:207,90,0,1
BRDA:207,90,1,20
FN:214,System.Void sly.parser.llparser.EBNFRecursiveDescentSyntaxParser`2::InitStartingTokensWithOneOrMore(sly.parser.syntax.grammar.Rule`1<IN>,sly.parser.syntax.grammar.OneOrMoreClause`1<IN>,System.Collections.Generic.Dictionary`2<System.String,sly.parser.generator.NonTerminal`1<IN>>)
FNDA:18,System.Void sly.parser.llparser.EBNFRecursiveDescentSyntaxParser`2::InitStartingTokensWithOneOrMore(sly.parser.syntax.grammar.Rule`1<IN>,sly.parser.syntax.grammar.OneOrMoreClause`1<IN>,System.Collections.Generic.Dictionary`2<System.String,sly.parser.generator.NonTerminal`1<IN>>)
DA:215,18
DA:216,18
DA:217,8
DA:218,8
DA:219,8
DA:220,10
DA:221,8
DA:222,8
DA:223,8
DA:224,2
DA:225,2
DA:226,2
DA:227,2
DA:228,18
BRDA:216,19,0,8
BRDA:216,19,1,10
BRDA:220,52,0,8
BRDA:220,52,1,2
BRDA:224,90,0,2
BRDA:224,90,1,18
FN:235,sly.parser.SyntaxParseResult`1<IN> sly.parser.llparser.EBNFRecursiveDescentSyntaxParser`2::Parse(System.Collections.Generic.IList`1<sly.lexer.Token`1<IN>>,sly.parser.syntax.grammar.Rule`1<IN>,System.Int32,System.String)
FNDA:5620,sly.parser.SyntaxParseResult`1<IN> sly.parser.llparser.EBNFRecursiveDescentSyntaxParser`2::Parse(System.Collections.Generic.IList`1<sly.lexer.Token`1<IN>>,sly.parser.syntax.grammar.Rule`1<IN>,System.Int32,System.String)
DA:236,5620
DA:237,5620
DA:238,5620
DA:239,5620
DA:240,5620
DA:241,5620
DA:242,5620
DA:243,5620
DA:244,5620
DA:245,30769
DA:246,7479
DA:247,7479
DA:248,2578
DA:249,2578
DA:250,2578
DA:251,2578
DA:252,1978
DA:253,1978
DA:254,1978
DA:255,1978
DA:257,600
DA:258,600
DA:259,600
DA:260,600
DA:261,600
DA:263,2578
DA:264,2578
DA:265,4901
DA:266,4222
DA:267,4222
DA:268,4222
DA:269,4222
DA:270,4180
DA:271,4180
DA:272,4180
DA:273,4180
DA:274,4180
DA:276,42
DA:277,42
DA:278,42
DA:280,4222
DA:281,4222
DA:282,679
DA:283,78
DA:284,78
DA:285,78
DA:286,11
DA:287,67
DA:288,67
DA:289,78
DA:290,78
DA:291,78
DA:292,78
DA:293,78
DA:294,78
DA:296,0
DA:297,0
DA:298,0
DA:299,0
DA:301,78
DA:302,78
DA:303,601
DA:304,29
DA:305,29
DA:306,29
DA:307,29
DA:308,29
DA:309,572
DA:310,572
DA:311,572
DA:312,572
DA:313,572
DA:314,407
DA:315,407
DA:316,407
DA:318,572
DA:320,572
DA:321,572
DA:323,8528
DA:324,6430
DA:325,5620
DA:327,5620
DA:328,5620
DA:329,5620
DA:330,5620
DA:331,5620
DA:332,4571
DA:333,4571
DA:334,4571
DA:335,17
DA:336,17
DA:337,17
DA:338,17
DA:339,17
DA:340,17
DA:341,17
DA:342,17
DA:344,4554
DA:345,4554
DA:346,4554
DA:347,4554
DA:348,4554
DA:349,4554
DA:350,4554
DA:351,4554
DA:352,4554
DA:353,4571
DA:355,5620
DA:356,5620
BRDA:241,40,0,8
BRDA:241,40,1,5612
BRDA:241,55,0,5620
BRDA:242,66,0,5620
BRDA:242,66,1,0
BRDA:242,89,0,5620
BRDA:245,825,1,7479
BRDA:247,148,0,2578
BRDA:251,180,0,1978
BRDA:251,180,1,600
BRDA:263,265,0,2578
BRDA:263,265,1,0
BRDA:247,148,1,4901
BRDA:265,298,0,4222
BRDA:269,332,0,4180
BRDA:269,332,1,42
BRDA:280,391,0,4222
BRDA:280,391,1,0
BRDA:265,298,1,679
BRDA:282,417,0,668
BRDA:282,417,1,11
BRDA:282,436,0,78
BRDA:285,463,0,11
BRDA:285,463,1,67
BRDA:287,497,0,67
BRDA:287,497,1,78
BRDA:289,525,0,78
BRDA:289,525,1,0
BRDA:297,575,0,0
BRDA:297,575,1,0
BRDA:297,599,0,0
BRDA:297,599,1,0
BRDA:282,436,1,601
BRDA:303,648,0,29
BRDA:303,648,1,572
BRDA:309,707,0,572
BRDA:313,737,0,407
BRDA:313,746,0,407
BRDA:313,737,1,165
BRDA:313,746,1,165
BRDA:313,767,0,407
BRDA:313,767,1,572
BRDA:309,707,1,7479
BRDA:323,813,1,6430
BRDA:323,813,0,5620
BRDA:245,825,0,5620
BRDA:241,55,1,5620
BRDA:242,89,1,5620
BRDA:331,890,0,4571
BRDA:334,909,0,17
BRDA:339,954,0,10
BRDA:339,965,0,1
BRDA:339,965,1,9
BRDA:339,954,1,7
BRDA:334,909,1,4554
BRDA:349,1059,0,3748
BRDA:349,1070,0,691
BRDA:349,1070,1,3057
BRDA:349,1059,1,806
BRDA:331,890,1,5620
FN:359,sly.parser.SyntaxParseResult`1<IN> sly.parser.llparser.EBNFRecursiveDescentSyntaxParser`2::ParseZeroOrMore(System.Collections.Generic.IList`1<sly.lexer.Token`1<IN>>,sly.parser.syntax.grammar.ZeroOrMoreClause`1<IN>,System.Int32)
FNDA:78,sly.parser.SyntaxParseResult`1<IN> sly.parser.llparser.EBNFRecursiveDescentSyntaxParser`2::ParseZeroOrMore(System.Collections.Generic.IList`1<sly.lexer.Token`1<IN>>,sly.parser.syntax.grammar.ZeroOrMoreClause`1<IN>,System.Int32)
DA:360,78
DA:361,78
DA:362,78
DA:363,78
DA:364,78
DA:365,78
DA:368,78
DA:370,78
DA:372,274
DA:373,196
DA:374,196
DA:375,196
DA:376,17
DA:377,17
DA:378,17
DA:379,17
DA:380,179
DA:381,165
DA:382,165
DA:383,165
DA:384,14
DA:386,151
DA:387,165
DA:388,14
DA:389,0
DA:390,0
DA:391,0
DA:392,0
DA:393,14
DA:394,14
DA:395,14
DA:396,14
DA:397,14
DA:398,14
DA:400,0
DA:401,0
DA:404,196
DA:405,118
DA:406,118
DA:407,118
DA:408,118
DA:409,118
DA:411,78
DA:412,78
DA:413,78
DA:414,78
DA:415,78
DA:416,78
DA:418,196
DA:419,196
DA:422,78
DA:423,78
DA:424,78
DA:425,78
DA:426,78
DA:427,78
DA:428,78
BRDA:372,415,1,196
BRDA:375,66,0,17
BRDA:375,66,1,179
BRDA:380,112,0,165
BRDA:383,138,0,14
BRDA:383,138,1,151
BRDA:380,112,1,14
BRDA:388,177,0,0
BRDA:388,177,1,14
BRDA:393,224,0,14
BRDA:393,224,1,0
BRDA:404,300,0,196
BRDA:404,300,1,0
BRDA:404,319,0,118
BRDA:404,319,1,78
BRDA:412,361,0,78
BRDA:412,361,1,78
BRDA:418,383,0,196
BRDA:418,392,0,118
BRDA:418,383,1,78
BRDA:418,392,1,78
BRDA:372,415,0,78
BRDA:426,456,0,59
BRDA:426,456,1,19
FN:430,sly.parser.SyntaxParseResult`1<IN> sly.parser.llparser.EBNFRecursiveDescentSyntaxParser`2::ParseOneOrMore(System.Collections.Generic.IList`1<sly.lexer.Token`1<IN>>,sly.parser.syntax.grammar.OneOrMoreClause`1<IN>,System.Int32)
FNDA:11,sly.parser.SyntaxParseResult`1<IN> sly.parser.llparser.EBNFRecursiveDescentSyntaxParser`2::ParseOneOrMore(System.Collections.Generic.IList`1<sly.lexer.Token`1<IN>>,sly.parser.syntax.grammar.OneOrMoreClause`1<IN>,System.Int32)
DA:431,11
DA:432,11
DA:433,11
DA:434,11
DA:435,11
DA:438,11
DA:440,11
DA:441,11
DA:442,5
DA:443,5
DA:444,5
DA:445,5
DA:446,6
DA:447,1
DA:448,1
DA:449,1
DA:450,1
DA:451,5
DA:452,5
DA:453,5
DA:454,5
DA:455,5
DA:456,5
DA:458,0
DA:459,0
DA:462,11
DA:463,11
DA:464,11
DA:465,11
DA:466,11
DA:467,11
DA:468,11
DA:469,11
DA:470,11
DA:471,11
DA:472,11
DA:473,11
DA:474,11
DA:476,11
DA:477,11
DA:480,0
DA:481,0
DA:482,0
DA:484,11
DA:485,11
DA:486,11
DA:487,11
DA:488,11
DA:489,11
BRDA:441,46,0,5
BRDA:441,46,1,6
BRDA:446,92,0,1
BRDA:446,92,1,5
BRDA:451,139,0,5
BRDA:451,139,1,0
BRDA:462,215,0,11
BRDA:462,215,1,0
BRDA:462,234,0,11
BRDA:469,285,0,11
BRDA:469,285,1,0
BRDA:469,304,0,11
BRDA:469,304,1,11
BRDA:462,234,1,0
BRDA:487,388,0,11
BRDA:487,388,1,0
FN:492,sly.parser.SyntaxParseResult`1<IN> sly.parser.llparser.EBNFRecursiveDescentSyntaxParser`2::ParseOption(System.Collections.Generic.IList`1<sly.lexer.Token`1<IN>>,sly.parser.syntax.grammar.OptionClause`1<IN>,sly.parser.syntax.grammar.Rule`1<IN>,System.Int32)
FNDA:29,sly.parser.SyntaxParseResult`1<IN> sly.parser.llparser.EBNFRecursiveDescentSyntaxParser`2::ParseOption(System.Collections.Generic.IList`1<sly.lexer.Token`1<IN>>,sly.parser.syntax.grammar.OptionClause`1<IN>,sly.parser.syntax.grammar.Rule`1<IN>,System.Int32)
DA:493,29
DA:494,29
DA:495,29
DA:496,29
DA:498,29
DA:501,29
DA:502,14
DA:503,15
DA:504,8
DA:505,7
DA:506,7
DA:507,7
DA:508,7
DA:511,0
DA:514,29
DA:515,7
DA:516,7
DA:517,2
DA:518,2
DA:519,2
DA:520,2
DA:521,2
DA:522,2
DA:523,5
DA:524,1
DA:525,1
DA:526,1
DA:527,1
DA:528,1
DA:529,1
DA:530,1
DA:531,1
DA:532,1
DA:534,4
DA:535,4
DA:536,4
DA:537,4
DA:538,8
DA:539,4
DA:540,4
DA:541,4
DA:542,4
DA:543,4
DA:544,7
DA:546,22
DA:547,22
DA:549,22
DA:550,22
DA:551,22
DA:552,22
DA:553,22
DA:555,29
DA:556,29
BRDA:501,36,0,14
BRDA:501,36,1,15
BRDA:503,68,0,8
BRDA:503,68,1,7
BRDA:505,100,0,7
BRDA:505,100,1,0
BRDA:514,154,0,7
BRDA:516,173,0,2
BRDA:516,173,1,5
BRDA:523,240,0,1
BRDA:525,254,0,1
BRDA:525,254,1,1
BRDA:523,240,1,4
BRDA:538,347,0,4
BRDA:538,347,1,4
BRDA:514,154,1,22
FN:559,sly.parser.SyntaxParseResult`1<IN> sly.parser.llparser.EBNFRecursiveDescentSyntaxParser`2::ParseChoice(System.Collections.Generic.IList`1<sly.lexer.Token`1<IN>>,sly.parser.syntax.grammar.ChoiceClause`1<IN>,System.Int32)
FNDA:598,sly.parser.SyntaxParseResult`1<IN> sly.parser.llparser.EBNFRecursiveDescentSyntaxParser`2::ParseChoice(System.Collections.Generic.IList`1<sly.lexer.Token`1<IN>>,sly.parser.syntax.grammar.ChoiceClause`1<IN>,System.Int32)
DA:560,598
DA:561,598
DA:563,598
DA:564,598
DA:565,598
DA:566,598
DA:567,598
DA:568,598
DA:571,5769
DA:572,2079
DA:573,2079
DA:574,2020
DA:575,2020
DA:576,2020
DA:577,59
DA:578,59
DA:580,0
DA:581,2079
DA:582,183
DA:583,183
DA:584,1
DA:585,1
DA:586,1
DA:587,1
DA:589,183
DA:591,1896
DA:593,415
DA:594,405
DA:595,405
DA:596,2129
DA:597,405
DA:598,405
DA:600,415
DA:601,598
BRDA:571,251,1,2079
BRDA:573,77,0,2020
BRDA:573,77,1,59
BRDA:577,111,0,59
BRDA:577,111,1,0
BRDA:581,163,0,183
BRDA:583,172,0,158
BRDA:583,180,0,1
BRDA:583,172,1,182
BRDA:583,180,1,182
BRDA:583,207,0,1
BRDA:583,207,1,183
BRDA:581,163,1,1896
BRDA:571,251,0,415
BRDA:593,279,0,415
BRDA:593,279,1,0
BRDA:593,294,0,405
BRDA:596,318,0,7
BRDA:596,318,1,405
BRDA:593,294,1,415
FN:13,System.Void sly.parser.llparser.EBNFRecursiveDescentSyntaxParser`2::.ctor(sly.parser.generator.ParserConfiguration`2<IN,OUT>,System.String,System.String)
FNDA:91,System.Void sly.parser.llparser.EBNFRecursiveDescentSyntaxParser`2::.ctor(sly.parser.generator.ParserConfiguration`2<IN,OUT>,System.String,System.String)
DA:14,91
DA:15,91
DA:16,91
LF:461
LH:410
BRF:204
BRH:174
FNF:13
FNH:13
end_of_record
SF:C:\Users\olduh\dev\csly\sly\parser\parser\llparser\RecursiveDescentSyntaxParser.cs
FN:20,sly.parser.generator.ParserConfiguration`2<IN,OUT> sly.parser.llparser.RecursiveDescentSyntaxParser`2::get_Configuration()
FNDA:18013,sly.parser.generator.ParserConfiguration`2<IN,OUT> sly.parser.llparser.RecursiveDescentSyntaxParser`2::get_Configuration()
DA:21,18013
FN:21,System.String sly.parser.llparser.RecursiveDescentSyntaxParser`2::get_StartingNonTerminal()
FNDA:1730,System.String sly.parser.llparser.RecursiveDescentSyntaxParser`2::get_StartingNonTerminal()
DA:22,1730
FN:23,System.String sly.parser.llparser.RecursiveDescentSyntaxParser`2::get_I18n()
FNDA:13608,System.String sly.parser.llparser.RecursiveDescentSyntaxParser`2::get_I18n()
DA:24,13608
FN:26,sly.parser.generator.ParserConfiguration`2<IN,OUT> sly.parser.llparser.RecursiveDescentSyntaxParser`2::ComputeSubRules(sly.parser.generator.ParserConfiguration`2<IN,OUT>)
FNDA:237,sly.parser.generator.ParserConfiguration`2<IN,OUT> sly.parser.llparser.RecursiveDescentSyntaxParser`2::ComputeSubRules(sly.parser.generator.ParserConfiguration`2<IN,OUT>)
DA:27,237
DA:28,237
DA:29,3329
DA:30,11225
DA:31,3649
DA:32,3649
DA:33,3649
DA:34,50
DA:35,382
DA:36,116
DA:37,15
DA:38,15
DA:39,15
DA:40,15
DA:41,15
DA:42,15
DA:43,15
DA:44,101
DA:45,23
DA:46,23
DA:47,23
DA:48,23
DA:49,23
DA:50,23
DA:51,23
DA:52,23
DA:53,23
DA:54,23
DA:55,23
DA:56,78
DA:57,14
DA:58,14
DA:59,14
DA:60,14
DA:61,14
DA:62,14
DA:63,14
DA:64,14
DA:65,14
DA:66,14
DA:67,14
DA:69,64
DA:70,64
DA:71,64
DA:73,50
DA:74,50
DA:75,50
DA:76,3649
DA:78,289
DA:79,237
DA:80,237
BRDA:29,551,1,1309
BRDA:30,522,1,3649
BRDA:33,104,0,50
BRDA:35,463,1,116
BRDA:36,157,0,15
BRDA:36,157,1,101
BRDA:44,236,0,23
BRDA:46,262,0,23
BRDA:46,262,1,23
BRDA:44,236,1,78
BRDA:56,349,0,14
BRDA:58,375,0,14
BRDA:58,375,1,14
BRDA:56,349,1,64
BRDA:35,463,0,50
BRDA:33,104,1,3649
BRDA:30,522,0,1309
BRDA:29,551,0,237
FN:82,sly.parser.generator.NonTerminal`1<IN> sly.parser.llparser.RecursiveDescentSyntaxParser`2::CreateSubRule(sly.parser.syntax.grammar.GroupClause`1<IN>)
FNDA:52,sly.parser.generator.NonTerminal`1<IN> sly.parser.llparser.RecursiveDescentSyntaxParser`2::CreateSubRule(sly.parser.syntax.grammar.GroupClause`1<IN>)
DA:83,52
DA:84,158
DA:85,106
DA:86,52
DA:87,52
DA:88,52
DA:89,52
DA:90,52
DA:91,52
DA:93,52
DA:94,52
BRDA:84,18,0,6
BRDA:84,18,1,52
BRDA:84,54,0,6
BRDA:84,54,1,52
FN:98,System.Void sly.parser.llparser.RecursiveDescentSyntaxParser`2::InitializeStartingTokens(sly.parser.generator.ParserConfiguration`2<IN,OUT>,System.String)
FNDA:473,System.Void sly.parser.llparser.RecursiveDescentSyntaxParser`2::InitializeStartingTokens(sly.parser.generator.ParserConfiguration`2<IN,OUT>,System.String)
DA:99,473
DA:100,473
DA:103,473
DA:104,6997
DA:105,2789
DA:106,23493
DA:107,7563
DA:108,7563
DA:109,910
DA:110,7563
DA:111,2789
DA:112,473
BRDA:104,144,1,2789
BRDA:106,117,1,7563
BRDA:108,73,0,6653
BRDA:108,73,1,910
BRDA:108,97,0,910
BRDA:108,97,1,7563
BRDA:106,117,0,2789
BRDA:104,144,0,473
FN:115,System.Void sly.parser.llparser.RecursiveDescentSyntaxParser`2::InitStartingTokensForNonTerminal(System.Collections.Generic.Dictionary`2<System.String,sly.parser.generator.NonTerminal`1<IN>>,System.String)
FNDA:2099,System.Void sly.parser.llparser.RecursiveDescentSyntaxParser`2::InitStartingTokensForNonTerminal(System.Collections.Generic.Dictionary`2<System.String,sly.parser.generator.NonTerminal`1<IN>>,System.String)
DA:116,2099
DA:117,2099
DA:118,2075
DA:119,2075
DA:120,8330
DA:121,2075
DA:122,2099
BRDA:117,35,0,2075
BRDA:117,35,1,2099
FN:125,System.Void sly.parser.llparser.RecursiveDescentSyntaxParser`2::InitStartingTokensForRule(System.Collections.Generic.Dictionary`2<System.String,sly.parser.generator.NonTerminal`1<IN>>,sly.parser.syntax.grammar.Rule`1<IN>)
FNDA:7165,System.Void sly.parser.llparser.RecursiveDescentSyntaxParser`2::InitStartingTokensForRule(System.Collections.Generic.Dictionary`2<System.String,sly.parser.generator.NonTerminal`1<IN>>,sly.parser.syntax.grammar.Rule`1<IN>)
DA:126,7165
DA:127,7165
DA:128,3878
DA:129,3878
DA:130,3878
DA:131,3878
DA:132,3878
DA:133,3878
DA:134,2226
DA:135,2226
DA:136,2226
DA:137,2226
DA:138,1652
DA:139,1591
DA:140,1591
DA:141,1591
DA:142,1591
DA:143,1591
DA:144,1591
DA:145,5635
DA:146,5635
DA:147,7226
DA:148,1591
DA:149,1591
DA:150,1591
DA:152,61
DA:153,61
DA:154,61
DA:155,3878
DA:156,3878
DA:157,7165
BRDA:127,25,0,3287
BRDA:127,25,1,3878
BRDA:127,51,0,3878
BRDA:130,95,0,3878
BRDA:133,136,0,2226
BRDA:133,136,1,1652
BRDA:138,219,0,1591
BRDA:141,254,0,1591
BRDA:141,254,1,1591
BRDA:138,219,1,61
BRDA:130,95,1,3878
BRDA:127,51,1,7165
FN:160,System.Void sly.parser.llparser.RecursiveDescentSyntaxParser`2::InitStartingTokensForRuleExtensions(sly.parser.syntax.grammar.IClause`1<IN>,sly.parser.syntax.grammar.Rule`1<IN>,System.Collections.Generic.Dictionary`2<System.String,sly.parser.generator.NonTerminal`1<IN>>)
FNDA:0,System.Void sly.parser.llparser.RecursiveDescentSyntaxParser`2::InitStartingTokensForRuleExtensions(sly.parser.syntax.grammar.IClause`1<IN>,sly.parser.syntax.grammar.Rule`1<IN>,System.Collections.Generic.Dictionary`2<System.String,sly.parser.generator.NonTerminal`1<IN>>)
DA:161,0
DA:162,0
FN:168,sly.parser.SyntaxParseResult`1<IN> sly.parser.llparser.RecursiveDescentSyntaxParser`2::Parse(System.Collections.Generic.IList`1<sly.lexer.Token`1<IN>>,System.String)
FNDA:830,sly.parser.SyntaxParseResult`1<IN> sly.parser.llparser.RecursiveDescentSyntaxParser`2::Parse(System.Collections.Generic.IList`1<sly.lexer.Token`1<IN>>,System.String)
DA:169,830
DA:170,830
DA:171,830
DA:172,830
DA:173,830
DA:175,1722
DA:177,830
DA:178,1
DA:179,1
DA:180,1
DA:182,830
DA:183,4236
DA:184,873
DA:185,873
DA:186,873
DA:187,873
DA:189,830
DA:192,830
DA:193,829
DA:194,1686
DA:196,829
DA:197,10
DA:198,22
DA:199,10
DA:200,22
DA:204,10
DA:205,10
DA:206,20
DA:207,20
DA:208,10
DA:209,0
DA:210,0
DA:211,0
DA:212,10
DA:213,829
DA:215,830
DA:216,11
DA:217,11
DA:218,11
DA:220,11
DA:221,11
DA:222,63
DA:223,63
DA:224,11
DA:225,11
DA:226,11
DA:228,0
DA:229,0
DA:230,0
DA:232,11
DA:233,11
DA:235,830
DA:236,830
BRDA:170,16,0,785
BRDA:170,16,1,830
BRDA:177,101,0,1
BRDA:177,101,1,830
BRDA:183,216,1,873
BRDA:183,216,0,830
BRDA:192,252,0,829
BRDA:194,266,0,41
BRDA:194,266,1,829
BRDA:196,307,0,10
BRDA:198,328,0,7
BRDA:198,328,1,10
BRDA:208,444,0,0
BRDA:208,444,1,10
BRDA:196,307,1,829
BRDA:192,252,1,830
BRDA:215,500,0,11
BRDA:220,543,0,11
BRDA:222,567,0,7
BRDA:222,567,1,11
BRDA:220,543,1,0
BRDA:215,500,1,830
BRDA:194,6,0,819
BRDA:194,6,1,38
BRDA:175,17,0,892
BRDA:175,17,1,0
BRDA:206,12,0,10
BRDA:206,12,1,10
FN:240,sly.parser.SyntaxParseResult`1<IN> sly.parser.llparser.RecursiveDescentSyntaxParser`2::Parse(System.Collections.Generic.IList`1<sly.lexer.Token`1<IN>>,sly.parser.syntax.grammar.Rule`1<IN>,System.Int32,System.String)
FNDA:27604,sly.parser.SyntaxParseResult`1<IN> sly.parser.llparser.RecursiveDescentSyntaxParser`2::Parse(System.Collections.Generic.IList`1<sly.lexer.Token`1<IN>>,sly.parser.syntax.grammar.Rule`1<IN>,System.Int32,System.String)
DA:241,27604
DA:242,27604
DA:243,27604
DA:244,27604
DA:245,27604
DA:246,27604
DA:247,27604
DA:248,27604
DA:249,27604
DA:250,166700
DA:251,48074
DA:252,48074
DA:253,35817
DA:254,35817
DA:255,35817
DA:256,24694
DA:257,24694
DA:258,24694
DA:259,24694
DA:261,11123
DA:262,11123
DA:263,11123
DA:264,11123
DA:265,11123
DA:267,35817
DA:268,35817
DA:269,12257
DA:270,12254
DA:271,12254
DA:272,12254
DA:273,12254
DA:274,11117
DA:275,11117
DA:276,11117
DA:277,11117
DA:278,8636
DA:279,11117
DA:281,1137
DA:282,1137
DA:283,1137
DA:285,12254
DA:286,12254
DA:288,60334
DA:289,35814
DA:290,27604
DA:292,27604
DA:293,27604
DA:294,27604
DA:295,27604
DA:296,27604
DA:297,15344
DA:298,15344
DA:299,15344
DA:300,0
DA:302,15344
DA:303,15344
DA:304,15344
DA:305,8
DA:306,15344
DA:307,15344
DA:308,15344
DA:309,15344
DA:311,15344
DA:314,27604
DA:315,27604
BRDA:246,29,0,27604
BRDA:246,29,1,0
BRDA:246,61,0,27604
BRDA:247,72,0,27604
BRDA:247,72,1,0
BRDA:247,95,0,27604
BRDA:250,462,1,48074
BRDA:252,150,0,35817
BRDA:255,187,0,24694
BRDA:255,187,1,11123
BRDA:267,272,0,35817
BRDA:267,272,1,0
BRDA:252,150,1,12257
BRDA:269,305,0,12254
BRDA:273,342,0,11117
BRDA:277,374,0,11117
BRDA:277,374,1,0
BRDA:277,395,0,8636
BRDA:277,395,1,11117
BRDA:273,342,1,1137
BRDA:285,431,0,12254
BRDA:285,431,1,0
BRDA:269,305,1,48074
BRDA:288,450,1,35814
BRDA:288,450,0,27604
BRDA:250,462,0,27604
BRDA:246,61,1,27604
BRDA:247,95,1,27604
BRDA:296,527,0,15344
BRDA:299,546,0,0
BRDA:299,546,1,15344
BRDA:304,593,0,8
BRDA:304,593,1,15344
BRDA:307,637,0,11518
BRDA:307,654,0,2610
BRDA:307,654,1,8908
BRDA:307,637,1,3826
BRDA:296,527,1,27604
FN:317,sly.parser.syntax.tree.SyntaxNode`1<IN> sly.parser.llparser.RecursiveDescentSyntaxParser`2::ManageExpressionRules(sly.parser.syntax.grammar.Rule`1<IN>,sly.parser.syntax.tree.SyntaxNode`1<IN>)
FNDA:19915,sly.parser.syntax.tree.SyntaxNode`1<IN> sly.parser.llparser.RecursiveDescentSyntaxParser`2::ManageExpressionRules(sly.parser.syntax.grammar.Rule`1<IN>,sly.parser.syntax.tree.SyntaxNode`1<IN>)
DA:318,19915
DA:319,19915
DA:320,19915
DA:321,1360
DA:322,1360
DA:323,1360
DA:324,18555
DA:325,180
DA:326,180
DA:327,180
DA:328,132
DA:329,132
DA:330,132
DA:331,48
DA:332,48
DA:333,48
DA:334,44
DA:335,8
DA:336,48
DA:338,180
DA:339,180
DA:340,180
DA:341,180
DA:342,180
DA:343,180
DA:344,180
DA:345,180
DA:346,180
DA:347,180
DA:348,180
DA:349,180
DA:350,18375
DA:351,18375
DA:352,18375
DA:353,18375
DA:355,19915
DA:356,19915
BRDA:320,9,0,1540
BRDA:320,9,1,18375
BRDA:320,22,0,1360
BRDA:320,22,1,18555
BRDA:324,45,0,180
BRDA:324,45,1,18375
BRDA:324,61,0,180
BRDA:327,96,0,132
BRDA:327,96,1,48
BRDA:331,122,0,48
BRDA:333,138,0,44
BRDA:333,138,1,4
BRDA:335,157,0,4
BRDA:335,157,1,48
BRDA:331,122,1,180
BRDA:338,173,0,180
BRDA:339,203,0,180
BRDA:340,214,0,180
BRDA:343,249,0,180
BRDA:343,249,1,180
BRDA:338,173,1,180
BRDA:339,203,1,180
BRDA:340,214,1,180
BRDA:324,61,1,18375
BRDA:350,304,0,18375
BRDA:350,304,1,19915
FN:358,sly.parser.SyntaxParseResult`1<IN> sly.parser.llparser.RecursiveDescentSyntaxParser`2::ParseTerminal(System.Collections.Generic.IList`1<sly.lexer.Token`1<IN>>,sly.parser.syntax.grammar.TerminalClause`1<IN>,System.Int32)
FNDA:40451,sly.parser.SyntaxParseResult`1<IN> sly.parser.llparser.RecursiveDescentSyntaxParser`2::ParseTerminal(System.Collections.Generic.IList`1<sly.lexer.Token`1<IN>>,sly.parser.syntax.grammar.TerminalClause`1<IN>,System.Int32)
DA:359,40451
DA:360,40451
DA:361,40451
DA:362,40451
DA:363,40451
DA:364,40451
DA:365,40451
DA:366,40451
DA:367,40451
BRDA:362,37,0,13597
BRDA:362,37,1,26854
FN:371,sly.parser.SyntaxParseResult`1<IN> sly.parser.llparser.RecursiveDescentSyntaxParser`2::ParseNonTerminal(System.Collections.Generic.IList`1<sly.lexer.Token`1<IN>>,sly.parser.syntax.grammar.NonTerminalClause`1<IN>,System.Int32)
FNDA:16709,sly.parser.SyntaxParseResult`1<IN> sly.parser.llparser.RecursiveDescentSyntaxParser`2::ParseNonTerminal(System.Collections.Generic.IList`1<sly.lexer.Token`1<IN>>,sly.parser.syntax.grammar.NonTerminalClause`1<IN>,System.Int32)
DA:372,16709
DA:373,16709
DA:374,16709
DA:375,16709
DA:376,16709
DA:378,16709
DA:379,16709
DA:380,67235
DA:381,16709
DA:383,16709
DA:384,1242
DA:385,1242
DA:386,1242
DA:387,2515
DA:388,5030
DA:389,3757
DA:390,1242
DA:391,1242
DA:394,15467
DA:395,15467
DA:396,15467
DA:397,47818
DA:398,32351
DA:399,32351
DA:400,32351
DA:401,32351
DA:403,32351
DA:404,32351
DA:405,32351
DA:406,12011
DA:407,12011
DA:409,12011
DA:410,12011
DA:412,32351
DA:413,32351
DA:414,32351
DA:416,15467
DA:417,15467
DA:418,15467
DA:419,15467
DA:420,41467
DA:421,15431
DA:422,66822
DA:423,15431
DA:425,36
DA:426,122
DA:427,36
DA:428,15467
DA:430,0
DA:431,0
DA:432,0
DA:433,0
DA:434,0
DA:435,0
DA:436,0
DA:438,15467
DA:439,15467
DA:440,15467
DA:441,15467
DA:442,15467
DA:443,15467
DA:445,15467
DA:446,15467
DA:447,47818
DA:448,15467
DA:449,63403
DA:450,15467
DA:451,15467
DA:453,15467
DA:454,16709
BRDA:383,99,0,1242
BRDA:383,99,1,15467
BRDA:397,398,1,32351
BRDA:403,271,0,27860
BRDA:403,271,1,4491
BRDA:404,297,0,29448
BRDA:404,306,0,29448
BRDA:404,297,1,2903
BRDA:404,306,1,2903
BRDA:404,333,0,12011
BRDA:404,333,1,32351
BRDA:397,398,0,15467
BRDA:418,426,0,15467
BRDA:420,440,0,39
BRDA:420,440,1,15467
BRDA:420,474,0,15431
BRDA:422,485,0,39
BRDA:422,485,1,15431
BRDA:422,521,0,39
BRDA:422,521,1,15431
BRDA:420,474,1,36
BRDA:426,570,0,4
BRDA:426,570,1,36
BRDA:426,606,0,4
BRDA:426,606,1,36
BRDA:418,426,1,0
BRDA:445,779,0,15467
BRDA:447,790,0,39
BRDA:447,790,1,15467
BRDA:449,849,0,39
BRDA:449,849,1,15467
BRDA:445,779,1,15467
BRDA:380,17,0,67231
BRDA:380,41,0,65788
BRDA:380,17,1,34892
BRDA:380,41,1,34892
BRDA:380,76,0,34892
BRDA:380,76,1,32343
BRDA:388,2,0,2515
BRDA:388,2,1,0
BRDA:388,18,0,2515
BRDA:388,18,1,2515
FN:456,sly.parser.SyntaxParseResult`1<IN> sly.parser.llparser.RecursiveDescentSyntaxParser`2::NoMatchingRuleError(System.Collections.Generic.IList`1<sly.lexer.Token`1<IN>>,System.Int32,System.Collections.Generic.List`1<IN>)
FNDA:1242,sly.parser.SyntaxParseResult`1<IN> sly.parser.llparser.RecursiveDescentSyntaxParser`2::NoMatchingRuleError(System.Collections.Generic.IList`1<sly.lexer.Token`1<IN>>,System.Int32,System.Collections.Generic.List`1<IN>)
DA:457,1242
DA:458,1242
DA:460,1242
DA:461,1241
DA:462,1241
DA:463,1241
DA:464,1241
DA:466,1
DA:467,1
DA:468,1
DA:469,1
DA:471,1242
DA:472,1242
DA:473,1242
DA:474,1242
DA:475,1242
DA:476,1242
DA:478,1242
DA:479,1242
BRDA:460,18,0,1241
BRDA:460,18,1,1
FN:481,System.Void sly.parser.llparser.RecursiveDescentSyntaxParser`2::Init(sly.parser.generator.ParserConfiguration`2<IN,OUT>,System.String)
FNDA:236,System.Void sly.parser.llparser.RecursiveDescentSyntaxParser`2::Init(sly.parser.generator.ParserConfiguration`2<IN,OUT>,System.String)
DA:482,236
DA:483,472
DA:484,236
DA:485,236
BRDA:483,7,0,236
BRDA:483,7,1,236
FN:11,System.Void sly.parser.llparser.RecursiveDescentSyntaxParser`2::.ctor(sly.parser.generator.ParserConfiguration`2<IN,OUT>,System.String,System.String)
FNDA:237,System.Void sly.parser.llparser.RecursiveDescentSyntaxParser`2::.ctor(sly.parser.generator.ParserConfiguration`2<IN,OUT>,System.String,System.String)
DA:12,237
DA:13,237
DA:14,237
DA:15,237
DA:16,237
DA:17,237
DA:18,237
DA:19,237
LF:382
LH:366
BRF:184
BRH:173
FNF:17
FNH:16
end_of_record
SF:C:\Users\olduh\dev\csly\sly\parser\parser\Group.cs
FN:19,System.Int32 sly.parser.parser.Group`2::get_Count()
FNDA:0,System.Int32 sly.parser.parser.Group`2::get_Count()
DA:20,0
FN:23,OUT sly.parser.parser.Group`2::Value(System.Int32)
FNDA:5,OUT sly.parser.parser.Group`2::Value(System.Int32)
DA:24,5
DA:25,5
DA:26,5
FN:28,sly.lexer.Token`1<IN> sly.parser.parser.Group`2::Token(System.Int32)
FNDA:7,sly.lexer.Token`1<IN> sly.parser.parser.Group`2::Token(System.Int32)
DA:29,7
DA:30,7
DA:31,7
FN:34,OUT sly.parser.parser.Group`2::Value(System.String)
FNDA:0,OUT sly.parser.parser.Group`2::Value(System.String)
DA:35,0
DA:36,0
DA:37,0
BRDA:36,13,0,0
BRDA:36,13,1,0
FN:39,sly.lexer.Token`1<IN> sly.parser.parser.Group`2::Token(System.String)
FNDA:0,sly.lexer.Token`1<IN> sly.parser.parser.Group`2::Token(System.String)
DA:40,0
DA:41,0
DA:42,0
BRDA:41,13,0,0
BRDA:41,13,1,0
FN:44,System.Void sly.parser.parser.Group`2::Add(System.String,sly.lexer.Token`1<IN>)
FNDA:19,System.Void sly.parser.parser.Group`2::Add(System.String,sly.lexer.Token`1<IN>)
DA:45,19
DA:46,19
DA:47,19
DA:48,19
DA:49,19
FN:51,System.Void sly.parser.parser.Group`2::Add(System.String,OUT)
FNDA:5,System.Void sly.parser.parser.Group`2::Add(System.String,OUT)
DA:52,5
DA:53,5
DA:54,5
DA:55,5
DA:56,5
FN:13,System.Void sly.parser.parser.Group`2::.ctor()
FNDA:17,System.Void sly.parser.parser.Group`2::.ctor()
DA:14,17
DA:15,17
DA:16,17
DA:17,17
DA:18,17
LF:28
LH:21
BRF:4
BRH:0
FNF:8
FNH:5
end_of_record
SF:C:\Users\olduh\dev\csly\sly\parser\parser\GroupItem.cs
FN:25,sly.lexer.Token`1<IN> sly.parser.parser.GroupItem`2::get_Token()
FNDA:13,sly.lexer.Token`1<IN> sly.parser.parser.GroupItem`2::get_Token()
DA:26,13
FN:27,System.Boolean sly.parser.parser.GroupItem`2::get_IsToken()
FNDA:23,System.Boolean sly.parser.parser.GroupItem`2::get_IsToken()
DA:28,23
FN:29,OUT sly.parser.parser.GroupItem`2::get_Value()
FNDA:10,OUT sly.parser.parser.GroupItem`2::get_Value()
DA:30,10
FN:31,System.Boolean sly.parser.parser.GroupItem`2::get_IsValue()
FNDA:2,System.Boolean sly.parser.parser.GroupItem`2::get_IsValue()
DA:32,2
FN:35,X sly.parser.parser.GroupItem`2::Match(System.Func`3<System.String,sly.lexer.Token`1<IN>,X>,System.Func`3<System.String,OUT,X>)
FNDA:4,X sly.parser.parser.GroupItem`2::Match(System.Func`3<System.String,sly.lexer.Token`1<IN>,X>,System.Func`3<System.String,OUT,X>)
DA:36,4
DA:37,4
DA:38,4
DA:39,0
DA:40,4
BRDA:37,9,0,4
BRDA:37,9,1,0
FN:42,OUT sly.parser.parser.GroupItem`2::op_Implicit(sly.parser.parser.GroupItem`2<IN,OUT>)
FNDA:0,OUT sly.parser.parser.GroupItem`2::op_Implicit(sly.parser.parser.GroupItem`2<IN,OUT>)
DA:43,0
DA:44,0
DA:45,0
BRDA:44,26,0,0
BRDA:44,26,1,0
FN:47,sly.lexer.Token`1<IN> sly.parser.parser.GroupItem`2::op_Implicit(sly.parser.parser.GroupItem`2<IN,OUT>)
FNDA:0,sly.lexer.Token`1<IN> sly.parser.parser.GroupItem`2::op_Implicit(sly.parser.parser.GroupItem`2<IN,OUT>)
DA:48,0
DA:49,0
DA:50,0
BRDA:49,38,0,0
BRDA:49,38,1,0
FN:11,System.Void sly.parser.parser.GroupItem`2::.ctor(System.String,sly.lexer.Token`1<IN>)
FNDA:19,System.Void sly.parser.parser.GroupItem`2::.ctor(System.String,sly.lexer.Token`1<IN>)
DA:12,19
DA:13,19
DA:14,19
DA:15,19
DA:16,19
DA:17,19
FN:18,System.Void sly.parser.parser.GroupItem`2::.ctor(System.String,OUT)
FNDA:5,System.Void sly.parser.parser.GroupItem`2::.ctor(System.String,OUT)
DA:19,5
DA:20,5
DA:21,5
DA:22,5
DA:23,5
DA:24,5
LF:27
LH:20
BRF:6
BRH:1
FNF:9
FNH:7
end_of_record
SF:C:\Users\olduh\dev\csly\sly\parser\parser\SyntaxTreeCleaner.cs
FN:8,sly.parser.SyntaxParseResult`1<IN> sly.parser.parser.SyntaxTreeCleaner`1::CleanSyntaxTree(sly.parser.SyntaxParseResult`1<IN>)
FNDA:830,sly.parser.SyntaxParseResult`1<IN> sly.parser.parser.SyntaxTreeCleaner`1::CleanSyntaxTree(sly.parser.SyntaxParseResult`1<IN>)
DA:9,830
DA:10,830
DA:11,830
DA:12,819
DA:13,819
DA:14,1638
DA:15,819
DA:16,819
DA:18,830
DA:19,830
BRDA:11,14,0,819
BRDA:14,34,0,819
BRDA:14,34,1,819
BRDA:11,14,1,830
FN:21,System.Boolean sly.parser.parser.SyntaxTreeCleaner`1::NeedAssociativityProcessing(sly.parser.syntax.tree.ISyntaxNode`1<IN>)
FNDA:819,System.Boolean sly.parser.parser.SyntaxTreeCleaner`1::NeedAssociativityProcessing(sly.parser.syntax.tree.ISyntaxNode`1<IN>)
DA:22,819
DA:23,819
DA:24,819
DA:25,0
DA:26,0
DA:27,0
DA:28,0
DA:29,0
DA:30,819
DA:31,0
DA:32,1638
DA:35,819
DA:36,819
BRDA:24,16,0,0
BRDA:25,75,1,0
BRDA:27,44,0,0
BRDA:27,44,1,0
BRDA:28,63,1,0
BRDA:28,63,0,0
BRDA:25,75,0,0
BRDA:24,16,1,819
BRDA:30,113,0,0
BRDA:30,113,1,819
BRDA:32,136,0,819
BRDA:32,136,1,819
FN:38,sly.parser.syntax.tree.ISyntaxNode`1<IN> sly.parser.parser.SyntaxTreeCleaner`1::RemoveByPassNodes(sly.parser.syntax.tree.ISyntaxNode`1<IN>)
FNDA:11296,sly.parser.syntax.tree.ISyntaxNode`1<IN> sly.parser.parser.SyntaxTreeCleaner`1::RemoveByPassNodes(sly.parser.syntax.tree.ISyntaxNode`1<IN>)
DA:39,11296
DA:40,11296
DA:43,11296
DA:44,455
DA:45,455
DA:46,455
DA:48,10841
DA:49,16014
DA:50,10841
DA:51,5668
DA:52,5668
DA:53,46350
DA:54,5668
DA:55,5668
DA:56,5668
DA:57,5668
DA:59,10841
DA:60,135
DA:61,135
DA:62,1125
DA:63,135
DA:64,135
DA:65,135
DA:66,135
DA:67,10841
DA:69,11296
DA:70,11296
BRDA:43,11,0,6123
BRDA:43,11,1,5173
BRDA:43,24,0,455
BRDA:43,24,1,10841
BRDA:49,68,0,5173
BRDA:49,68,1,10841
BRDA:50,89,0,5668
BRDA:53,148,1,9782
BRDA:53,148,0,5668
BRDA:50,89,1,10841
BRDA:59,216,0,135
BRDA:62,275,1,240
BRDA:62,275,0,135
BRDA:59,216,1,10841
FN:73,sly.parser.syntax.tree.ISyntaxNode`1<IN> sly.parser.parser.SyntaxTreeCleaner`1::SetAssociativity(sly.parser.syntax.tree.ISyntaxNode`1<IN>)
FNDA:8974,sly.parser.syntax.tree.ISyntaxNode`1<IN> sly.parser.parser.SyntaxTreeCleaner`1::SetAssociativity(sly.parser.syntax.tree.ISyntaxNode`1<IN>)
DA:74,8974
DA:75,8974
DA:78,8974
DA:79,93
DA:80,93
DA:81,762
DA:82,93
DA:83,93
DA:84,93
DA:85,93
DA:86,8881
DA:87,4285
DA:88,4285
DA:89,4285
DA:90,4596
DA:91,4596
DA:92,4603
DA:93,4596
DA:94,37770
DA:95,4596
DA:96,4596
DA:97,4596
DA:98,4596
DA:100,8974
DA:101,8974
BRDA:78,16,0,93
BRDA:81,72,1,161
BRDA:81,72,0,93
BRDA:78,16,1,8881
BRDA:86,141,0,4285
BRDA:86,141,1,4596
BRDA:90,170,0,4596
BRDA:92,188,0,7
BRDA:92,188,1,4596
BRDA:94,256,1,7994
BRDA:94,256,0,4596
BRDA:90,170,1,8974
FN:104,System.Boolean sly.parser.parser.SyntaxTreeCleaner`1::NeedLeftAssociativity(sly.parser.syntax.tree.SyntaxNode`1<IN>)
FNDA:4612,System.Boolean sly.parser.parser.SyntaxTreeCleaner`1::NeedLeftAssociativity(sly.parser.syntax.tree.SyntaxNode`1<IN>)
DA:105,4612
DA:106,4612
DA:107,4612
DA:108,4612
DA:109,4612
BRDA:106,7,0,81
BRDA:106,15,0,34
BRDA:106,30,0,34
BRDA:106,38,0,17
BRDA:106,7,1,4595
BRDA:106,15,1,4595
BRDA:106,30,1,4595
BRDA:106,38,1,4595
FN:111,sly.parser.syntax.tree.SyntaxNode`1<IN> sly.parser.parser.SyntaxTreeCleaner`1::ProcessLeftAssociativity(sly.parser.syntax.tree.SyntaxNode`1<IN>)
FNDA:7,sly.parser.syntax.tree.SyntaxNode`1<IN> sly.parser.parser.SyntaxTreeCleaner`1::ProcessLeftAssociativity(sly.parser.syntax.tree.SyntaxNode`1<IN>)
DA:112,7
DA:113,7
DA:114,16
DA:115,9
DA:116,9
DA:117,9
DA:118,9
DA:119,9
DA:120,9
DA:121,9
DA:123,7
DA:124,7
BRDA:114,65,1,9
BRDA:114,65,0,7
LF:92
LH:86
BRF:52
BRH:44
FNF:6
FNH:6
end_of_record
SF:C:\Users\olduh\dev\csly\sly\parser\parser\ValueOption.cs
FN:7,sly.parser.parser.ValueOption`1<T> sly.parser.parser.ValueOptionConstructors::None()
FNDA:2,sly.parser.parser.ValueOption`1<T> sly.parser.parser.ValueOptionConstructors::None()
DA:8,2
DA:9,2
DA:10,2
FN:12,sly.parser.parser.ValueOption`1<sly.parser.parser.Group`2<IN,OUT>> sly.parser.parser.ValueOptionConstructors::NoneGroup()
FNDA:2,sly.parser.parser.ValueOption`1<sly.parser.parser.Group`2<IN,OUT>> sly.parser.parser.ValueOptionConstructors::NoneGroup()
DA:13,2
DA:14,2
DA:15,2
DA:16,2
FN:18,sly.parser.parser.ValueOption`1<T> sly.parser.parser.ValueOptionConstructors::Some(T)
FNDA:9,sly.parser.parser.ValueOption`1<T> sly.parser.parser.ValueOptionConstructors::Some(T)
DA:19,9
DA:20,9
DA:21,9
FN:41,T sly.parser.parser.ValueOption`1::get_Value()
FNDA:9,T sly.parser.parser.ValueOption`1::get_Value()
DA:42,9
FN:43,System.Boolean sly.parser.parser.ValueOption`1::get_IsNone()
FNDA:13,System.Boolean sly.parser.parser.ValueOption`1::get_IsNone()
DA:44,13
FN:44,System.Boolean sly.parser.parser.ValueOption`1::get_IsSome()
FNDA:13,System.Boolean sly.parser.parser.ValueOption`1::get_IsSome()
DA:45,13
FN:47,T sly.parser.parser.ValueOption`1::Match(System.Func`2<T,T>,System.Func`1<T>)
FNDA:13,T sly.parser.parser.ValueOption`1::Match(System.Func`2<T,T>,System.Func`1<T>)
DA:48,13
DA:49,13
DA:50,9
DA:51,4
DA:52,13
BRDA:49,9,0,9
BRDA:49,9,1,4
FN:25,System.Void sly.parser.parser.ValueOption`1::.ctor()
FNDA:2,System.Void sly.parser.parser.ValueOption`1::.ctor()
DA:26,2
DA:27,2
DA:28,2
DA:29,2
FN:30,System.Void sly.parser.parser.ValueOption`1::.ctor(System.Boolean)
FNDA:2,System.Void sly.parser.parser.ValueOption`1::.ctor(System.Boolean)
DA:31,2
DA:32,2
DA:33,2
DA:34,2
FN:35,System.Void sly.parser.parser.ValueOption`1::.ctor(T)
FNDA:9,System.Void sly.parser.parser.ValueOption`1::.ctor(T)
DA:36,9
DA:37,9
DA:38,9
DA:39,9
DA:40,9
LF:31
LH:31
BRF:2
BRH:2
FNF:10
FNH:10
end_of_record
SF:C:\Users\olduh\dev\csly\sly\parser\generator\EBNFParserBuilder.cs
FN:25,sly.buildresult.BuildResult`1<sly.parser.Parser`2<IN,OUT>> sly.parser.generator.EBNFParserBuilder`2::BuildParser(System.Object,sly.parser.generator.ParserType,System.String,sly.lexer.fsm.BuildExtension`1<IN>)
FNDA:96,sly.buildresult.BuildResult`1<sly.parser.Parser`2<IN,OUT>> sly.parser.generator.EBNFParserBuilder`2::BuildParser(System.Object,sly.parser.generator.ParserType,System.String,sly.lexer.fsm.BuildExtension`1<IN>)
DA:26,96
DA:27,96
DA:28,96
DA:30,96
DA:33,96
DA:35,96
DA:38,96
DA:39,96
DA:40,96
DA:41,96
DA:42,96
DA:43,5
DA:44,14
DA:45,5
DA:46,5
DA:47,5
DA:48,5
DA:52,91
DA:53,91
DA:54,0
DA:55,0
DA:56,0
DA:57,0
DA:60,91
DA:62,91
DA:63,91
DA:64,0
DA:65,91
DA:66,91
DA:67,91
DA:68,91
DA:69,91
DA:70,91
DA:71,0
DA:72,0
DA:73,0
DA:74,0
DA:75,0
DA:76,0
DA:79,91
DA:80,91
DA:81,91
DA:82,91
DA:83,96
BRDA:42,99,0,5
BRDA:44,115,0,2
BRDA:44,115,1,5
BRDA:42,99,1,91
BRDA:63,272,0,0
BRDA:63,272,1,91
BRDA:65,293,0,91
BRDA:65,293,1,91
BRDA:70,353,0,0
BRDA:72,400,1,0
BRDA:72,400,0,0
BRDA:70,353,1,91
FN:88,sly.parser.ISyntaxParser`2<IN,OUT> sly.parser.generator.EBNFParserBuilder`2::BuildSyntaxParser(sly.parser.generator.ParserConfiguration`2<IN,OUT>,sly.parser.generator.ParserType,System.String)
FNDA:91,sly.parser.ISyntaxParser`2<IN,OUT> sly.parser.generator.EBNFParserBuilder`2::BuildSyntaxParser(sly.parser.generator.ParserConfiguration`2<IN,OUT>,sly.parser.generator.ParserType,System.String)
DA:89,91
DA:90,91
DA:91,91
DA:94,0
DA:95,0
DA:96,0
DA:99,91
DA:100,91
DA:101,91
DA:104,0
DA:105,0
DA:106,0
DA:110,91
DA:111,91
BRDA:91,9,0,91
BRDA:91,9,1,0
BRDA:91,15,1,91
BRDA:91,15,0,0
FN:117,sly.parser.generator.ParserConfiguration`2<IN,OUT> sly.parser.generator.EBNFParserBuilder`2::ExtractEbnfParserConfiguration(System.Type,sly.parser.Parser`2<sly.parser.generator.EbnfTokenGeneric,sly.parser.syntax.grammar.GrammarNode`1<IN>>)
FNDA:96,sly.parser.generator.ParserConfiguration`2<IN,OUT> sly.parser.generator.EBNFParserBuilder`2::ExtractEbnfParserConfiguration(System.Type,sly.parser.Parser`2<sly.parser.generator.EbnfTokenGeneric,sly.parser.syntax.grammar.GrammarNode`1<IN>>)
DA:118,96
DA:119,96
DA:120,96
DA:121,96
DA:122,96
DA:123,1488
DA:124,1488
DA:125,2775
DA:126,1488
DA:127,1584
DA:129,96
DA:130,659
DA:131,659
DA:132,659
DA:133,96
DA:134,3327
DA:135,675
DA:136,675
DA:137,675
DA:138,675
DA:139,675
DA:140,675
DA:141,675
DA:142,675
DA:143,675
DA:144,675
DA:145,411
DA:146,96
DA:147,264
DA:148,675
DA:149,675
DA:150,675
DA:151,96
DA:152,0
DA:153,0
DA:154,0
DA:155,0
DA:156,0
DA:157,0
DA:158,0
DA:159,96
DA:160,675
DA:161,755
DA:163,96
DA:165,96
DA:166,96
BRDA:122,50,0,22
BRDA:122,50,1,96
BRDA:125,20,0,22
BRDA:125,20,1,1488
BRDA:134,346,1,675
BRDA:138,77,0,675
BRDA:144,144,0,411
BRDA:144,144,1,264
BRDA:138,77,1,0
BRDA:153,240,0,0
BRDA:153,240,1,0
BRDA:153,276,0,0
BRDA:153,276,1,0
BRDA:134,346,0,659
FN:19,System.Void sly.parser.generator.EBNFParserBuilder`2::.ctor(System.String)
FNDA:96,System.Void sly.parser.generator.EBNFParserBuilder`2::.ctor(System.String)
DA:20,96
DA:21,96
DA:22,96
LF:107
LH:83
BRF:30
BRH:19
FNF:4
FNH:4
end_of_record
SF:C:\Users\olduh\dev\csly\sly\parser\generator\ExpressionRulesGenerator.cs
FN:23,System.Int32 sly.parser.generator.OperationMetaData`1::get_Precedence()
FNDA:660,System.Int32 sly.parser.generator.OperationMetaData`1::get_Precedence()
DA:24,660
FN:25,sly.parser.generator.Associativity sly.parser.generator.OperationMetaData`1::get_Associativity()
FNDA:256,sly.parser.generator.Associativity sly.parser.generator.OperationMetaData`1::get_Associativity()
DA:26,256
FN:27,System.Reflection.MethodInfo sly.parser.generator.OperationMetaData`1::get_VisitorMethod()
FNDA:529,System.Reflection.MethodInfo sly.parser.generator.OperationMetaData`1::get_VisitorMethod()
DA:28,529
FN:29,T sly.parser.generator.OperationMetaData`1::get_OperatorToken()
FNDA:871,T sly.parser.generator.OperationMetaData`1::get_OperatorToken()
DA:30,871
FN:31,sly.parser.generator.Affix sly.parser.generator.OperationMetaData`1::get_Affix()
FNDA:1264,sly.parser.generator.Affix sly.parser.generator.OperationMetaData`1::get_Affix()
DA:32,1264
FN:33,System.Boolean sly.parser.generator.OperationMetaData`1::get_IsBinary()
FNDA:128,System.Boolean sly.parser.generator.OperationMetaData`1::get_IsBinary()
DA:34,128
FN:35,System.Boolean sly.parser.generator.OperationMetaData`1::get_IsUnary()
FNDA:174,System.Boolean sly.parser.generator.OperationMetaData`1::get_IsUnary()
DA:36,174
FN:14,System.Void sly.parser.generator.OperationMetaData`1::.ctor(System.Int32,sly.parser.generator.Associativity,System.Reflection.MethodInfo,sly.parser.generator.Affix,T)
FNDA:175,System.Void sly.parser.generator.OperationMetaData`1::.ctor(System.Int32,sly.parser.generator.Associativity,System.Reflection.MethodInfo,sly.parser.generator.Affix,T)
DA:15,175
DA:16,175
DA:17,175
DA:18,175
DA:19,175
DA:20,175
DA:21,175
DA:22,175
FN:46,System.String sly.parser.generator.ExpressionRulesGenerator`2::get_I18n()
FNDA:237,System.String sly.parser.generator.ExpressionRulesGenerator`2::get_I18n()
DA:47,237
FN:60,sly.buildresult.BuildResult`1<sly.parser.generator.ParserConfiguration`2<IN,OUT>> sly.parser.generator.ExpressionRulesGenerator`2::BuildExpressionRules(sly.parser.generator.ParserConfiguration`2<IN,OUT>,System.Type,sly.buildresult.BuildResult`1<sly.parser.generator.ParserConfiguration`2<IN,OUT>>)
FNDA:237,sly.buildresult.BuildResult`1<sly.parser.generator.ParserConfiguration`2<IN,OUT>> sly.parser.generator.ExpressionRulesGenerator`2::BuildExpressionRules(sly.parser.generator.ParserConfiguration`2<IN,OUT>,System.Type,sly.buildresult.BuildResult`1<sly.parser.generator.ParserConfiguration`2<IN,OUT>>)
DA:61,237
DA:62,237
DA:63,237
DA:64,4996
DA:65,4996
DA:66,9372
DA:67,4996
DA:68,5233
DA:70,237
DA:72,237
DA:73,113
DA:74,113
DA:75,113
DA:76,237
DA:77,690
DA:78,176
DA:79,176
DA:80,176
DA:81,137
DA:82,137
DA:83,137
DA:84,39
DA:85,39
DA:86,39
DA:87,38
DA:88,175
DA:89,175
DA:90,175
DA:91,101
DA:92,175
DA:93,175
DA:94,175
DA:95,349
DA:97,236
DA:98,25
DA:99,25
DA:102,25
DA:103,25
DA:104,25
DA:105,25
DA:107,236
DA:108,236
DA:109,236
BRDA:63,26,0,43
BRDA:63,26,1,237
BRDA:97,108,0,25
BRDA:102,122,0,25
BRDA:102,122,1,0
BRDA:102,145,0,25
BRDA:102,145,1,25
BRDA:97,108,1,236
BRDA:77,222,1,176
BRDA:80,57,0,137
BRDA:80,57,1,39
BRDA:84,86,0,39
BRDA:84,86,1,175
BRDA:90,160,0,101
BRDA:90,160,1,175
BRDA:77,222,0,112
BRDA:66,20,0,43
BRDA:66,20,1,4996
FN:112,System.String sly.parser.generator.ExpressionRulesGenerator`2::GetOperandNonTerminal(System.Type,sly.parser.generator.ParserConfiguration`2<IN,OUT>,sly.buildresult.BuildResult`1<sly.parser.generator.ParserConfiguration`2<IN,OUT>>)
FNDA:25,System.String sly.parser.generator.ExpressionRulesGenerator`2::GetOperandNonTerminal(System.Type,sly.parser.generator.ParserConfiguration`2<IN,OUT>,sly.buildresult.BuildResult`1<sly.parser.generator.ParserConfiguration`2<IN,OUT>>)
DA:113,25
DA:115,25
DA:117,25
DA:118,355
DA:119,355
DA:120,701
DA:121,355
DA:122,380
DA:125,25
DA:126,0
DA:127,0
DA:128,0
DA:131,25
DA:133,25
DA:134,24
DA:135,24
DA:136,24
DA:137,24
DA:139,1
DA:140,1
DA:141,1
DA:142,1
DA:145,9
DA:146,3
DA:147,3
DA:148,3
DA:149,3
DA:150,3
DA:151,3
DA:152,3
DA:153,3
DA:154,3
DA:155,3
DA:156,3
DA:157,3
DA:159,1
DA:160,1
DA:162,25
DA:163,25
BRDA:117,20,0,5
BRDA:117,20,1,25
BRDA:125,67,0,0
BRDA:125,67,1,25
BRDA:133,134,0,24
BRDA:133,134,1,1
BRDA:145,318,1,3
BRDA:147,242,0,3
BRDA:147,242,1,3
BRDA:145,318,0,1
[...]
DA:513,741
DA:514,741
DA:515,741
DA:516,741
FN:519,sly.lexer.fsm.FSMLexerBuilder`1<N> sly.lexer.fsm.FSMLexerBuilder`1::RangeTransitionTo(System.Char,System.Char,System.String,sly.lexer.fsm.TransitionPrecondition)
FNDA:0,sly.lexer.fsm.FSMLexerBuilder`1<N> sly.lexer.fsm.FSMLexerBuilder`1::RangeTransitionTo(System.Char,System.Char,System.String,sly.lexer.fsm.TransitionPrecondition)
DA:520,0
DA:521,0
DA:522,0
DA:523,0
FN:525,sly.lexer.fsm.FSMLexerBuilder`1<N> sly.lexer.fsm.FSMLexerBuilder`1::ExceptTransitionTo(System.Char[],System.String)
FNDA:79,sly.lexer.fsm.FSMLexerBuilder`1<N> sly.lexer.fsm.FSMLexerBuilder`1::ExceptTransitionTo(System.Char[],System.String)
DA:526,79
DA:527,79
DA:528,79
DA:529,79
FN:532,sly.lexer.fsm.FSMLexerBuilder`1<N> sly.lexer.fsm.FSMLexerBuilder`1::ExceptTransitionTo(System.Char[],System.String,sly.lexer.fsm.TransitionPrecondition)
FNDA:0,sly.lexer.fsm.FSMLexerBuilder`1<N> sly.lexer.fsm.FSMLexerBuilder`1::ExceptTransitionTo(System.Char[],System.String,sly.lexer.fsm.TransitionPrecondition)
DA:533,0
DA:534,0
DA:535,0
DA:536,0
FN:538,sly.lexer.fsm.FSMLexerBuilder`1<N> sly.lexer.fsm.FSMLexerBuilder`1::AnyTransitionTo(System.String)
FNDA:0,sly.lexer.fsm.FSMLexerBuilder`1<N> sly.lexer.fsm.FSMLexerBuilder`1::AnyTransitionTo(System.String)
DA:539,0
DA:540,0
DA:541,0
DA:542,0
FN:544,sly.lexer.fsm.FSMLexerBuilder`1<N> sly.lexer.fsm.FSMLexerBuilder`1::AnyTransitionTo(System.String,sly.lexer.fsm.TransitionPrecondition)
FNDA:0,sly.lexer.fsm.FSMLexerBuilder`1<N> sly.lexer.fsm.FSMLexerBuilder`1::AnyTransitionTo(System.String,sly.lexer.fsm.TransitionPrecondition)
DA:545,0
DA:546,0
DA:547,0
DA:548,0
FN:18,System.Void sly.lexer.fsm.FSMLexerBuilder`1::.ctor()
FNDA:195,System.Void sly.lexer.fsm.FSMLexerBuilder`1::.ctor()
DA:19,195
DA:20,195
DA:21,195
DA:22,195
DA:23,195
DA:24,195
DA:25,195
DA:26,195
LF:348
LH:221
BRF:82
BRH:52
FNF:56
FNH:33
end_of_record
SF:C:\Users\olduh\dev\csly\sly\lexer\fsm\FSMMatch.cs
FN:7,System.Collections.Generic.Dictionary`2<System.String,System.Object> sly.lexer.fsm.FSMMatch`1::get_Properties()
FNDA:11865,System.Collections.Generic.Dictionary`2<System.String,System.Object> sly.lexer.fsm.FSMMatch`1::get_Properties()
DA:8,11865
FN:9,System.Boolean sly.lexer.fsm.FSMMatch`1::get_IsString()
FNDA:26,System.Boolean sly.lexer.fsm.FSMMatch`1::get_IsString()
DA:10,26
FN:11,System.Char sly.lexer.fsm.FSMMatch`1::get_StringDelimiterChar()
FNDA:4005,System.Char sly.lexer.fsm.FSMMatch`1::get_StringDelimiterChar()
DA:12,4005
FN:13,System.Boolean sly.lexer.fsm.FSMMatch`1::get_IsSuccess()
FNDA:35891,System.Boolean sly.lexer.fsm.FSMMatch`1::get_IsSuccess()
DA:14,35891
FN:15,System.Boolean sly.lexer.fsm.FSMMatch`1::get_IsEOS()
FNDA:4763,System.Boolean sly.lexer.fsm.FSMMatch`1::get_IsEOS()
DA:16,4763
FN:17,System.Boolean sly.lexer.fsm.FSMMatch`1::get_IsIndent()
FNDA:3998,System.Boolean sly.lexer.fsm.FSMMatch`1::get_IsIndent()
DA:18,3998
FN:19,System.Boolean sly.lexer.fsm.FSMMatch`1::get_IsUnIndent()
FNDA:7975,System.Boolean sly.lexer.fsm.FSMMatch`1::get_IsUnIndent()
DA:20,7975
FN:21,System.Int32 sly.lexer.fsm.FSMMatch`1::get_UnIndentCount()
FNDA:36,System.Int32 sly.lexer.fsm.FSMMatch`1::get_UnIndentCount()
DA:22,36
FN:23,System.Int32 sly.lexer.fsm.FSMMatch`1::get_IndentationLevel()
FNDA:4015,System.Int32 sly.lexer.fsm.FSMMatch`1::get_IndentationLevel()
DA:24,4015
FN:25,sly.lexer.Token`1<N> sly.lexer.fsm.FSMMatch`1::get_Result()
FNDA:46674,sly.lexer.Token`1<N> sly.lexer.fsm.FSMMatch`1::get_Result()
DA:26,46674
FN:27,System.Int32 sly.lexer.fsm.FSMMatch`1::get_NodeId()
FNDA:7886,System.Int32 sly.lexer.fsm.FSMMatch`1::get_NodeId()
DA:28,7886
FN:29,sly.lexer.LexerPosition sly.lexer.fsm.FSMMatch`1::get_NewPosition()
FNDA:20322,sly.lexer.LexerPosition sly.lexer.fsm.FSMMatch`1::get_NewPosition()
DA:30,20322
FN:31,System.Boolean sly.lexer.fsm.FSMMatch`1::get_IsLineEnding()
FNDA:20140,System.Boolean sly.lexer.fsm.FSMMatch`1::get_IsLineEnding()
DA:32,20140
FN:33,System.Boolean sly.lexer.fsm.FSMMatch`1::get_IsIndentationError()
FNDA:8,System.Boolean sly.lexer.fsm.FSMMatch`1::get_IsIndentationError()
DA:34,8
FN:48,sly.lexer.fsm.FSMMatch`1<N> sly.lexer.fsm.FSMMatch`1::Indent(System.Int32)
FNDA:19,sly.lexer.fsm.FSMMatch`1<N> sly.lexer.fsm.FSMMatch`1::Indent(System.Int32)
DA:49,19
DA:50,19
DA:51,19
DA:52,19
DA:53,19
DA:54,19
DA:55,19
DA:56,19
DA:57,19
FN:59,sly.lexer.fsm.FSMMatch`1<N> sly.lexer.fsm.FSMMatch`1::UIndent(System.Int32,System.Int32)
FNDA:17,sly.lexer.fsm.FSMMatch`1<N> sly.lexer.fsm.FSMMatch`1::UIndent(System.Int32,System.Int32)
DA:60,17
DA:61,17
DA:62,17
DA:63,17
DA:64,17
DA:65,17
DA:66,17
DA:67,17
DA:68,17
DA:69,17
FN:36,System.Void sly.lexer.fsm.FSMMatch`1::.ctor(System.Boolean)
FNDA:774,System.Void sly.lexer.fsm.FSMMatch`1::.ctor(System.Boolean)
DA:37,774
DA:38,774
DA:39,774
DA:40,774
DA:41,774
FN:42,System.Void sly.lexer.fsm.FSMMatch`1::.ctor()
FNDA:36,System.Void sly.lexer.fsm.FSMMatch`1::.ctor()
DA:43,36
DA:44,36
DA:45,36
DA:46,36
FN:72,System.Void sly.lexer.fsm.FSMMatch`1::.ctor(System.Boolean,N,System.String,sly.lexer.LexerPosition,System.Int32,sly.lexer.LexerPosition,System.Boolean)
FNDA:1,System.Void sly.lexer.fsm.FSMMatch`1::.ctor(System.Boolean,N,System.String,sly.lexer.LexerPosition,System.Int32,sly.lexer.LexerPosition,System.Boolean)
DA:73,1
DA:74,2
FN:75,System.Void sly.lexer.fsm.FSMMatch`1::.ctor(System.Boolean,N,System.ReadOnlyMemory`1<System.Char>,sly.lexer.LexerPosition,System.Int32,sly.lexer.LexerPosition,System.Boolean)
FNDA:16080,System.Void sly.lexer.fsm.FSMMatch`1::.ctor(System.Boolean,N,System.ReadOnlyMemory`1<System.Char>,sly.lexer.LexerPosition,System.Int32,sly.lexer.LexerPosition,System.Boolean)
DA:76,16080
DA:77,16080
DA:78,16080
DA:79,16080
DA:80,16080
DA:81,16080
DA:82,16080
DA:83,16080
DA:84,16080
DA:85,16080
DA:86,16080
LF:55
LH:55
BRF:0
BRH:0
FNF:20
FNH:20
end_of_record
SF:C:\Users\olduh\dev\csly\sly\lexer\fsm\FSMNode.cs
FN:9,N sly.lexer.fsm.FSMNode`1::get_Value()
FNDA:19673,N sly.lexer.fsm.FSMNode`1::get_Value()
DA:10,19673
FN:11,System.Int32 sly.lexer.fsm.FSMNode`1::get_Id()
FNDA:42519,System.Int32 sly.lexer.fsm.FSMNode`1::get_Id()
DA:12,42519
FN:13,System.Boolean sly.lexer.fsm.FSMNode`1::get_IsEnd()
FNDA:20255,System.Boolean sly.lexer.fsm.FSMNode`1::get_IsEnd()
DA:14,20255
FN:15,System.Boolean sly.lexer.fsm.FSMNode`1::get_IsStart()
FNDA:2240,System.Boolean sly.lexer.fsm.FSMNode`1::get_IsStart()
DA:16,2240
FN:16,System.String sly.lexer.fsm.FSMNode`1::get_Mark()
FNDA:723,System.String sly.lexer.fsm.FSMNode`1::get_Mark()
DA:17,723
FN:17,System.Boolean sly.lexer.fsm.FSMNode`1::get_IsLineEnding()
FNDA:17628,System.Boolean sly.lexer.fsm.FSMNode`1::get_IsLineEnding()
DA:18,17628
FN:4,System.Void sly.lexer.fsm.FSMNode`1::.ctor(N)
FNDA:2045,System.Void sly.lexer.fsm.FSMNode`1::.ctor(N)
DA:5,2045
DA:6,2045
DA:7,2045
DA:8,2045
LF:10
LH:10
BRF:0
BRH:0
FNF:7
FNH:7
end_of_record
SF:C:\Users\olduh\dev\csly\sly\lexer\fsm\FSMTransition.cs
FN:19,sly.lexer.fsm.transitioncheck.AbstractTransitionCheck sly.lexer.fsm.FSMTransition::get_Check()
FNDA:50745,sly.lexer.fsm.transitioncheck.AbstractTransitionCheck sly.lexer.fsm.FSMTransition::get_Check()
DA:20,50745
FN:23,System.String sly.lexer.fsm.FSMTransition::ToGraphViz(System.Collections.Generic.Dictionary`2<System.Int32,sly.lexer.fsm.FSMNode`1<N>>)
FNDA:10,System.String sly.lexer.fsm.FSMTransition::ToGraphViz(System.Collections.Generic.Dictionary`2<System.Int32,sly.lexer.fsm.FSMNode`1<N>>)
DA:24,10
DA:25,10
DA:26,10
DA:27,10
DA:28,10
FN:31,System.Boolean sly.lexer.fsm.FSMTransition::Match(System.Char,System.ReadOnlyMemory`1<System.Char>)
FNDA:39080,System.Boolean sly.lexer.fsm.FSMTransition::Match(System.Char,System.ReadOnlyMemory`1<System.Char>)
DA:32,39080
DA:33,39080
DA:34,39080
FN:36,System.Boolean sly.lexer.fsm.FSMTransition::Match(System.Char)
FNDA:8621,System.Boolean sly.lexer.fsm.FSMTransition::Match(System.Char)
DA:37,8621
DA:38,8621
DA:39,8621
FN:12,System.Void sly.lexer.fsm.FSMTransition::.ctor(sly.lexer.fsm.transitioncheck.AbstractTransitionCheck,System.Int32,System.Int32)
FNDA:3034,System.Void sly.lexer.fsm.FSMTransition::.ctor(sly.lexer.fsm.transitioncheck.AbstractTransitionCheck,System.Int32,System.Int32)
DA:13,3034
DA:14,3034
DA:15,3034
DA:16,3034
DA:17,3034
DA:18,3034
LF:18
LH:18
BRF:0
BRH:0
FNF:5
FNH:5
end_of_record
SF:C:\Users\olduh\dev\csly\sly\lexer\fsm\transitioncheck\AbstractTransitionCheck.cs
FN:23,sly.lexer.fsm.TransitionPrecondition sly.lexer.fsm.transitioncheck.AbstractTransitionCheck::get_Precondition()
FNDA:39150,sly.lexer.fsm.TransitionPrecondition sly.lexer.fsm.transitioncheck.AbstractTransitionCheck::get_Precondition()
DA:24,39150
FN:27,System.Boolean sly.lexer.fsm.transitioncheck.AbstractTransitionCheck::Check(System.Char,System.ReadOnlyMemory`1<System.Char>)
FNDA:39080,System.Boolean sly.lexer.fsm.transitioncheck.AbstractTransitionCheck::Check(System.Char,System.ReadOnlyMemory`1<System.Char>)
DA:28,39080
DA:29,39080
DA:30,39084
DA:31,78159
DA:32,39080
DA:33,39080
BRDA:30,14,0,4
BRDA:30,14,1,39080
BRDA:31,32,0,39079
BRDA:31,32,1,39080
LF:7
LH:7
BRF:4
BRH:4
FNF:2
FNH:2
end_of_record
SF:C:\Users\olduh\dev\csly\sly\lexer\fsm\transitioncheck\TransitionAny.cs
FN:23,System.Boolean sly.lexer.fsm.transitioncheck.TransitionAny::Match(System.Char)
FNDA:0,System.Boolean sly.lexer.fsm.transitioncheck.TransitionAny::Match(System.Char)
DA:24,0
DA:25,0
DA:26,0
FN:6,System.Void sly.lexer.fsm.transitioncheck.TransitionAny::.ctor()
FNDA:0,System.Void sly.lexer.fsm.transitioncheck.TransitionAny::.ctor()
DA:7,0
DA:8,0
DA:9,0
FN:10,System.Void sly.lexer.fsm.transitioncheck.TransitionAny::.ctor(sly.lexer.fsm.TransitionPrecondition)
FNDA:0,System.Void sly.lexer.fsm.transitioncheck.TransitionAny::.ctor(sly.lexer.fsm.TransitionPrecondition)
DA:11,0
DA:12,0
DA:13,0
DA:14,0
LF:10
LH:0
BRF:0
BRH:0
FNF:3
FNH:0
end_of_record
SF:C:\Users\olduh\dev\csly\sly\lexer\fsm\transitioncheck\TransitionAnyExcept.cs
FN:33,System.Boolean sly.lexer.fsm.transitioncheck.TransitionAnyExcept::Match(System.Char)
FNDA:267,System.Boolean sly.lexer.fsm.transitioncheck.TransitionAnyExcept::Match(System.Char)
DA:34,267
DA:35,267
DA:36,267
FN:10,System.Void sly.lexer.fsm.transitioncheck.TransitionAnyExcept::.ctor(System.Char[])
FNDA:84,System.Void sly.lexer.fsm.transitioncheck.TransitionAnyExcept::.ctor(System.Char[])
DA:11,84
DA:12,84
DA:13,84
DA:14,84
DA:15,84
FN:16,System.Void sly.lexer.fsm.transitioncheck.TransitionAnyExcept::.ctor(sly.lexer.fsm.TransitionPrecondition,System.Char[])
FNDA:0,System.Void sly.lexer.fsm.transitioncheck.TransitionAnyExcept::.ctor(sly.lexer.fsm.TransitionPrecondition,System.Char[])
DA:17,0
DA:18,0
DA:19,0
DA:20,0
DA:21,0
DA:22,0
FN:28,System.String sly.lexer.fsm.transitioncheck.TransitionAnyExcept/<>c::<ToGraphViz>b__3_0(System.Char)
FNDA:3,System.String sly.lexer.fsm.transitioncheck.TransitionAnyExcept/<>c::<ToGraphViz>b__3_0(System.Char)
DA:29,3
LF:15
LH:9
BRF:0
BRH:0
FNF:4
FNH:3
end_of_record
SF:C:\Users\olduh\dev\csly\sly\lexer\fsm\transitioncheck\TransitionMany.cs
FN:31,System.Boolean sly.lexer.fsm.transitioncheck.TransitionMany::Match(System.Char)
FNDA:0,System.Boolean sly.lexer.fsm.transitioncheck.TransitionMany::Match(System.Char)
DA:32,0
DA:33,0
DA:34,0
FN:9,System.Void sly.lexer.fsm.transitioncheck.TransitionMany::.ctor(System.Char[])
FNDA:0,System.Void sly.lexer.fsm.transitioncheck.TransitionMany::.ctor(System.Char[])
DA:10,0
DA:11,0
DA:12,0
DA:13,0
FN:15,System.Void sly.lexer.fsm.transitioncheck.TransitionMany::.ctor(System.Char[],sly.lexer.fsm.TransitionPrecondition)
FNDA:0,System.Void sly.lexer.fsm.transitioncheck.TransitionMany::.ctor(System.Char[],sly.lexer.fsm.TransitionPrecondition)
DA:16,0
DA:17,0
DA:18,0
DA:19,0
DA:20,0
FN:26,System.String sly.lexer.fsm.transitioncheck.TransitionMany/<>c::<ToGraphViz>b__3_0(System.Char)
FNDA:0,System.String sly.lexer.fsm.transitioncheck.TransitionMany/<>c::<ToGraphViz>b__3_0(System.Char)
DA:27,0
LF:13
LH:0
BRF:0
BRH:0
FNF:4
FNH:0
end_of_record
SF:C:\Users\olduh\dev\csly\sly\lexer\fsm\transitioncheck\TransitionMultiRange.cs
FN:51,System.Boolean sly.lexer.fsm.transitioncheck.TransitionMultiRange::Match(System.Char)
FNDA:16,System.Boolean sly.lexer.fsm.transitioncheck.TransitionMultiRange::Match(System.Char)
DA:52,16
DA:53,16
DA:54,16
DA:55,32
DA:56,16
DA:57,16
DA:58,16
DA:59,16
DA:60,16
DA:62,16
DA:63,16
BRDA:55,90,1,16
BRDA:58,22,0,16
BRDA:58,38,0,16
BRDA:58,38,1,0
BRDA:58,22,1,0
BRDA:55,72,0,16
BRDA:55,72,1,16
BRDA:55,90,0,16
FN:14,System.Void sly.lexer.fsm.transitioncheck.TransitionMultiRange::.ctor(System.ValueTuple`2<System.Char,System.Char>[])
FNDA:32,System.Void sly.lexer.fsm.transitioncheck.TransitionMultiRange::.ctor(System.ValueTuple`2<System.Char,System.Char>[])
DA:15,32
DA:16,32
DA:17,32
DA:18,32
FN:20,System.Void sly.lexer.fsm.transitioncheck.TransitionMultiRange::.ctor(sly.lexer.fsm.TransitionPrecondition,System.ValueTuple`2<System.Char,System.Char>[])
FNDA:32,System.Void sly.lexer.fsm.transitioncheck.TransitionMultiRange::.ctor(sly.lexer.fsm.TransitionPrecondition,System.ValueTuple`2<System.Char,System.Char>[])
DA:21,32
DA:22,32
DA:23,32
DA:24,32
LF:19
LH:19
BRF:8
BRH:6
FNF:3
FNH:3
end_of_record
SF:C:\Users\olduh\dev\csly\sly\lexer\fsm\transitioncheck\TransitionRange.cs
FN:34,System.Boolean sly.lexer.fsm.transitioncheck.TransitionRange::Match(System.Char)
FNDA:30176,System.Boolean sly.lexer.fsm.transitioncheck.TransitionRange::Match(System.Char)
DA:35,30176
DA:36,30176
DA:37,30176
BRDA:36,15,0,16736
BRDA:36,15,1,13440
FN:9,System.Void sly.lexer.fsm.transitioncheck.TransitionRange::.ctor(System.Char,System.Char)
FNDA:1031,System.Void sly.lexer.fsm.transitioncheck.TransitionRange::.ctor(System.Char,System.Char)
DA:10,1031
DA:11,1031
DA:12,1031
DA:13,1031
DA:14,1031
FN:16,System.Void sly.lexer.fsm.transitioncheck.TransitionRange::.ctor(System.Char,System.Char,sly.lexer.fsm.TransitionPrecondition)
FNDA:0,System.Void sly.lexer.fsm.transitioncheck.TransitionRange::.ctor(System.Char,System.Char,sly.lexer.fsm.TransitionPrecondition)
DA:17,0
DA:18,0
DA:19,0
DA:20,0
DA:21,0
DA:22,0
LF:14
LH:8
BRF:2
BRH:2
FNF:3
FNH:2
end_of_record
SF:C:\Users\olduh\dev\csly\sly\lexer\fsm\transitioncheck\TransitionSingle.cs
FN:30,System.Boolean sly.lexer.fsm.transitioncheck.TransitionSingle::Match(System.Char)
FNDA:17241,System.Boolean sly.lexer.fsm.transitioncheck.TransitionSingle::Match(System.Char)
DA:31,17241
DA:32,17241
DA:33,17241
FN:8,System.Void sly.lexer.fsm.transitioncheck.TransitionSingle::.ctor(System.Char)
FNDA:1863,System.Void sly.lexer.fsm.transitioncheck.TransitionSingle::.ctor(System.Char)
DA:9,1863
DA:10,1863
DA:11,1863
DA:12,1863
FN:14,System.Void sly.lexer.fsm.transitioncheck.TransitionSingle::.ctor(System.Char,sly.lexer.fsm.TransitionPrecondition)
FNDA:24,System.Void sly.lexer.fsm.transitioncheck.TransitionSingle::.ctor(System.Char,sly.lexer.fsm.TransitionPrecondition)
DA:15,24
DA:16,24
DA:17,24
DA:18,24
DA:19,24
LF:12
LH:12
BRF:0
BRH:0
FNF:3
FNH:3
end_of_record
SF:C:\Users\olduh\dev\csly\sly\i18n\I18N.cs
FN:54,sly.i18n.I18N sly.i18n.I18N::get_Instance()
FNDA:96,sly.i18n.I18N sly.i18n.I18N::get_Instance()
DA:55,96
DA:56,96
DA:57,1
DA:58,1
DA:59,1
DA:61,96
DA:62,96
BRDA:56,11,0,1
BRDA:56,11,1,96
FN:72,System.String sly.i18n.I18N::GetText(sly.i18n.Message,System.String[])
FNDA:0,System.String sly.i18n.I18N::GetText(sly.i18n.Message,System.String[])
DA:73,0
DA:74,0
DA:75,0
DA:76,0
FN:78,System.String sly.i18n.I18N::GetText(System.String,sly.i18n.Message,System.String[])
FNDA:96,System.String sly.i18n.I18N::GetText(System.String,sly.i18n.Message,System.String[])
DA:79,96
DA:80,96
DA:81,96
DA:82,96
DA:83,2
DA:84,2
DA:85,2
DA:87,96
DA:88,96
DA:89,96
DA:90,96
DA:93,0
DA:94,96
BRDA:80,3,0,15
BRDA:80,3,1,96
BRDA:82,42,0,2
BRDA:82,42,1,96
BRDA:88,67,0,96
BRDA:88,67,1,0
FN:97,System.Collections.Generic.IDictionary`2<sly.i18n.Message,System.String> sly.i18n.I18N::Load(System.String)
FNDA:2,System.Collections.Generic.IDictionary`2<sly.i18n.Message,System.String> sly.i18n.I18N::Load(System.String)
DA:98,2
DA:99,2
DA:100,2
DA:101,2
DA:102,2
DA:103,2
DA:104,2
DA:105,2
DA:106,2
DA:107,2
DA:108,2
DA:109,107
DA:110,105
DA:111,105
DA:112,77
DA:113,77
DA:114,77
DA:115,60
DA:116,60
DA:117,60
DA:118,60
DA:119,77
DA:121,105
DA:122,105
DA:123,2
DA:124,2
DA:126,0
DA:127,0
DA:129,2
DA:131,2
DA:132,2
DA:133,2
BRDA:104,58,0,2
BRDA:109,186,1,105
BRDA:111,104,0,77
BRDA:114,138,0,60
BRDA:114,138,1,77
BRDA:111,104,1,105
BRDA:109,186,0,2
BRDA:104,58,1,0
FN:64,System.Void sly.i18n.I18N::.ctor()
FNDA:1,System.Void sly.i18n.I18N::.ctor()
DA:65,1
DA:66,1
DA:67,1
DA:68,1
LF:60
LH:53
BRF:16
BRH:14
FNF:5
FNH:4
end_of_record
SF:C:\Users\olduh\dev\csly\sly\buildresult\BuildResult.cs
FN:16,System.Collections.Generic.List`1<sly.buildresult.InitializationError> sly.buildresult.BuildResult`1::get_Errors()
FNDA:2623,System.Collections.Generic.List`1<sly.buildresult.InitializationError> sly.buildresult.BuildResult`1::get_Errors()
DA:17,2623
FN:18,R sly.buildresult.BuildResult`1::get_Result()
FNDA:10384,R sly.buildresult.BuildResult`1::get_Result()
DA:19,10384
FN:22,System.Boolean sly.buildresult.BuildResult`1::get_IsError()
FNDA:7426,System.Boolean sly.buildresult.BuildResult`1::get_IsError()
DA:23,7426
BRDA:23,13,0,156
BRDA:23,13,1,2405
FN:25,System.Boolean sly.buildresult.BuildResult`1::get_IsOk()
FNDA:35,System.Boolean sly.buildresult.BuildResult`1::get_IsOk()
DA:26,35
FN:28,System.Void sly.buildresult.BuildResult`1::AddError(sly.buildresult.InitializationError)
FNDA:117,System.Void sly.buildresult.BuildResult`1::AddError(sly.buildresult.InitializationError)
DA:29,117
DA:30,117
DA:31,117
FN:33,System.Void sly.buildresult.BuildResult`1::AddErrors(System.Collections.Generic.List`1<sly.buildresult.InitializationError>)
FNDA:0,System.Void sly.buildresult.BuildResult`1::AddErrors(System.Collections.Generic.List`1<sly.buildresult.InitializationError>)
DA:34,0
DA:35,0
DA:36,0
FN:7,System.Void sly.buildresult.BuildResult`1::.ctor()
FNDA:645,System.Void sly.buildresult.BuildResult`1::.ctor()
DA:8,645
DA:9,1290
FN:10,System.Void sly.buildresult.BuildResult`1::.ctor(R)
FNDA:882,System.Void sly.buildresult.BuildResult`1::.ctor(R)
DA:11,882
DA:12,882
DA:13,882
DA:14,882
DA:15,882
LF:17
LH:14
BRF:2
BRH:2
FNF:8
FNH:7
end_of_record
SF:C:\Users\olduh\dev\csly\sly\buildresult\InitializationError.cs
FN:11,sly.buildresult.ErrorLevel sly.buildresult.InitializationError::get_Level()
FNDA:365,sly.buildresult.ErrorLevel sly.buildresult.InitializationError::get_Level()
DA:12,365
FN:13,System.String sly.buildresult.InitializationError::get_Message()
FNDA:184,System.String sly.buildresult.InitializationError::get_Message()
DA:14,184
FN:15,sly.buildresult.ErrorCodes sly.buildresult.InitializationError::get_Code()
FNDA:136,sly.buildresult.ErrorCodes sly.buildresult.InitializationError::get_Code()
DA:16,136
FN:4,System.Void sly.buildresult.InitializationError::.ctor(sly.buildresult.ErrorLevel,System.String,sly.buildresult.ErrorCodes)
FNDA:117,System.Void sly.buildresult.InitializationError::.ctor(sly.buildresult.ErrorLevel,System.String,sly.buildresult.ErrorCodes)
DA:5,117
DA:6,117
DA:7,117
DA:8,117
DA:9,117
DA:10,117
LF:9
LH:9
BRF:0
BRH:0
FNF:4
FNH:4
end_of_record
SF:C:\Users\olduh\dev\csly\sly\buildresult\LexerInitializationError.cs
FN:4,System.Void sly.buildresult.LexerInitializationError::.ctor(sly.buildresult.ErrorLevel,System.String,sly.buildresult.ErrorCodes)
FNDA:41,System.Void sly.buildresult.LexerInitializationError::.ctor(sly.buildresult.ErrorLevel,System.String,sly.buildresult.ErrorCodes)
DA:5,41
DA:6,41
DA:7,41
LF:3
LH:3
BRF:0
BRH:0
FNF:1
FNH:1
end_of_record
SF:C:\Users\olduh\dev\csly\sly\buildresult\ParserInitializationError.cs
FN:4,System.Void sly.buildresult.ParserInitializationError::.ctor(sly.buildresult.ErrorLevel,System.String,sly.buildresult.ErrorCodes)
FNDA:56,System.Void sly.buildresult.ParserInitializationError::.ctor(sly.buildresult.ErrorLevel,System.String,sly.buildresult.ErrorCodes)
DA:5,56
DA:6,56
DA:7,56
LF:3
LH:3
BRF:0
BRH:0
FNF:1
FNH:1
end_of_record