SF:/home/olivier/dev/csly/samples/IndentedWhile/parser/IndentedWhileParserGeneric.cs
FN:18,csly.whileLang.model.WhileAST csly.indentedWhileLang.parser.IndentedWhileParserGeneric::binaryComparisonExpression(csly.whileLang.model.WhileAST,sly.lexer.Token`1<csly.indentedWhileLang.parser.IndentedWhileTokenGeneric>,csly.whileLang.model.WhileAST)
FNDA:0,csly.whileLang.model.WhileAST csly.indentedWhileLang.parser.IndentedWhileParserGeneric::binaryComparisonExpression(csly.whileLang.model.WhileAST,sly.lexer.Token`1<csly.indentedWhileLang.parser.IndentedWhileTokenGeneric>,csly.whileLang.model.WhileAST)
DA:19,0
DA:20,0
DA:22,0
DA:25,0
DA:26,0
DA:27,0
DA:30,0
DA:31,0
DA:32,0
DA:35,0
DA:36,0
DA:37,0
DA:40,0
DA:41,0
DA:42,0
DA:46,0
DA:47,0
DA:48,0
BRDA:22,16,2,0
BRDA:22,16,1,0
BRDA:22,16,3,0
BRDA:22,16,4,0
BRDA:22,16,0,0
FN:55,csly.whileLang.model.WhileAST csly.indentedWhileLang.parser.IndentedWhileParserGeneric::binaryStringExpression(csly.whileLang.model.WhileAST,sly.lexer.Token`1<csly.indentedWhileLang.parser.IndentedWhileTokenGeneric>,csly.whileLang.model.WhileAST)
FNDA:0,csly.whileLang.model.WhileAST csly.indentedWhileLang.parser.IndentedWhileParserGeneric::binaryStringExpression(csly.whileLang.model.WhileAST,sly.lexer.Token`1<csly.indentedWhileLang.parser.IndentedWhileTokenGeneric>,csly.whileLang.model.WhileAST)
DA:56,0
DA:57,0
DA:58,0
DA:59,0
DA:60,0
FN:66,csly.whileLang.model.WhileAST csly.indentedWhileLang.parser.IndentedWhileParserGeneric::program(csly.whileLang.model.WhileAST)
FNDA:0,csly.whileLang.model.WhileAST csly.indentedWhileLang.parser.IndentedWhileParserGeneric::program(csly.whileLang.model.WhileAST)
DA:67,0
DA:68,0
DA:69,0
FN:72,csly.whileLang.model.WhileAST csly.indentedWhileLang.parser.IndentedWhileParserGeneric::sequenceStatements(csly.whileLang.model.SequenceStatement)
FNDA:0,csly.whileLang.model.WhileAST csly.indentedWhileLang.parser.IndentedWhileParserGeneric::sequenceStatements(csly.whileLang.model.SequenceStatement)
DA:73,0
DA:74,0
DA:75,0
FN:82,csly.whileLang.model.WhileAST csly.indentedWhileLang.parser.IndentedWhileParserGeneric::blockStatement(csly.whileLang.model.WhileAST)
FNDA:0,csly.whileLang.model.WhileAST csly.indentedWhileLang.parser.IndentedWhileParserGeneric::blockStatement(csly.whileLang.model.WhileAST)
DA:83,0
DA:84,0
DA:85,0
FN:88,csly.whileLang.model.WhileAST csly.indentedWhileLang.parser.IndentedWhileParserGeneric::sequence(System.Collections.Generic.List`1<csly.whileLang.model.WhileAST>)
FNDA:0,csly.whileLang.model.WhileAST csly.indentedWhileLang.parser.IndentedWhileParserGeneric::sequence(System.Collections.Generic.List`1<csly.whileLang.model.WhileAST>)
DA:89,0
DA:90,0
DA:91,0
DA:92,0
DA:93,0
FN:96,csly.whileLang.model.WhileAST csly.indentedWhileLang.parser.IndentedWhileParserGeneric::ifStmt(csly.whileLang.model.WhileAST,csly.whileLang.model.WhileAST,csly.whileLang.model.Statement)
FNDA:0,csly.whileLang.model.WhileAST csly.indentedWhileLang.parser.IndentedWhileParserGeneric::ifStmt(csly.whileLang.model.WhileAST,csly.whileLang.model.WhileAST,csly.whileLang.model.Statement)
DA:97,0
DA:98,0
DA:99,0
DA:100,0
FN:103,csly.whileLang.model.WhileAST csly.indentedWhileLang.parser.IndentedWhileParserGeneric::whileStmt(csly.whileLang.model.WhileAST,csly.whileLang.model.WhileAST)
FNDA:0,csly.whileLang.model.WhileAST csly.indentedWhileLang.parser.IndentedWhileParserGeneric::whileStmt(csly.whileLang.model.WhileAST,csly.whileLang.model.WhileAST)
DA:104,0
DA:105,0
DA:106,0
DA:107,0
FN:110,csly.whileLang.model.WhileAST csly.indentedWhileLang.parser.IndentedWhileParserGeneric::assignStmt(sly.lexer.Token`1<csly.indentedWhileLang.parser.IndentedWhileTokenGeneric>,csly.whileLang.model.Expression)
FNDA:0,csly.whileLang.model.WhileAST csly.indentedWhileLang.parser.IndentedWhileParserGeneric::assignStmt(sly.lexer.Token`1<csly.indentedWhileLang.parser.IndentedWhileTokenGeneric>,csly.whileLang.model.Expression)
DA:111,0
DA:112,0
DA:113,0
DA:114,0
FN:117,csly.whileLang.model.WhileAST csly.indentedWhileLang.parser.IndentedWhileParserGeneric::skipStmt()
FNDA:0,csly.whileLang.model.WhileAST csly.indentedWhileLang.parser.IndentedWhileParserGeneric::skipStmt()
DA:118,0
DA:119,0
DA:120,0
FN:123,csly.whileLang.model.WhileAST csly.indentedWhileLang.parser.IndentedWhileParserGeneric::ReturnStmt(csly.whileLang.model.Expression)
FNDA:0,csly.whileLang.model.WhileAST csly.indentedWhileLang.parser.IndentedWhileParserGeneric::ReturnStmt(csly.whileLang.model.Expression)
DA:124,0
DA:125,0
DA:126,0
FN:129,csly.whileLang.model.WhileAST csly.indentedWhileLang.parser.IndentedWhileParserGeneric::skipStmt(csly.whileLang.model.WhileAST)
FNDA:0,csly.whileLang.model.WhileAST csly.indentedWhileLang.parser.IndentedWhileParserGeneric::skipStmt(csly.whileLang.model.WhileAST)
DA:130,0
DA:131,0
DA:132,0
FN:140,csly.whileLang.model.WhileAST csly.indentedWhileLang.parser.IndentedWhileParserGeneric::PrimaryInt(sly.lexer.Token`1<csly.indentedWhileLang.parser.IndentedWhileTokenGeneric>)
FNDA:0,csly.whileLang.model.WhileAST csly.indentedWhileLang.parser.IndentedWhileParserGeneric::PrimaryInt(sly.lexer.Token`1<csly.indentedWhileLang.parser.IndentedWhileTokenGeneric>)
DA:141,0
DA:142,0
DA:143,0
FN:147,csly.whileLang.model.WhileAST csly.indentedWhileLang.parser.IndentedWhileParserGeneric::PrimaryBool(sly.lexer.Token`1<csly.indentedWhileLang.parser.IndentedWhileTokenGeneric>)
FNDA:0,csly.whileLang.model.WhileAST csly.indentedWhileLang.parser.IndentedWhileParserGeneric::PrimaryBool(sly.lexer.Token`1<csly.indentedWhileLang.parser.IndentedWhileTokenGeneric>)
DA:148,0
DA:149,0
DA:150,0
FN:153,csly.whileLang.model.WhileAST csly.indentedWhileLang.parser.IndentedWhileParserGeneric::PrimaryString(sly.lexer.Token`1<csly.indentedWhileLang.parser.IndentedWhileTokenGeneric>)
FNDA:0,csly.whileLang.model.WhileAST csly.indentedWhileLang.parser.IndentedWhileParserGeneric::PrimaryString(sly.lexer.Token`1<csly.indentedWhileLang.parser.IndentedWhileTokenGeneric>)
DA:154,0
DA:155,0
DA:156,0
FN:159,csly.whileLang.model.WhileAST csly.indentedWhileLang.parser.IndentedWhileParserGeneric::PrimaryId(sly.lexer.Token`1<csly.indentedWhileLang.parser.IndentedWhileTokenGeneric>)
FNDA:0,csly.whileLang.model.WhileAST csly.indentedWhileLang.parser.IndentedWhileParserGeneric::PrimaryId(sly.lexer.Token`1<csly.indentedWhileLang.parser.IndentedWhileTokenGeneric>)
DA:160,0
DA:161,0
DA:162,0
FN:166,csly.whileLang.model.WhileAST csly.indentedWhileLang.parser.IndentedWhileParserGeneric::Operand(csly.whileLang.model.WhileAST)
FNDA:0,csly.whileLang.model.WhileAST csly.indentedWhileLang.parser.IndentedWhileParserGeneric::Operand(csly.whileLang.model.WhileAST)
DA:167,0
DA:168,0
DA:169,0
FN:178,csly.whileLang.model.WhileAST csly.indentedWhileLang.parser.IndentedWhileParserGeneric::binaryTermNumericExpression(csly.whileLang.model.WhileAST,sly.lexer.Token`1<csly.indentedWhileLang.parser.IndentedWhileTokenGeneric>,csly.whileLang.model.WhileAST)
FNDA:0,csly.whileLang.model.WhileAST csly.indentedWhileLang.parser.IndentedWhileParserGeneric::binaryTermNumericExpression(csly.whileLang.model.WhileAST,sly.lexer.Token`1<csly.indentedWhileLang.parser.IndentedWhileTokenGeneric>,csly.whileLang.model.WhileAST)
DA:179,0
DA:180,0
DA:182,0
DA:185,0
DA:186,0
DA:187,0
DA:190,0
DA:191,0
DA:192,0
DA:196,0
DA:197,0
DA:198,0
BRDA:182,15,0,0
BRDA:182,15,1,0
BRDA:182,22,1,0
BRDA:182,22,0,0
FN:203,csly.whileLang.model.WhileAST csly.indentedWhileLang.parser.IndentedWhileParserGeneric::binaryFactorNumericExpression(csly.whileLang.model.WhileAST,sly.lexer.Token`1<csly.indentedWhileLang.parser.IndentedWhileTokenGeneric>,csly.whileLang.model.WhileAST)
FNDA:0,csly.whileLang.model.WhileAST csly.indentedWhileLang.parser.IndentedWhileParserGeneric::binaryFactorNumericExpression(csly.whileLang.model.WhileAST,sly.lexer.Token`1<csly.indentedWhileLang.parser.IndentedWhileTokenGeneric>,csly.whileLang.model.WhileAST)
DA:204,0
DA:205,0
DA:207,0
DA:210,0
DA:211,0
DA:212,0
DA:215,0
DA:216,0
DA:217,0
DA:221,0
DA:222,0
DA:223,0
BRDA:207,15,0,0
BRDA:207,15,1,0
BRDA:207,22,1,0
BRDA:207,22,0,0
FN:226,csly.whileLang.model.WhileAST csly.indentedWhileLang.parser.IndentedWhileParserGeneric::unaryNumericExpression(sly.lexer.Token`1<csly.indentedWhileLang.parser.IndentedWhileTokenGeneric>,csly.whileLang.model.WhileAST)
FNDA:0,csly.whileLang.model.WhileAST csly.indentedWhileLang.parser.IndentedWhileParserGeneric::unaryNumericExpression(sly.lexer.Token`1<csly.indentedWhileLang.parser.IndentedWhileTokenGeneric>,csly.whileLang.model.WhileAST)
DA:227,0
DA:228,0
DA:229,0
FN:237,csly.whileLang.model.WhileAST csly.indentedWhileLang.parser.IndentedWhileParserGeneric::binaryOrExpression(csly.whileLang.model.WhileAST,sly.lexer.Token`1<csly.indentedWhileLang.parser.IndentedWhileTokenGeneric>,csly.whileLang.model.WhileAST)
FNDA:0,csly.whileLang.model.WhileAST csly.indentedWhileLang.parser.IndentedWhileParserGeneric::binaryOrExpression(csly.whileLang.model.WhileAST,sly.lexer.Token`1<csly.indentedWhileLang.parser.IndentedWhileTokenGeneric>,csly.whileLang.model.WhileAST)
DA:238,0
DA:239,0
DA:242,0
DA:243,0
DA:244,0
FN:247,csly.whileLang.model.WhileAST csly.indentedWhileLang.parser.IndentedWhileParserGeneric::binaryAndExpression(csly.whileLang.model.WhileAST,sly.lexer.Token`1<csly.indentedWhileLang.parser.IndentedWhileTokenGeneric>,csly.whileLang.model.WhileAST)
FNDA:0,csly.whileLang.model.WhileAST csly.indentedWhileLang.parser.IndentedWhileParserGeneric::binaryAndExpression(csly.whileLang.model.WhileAST,sly.lexer.Token`1<csly.indentedWhileLang.parser.IndentedWhileTokenGeneric>,csly.whileLang.model.WhileAST)
DA:248,0
DA:249,0
DA:252,0
DA:253,0
DA:254,0
FN:257,csly.whileLang.model.WhileAST csly.indentedWhileLang.parser.IndentedWhileParserGeneric::binaryOrExpression(sly.lexer.Token`1<csly.indentedWhileLang.parser.IndentedWhileTokenGeneric>,csly.whileLang.model.WhileAST)
FNDA:0,csly.whileLang.model.WhileAST csly.indentedWhileLang.parser.IndentedWhileParserGeneric::binaryOrExpression(sly.lexer.Token`1<csly.indentedWhileLang.parser.IndentedWhileTokenGeneric>,csly.whileLang.model.WhileAST)
DA:258,0
DA:259,0
DA:260,0
LF:113
LH:0
BRF:13
BRH:0
FNF:23
FNH:0
end_of_record
SF:/home/olivier/dev/csly/samples/IndentedWhile/IndentedWhileCompiler.cs
FN:26,System.String csly.indentedWhileLang.compiler.IndentedWhileCompiler::GetNameSpace(System.String)
FNDA:0,System.String csly.indentedWhileLang.compiler.IndentedWhileCompiler::GetNameSpace(System.String)
DA:27,0
DA:28,0
DA:29,0
FN:31,System.String csly.indentedWhileLang.compiler.IndentedWhileCompiler::GetClassName(System.String)
FNDA:0,System.String csly.indentedWhileLang.compiler.IndentedWhileCompiler::GetClassName(System.String)
DA:32,0
DA:33,0
DA:34,0
FN:37,System.String csly.indentedWhileLang.compiler.IndentedWhileCompiler::GetCSharpCode(System.String,System.String)
FNDA:0,System.String csly.indentedWhileLang.compiler.IndentedWhileCompiler::GetCSharpCode(System.String,System.String)
DA:38,0
DA:39,0
DA:40,0
DA:41,0
DA:42,0
DA:43,0
DA:44,0
DA:45,0
DA:46,0
DA:47,0
DA:48,0
DA:49,0
DA:50,0
FN:53,System.String csly.indentedWhileLang.compiler.IndentedWhileCompiler::TranspileToCSharp(System.String)
FNDA:0,System.String csly.indentedWhileLang.compiler.IndentedWhileCompiler::TranspileToCSharp(System.String)
DA:54,0
DA:55,0
DA:58,0
DA:59,0
DA:60,0
DA:61,0
DA:62,0
DA:64,0
DA:66,0
DA:68,0
DA:69,0
DA:70,0
DA:71,0
DA:72,0
DA:73,0
DA:74,0
DA:75,0
DA:78,0
DA:79,0
BRDA:60,26,0,0
BRDA:60,26,1,0
FN:82,System.Func`1<System.Int32> csly.indentedWhileLang.compiler.IndentedWhileCompiler::CompileToFunction(System.String,System.Boolean)
FNDA:0,System.Func`1<System.Int32> csly.indentedWhileLang.compiler.IndentedWhileCompiler::CompileToFunction(System.String,System.Boolean)
DA:83,0
DA:84,0
DA:87,0
DA:88,0
DA:89,0
DA:90,0
DA:91,0
DA:93,0
DA:95,0
DA:97,0
DA:99,0
DA:102,0
DA:103,0
DA:104,0
DA:105,0
DA:106,0
DA:107,0
DA:108,0
DA:111,0
DA:112,0
BRDA:89,26,0,0
BRDA:89,26,1,0
FN:16,System.Void csly.indentedWhileLang.compiler.IndentedWhileCompiler::.ctor()
FNDA:0,System.Void csly.indentedWhileLang.compiler.IndentedWhileCompiler::.ctor()
DA:17,0
DA:18,0
DA:19,0
DA:20,0
DA:21,0
DA:22,0
DA:23,0
LF:65
LH:0
BRF:4
BRH:0
FNF:6
FNH:0
end_of_record
SF:/home/olivier/dev/csly/samples/postProcessedLexerParser/PostProcessedLexerParserBuilder.cs
FN:13,System.Collections.Generic.List`1<sly.lexer.Token`1<postProcessedLexerParser.expressionModel.FormulaToken>> postProcessedLexerParser.PostProcessedLexerParserBuilder::postProcessFormula(System.Collections.Generic.List`1<sly.lexer.Token`1<postProcessedLexerParser.expressionModel.FormulaToken>>)
FNDA:0,System.Collections.Generic.List`1<sly.lexer.Token`1<postProcessedLexerParser.expressionModel.FormulaToken>> postProcessedLexerParser.PostProcessedLexerParserBuilder::postProcessFormula(System.Collections.Generic.List`1<sly.lexer.Token`1<postProcessedLexerParser.expressionModel.FormulaToken>>)
DA:14,0
DA:15,0
DA:16,0
DA:17,0
DA:18,0
DA:20,0
DA:21,0
DA:22,0
DA:23,0
DA:25,0
DA:27,0
DA:30,0
DA:31,0
DA:32,0
DA:33,0
DA:34,0
DA:35,0
DA:36,0
DA:37,0
DA:38,0
DA:39,0
DA:40,0
DA:41,0
DA:42,0
DA:44,0
DA:45,0
BRDA:31,238,1,0
BRDA:33,127,0,0
BRDA:33,148,0,0
BRDA:33,127,1,0
BRDA:33,148,1,0
BRDA:33,178,0,0
BRDA:33,178,1,0
BRDA:31,238,0,0
FN:47,sly.parser.Parser`2<postProcessedLexerParser.expressionModel.FormulaToken,postProcessedLexerParser.expressionModel.Expression> postProcessedLexerParser.PostProcessedLexerParserBuilder::buildPostProcessedLexerParser()
FNDA:0,sly.parser.Parser`2<postProcessedLexerParser.expressionModel.FormulaToken,postProcessedLexerParser.expressionModel.Expression> postProcessedLexerParser.PostProcessedLexerParserBuilder::buildPostProcessedLexerParser()
DA:48,0
DA:49,0
DA:50,0
DA:51,0
DA:52,0
DA:53,0
DA:54,0
DA:55,0
DA:56,0
DA:57,0
DA:58,0
DA:60,0
DA:63,0
DA:64,0
DA:65,0
BRDA:51,28,0,0
BRDA:51,28,1,0
BRDA:53,65,0,0
BRDA:55,115,1,0
BRDA:55,115,0,0
BRDA:53,65,1,0
LF:41
LH:0
BRF:14
BRH:0
FNF:2
FNH:0
end_of_record
SF:/home/olivier/dev/csly/samples/postProcessedLexerParser/expressionModel/BinaryOperation.cs
FN:19,System.Nullable`1<System.Double> postProcessedLexerParser.expressionModel.BinaryOperation::Evaluate(postProcessedLexerParser.expressionModel.ExpressionContext)
FNDA:0,System.Nullable`1<System.Double> postProcessedLexerParser.expressionModel.BinaryOperation::Evaluate(postProcessedLexerParser.expressionModel.ExpressionContext)
DA:20,0
DA:21,0
DA:22,0
DA:24,0
DA:25,0
DA:28,0
DA:29,0
DA:32,0
DA:33,0
DA:36,0
DA:37,0
DA:40,0
DA:41,0
DA:44,0
DA:45,0
DA:48,0
DA:49,0
DA:52,0
DA:53,0
BRDA:24,34,0,0
BRDA:24,34,1,0
BRDA:24,48,0,0
BRDA:25,67,1,0
BRDA:25,67,3,0
BRDA:25,67,4,0
BRDA:25,67,5,0
BRDA:25,67,9,0
BRDA:25,67,0,0
BRDA:25,67,2,0
BRDA:25,67,6,0
BRDA:25,67,7,0
BRDA:25,67,8,0
BRDA:24,48,1,0
FN:11,System.Void postProcessedLexerParser.expressionModel.BinaryOperation::.ctor(postProcessedLexerParser.expressionModel.Expression,postProcessedLexerParser.expressionModel.FormulaToken,postProcessedLexerParser.expressionModel.Expression)
FNDA:0,System.Void postProcessedLexerParser.expressionModel.BinaryOperation::.ctor(postProcessedLexerParser.expressionModel.Expression,postProcessedLexerParser.expressionModel.FormulaToken,postProcessedLexerParser.expressionModel.Expression)
DA:12,0
DA:13,0
DA:14,0
DA:15,0
DA:16,0
DA:17,0
LF:25
LH:0
BRF:14
BRH:0
FNF:2
FNH:0
end_of_record
SF:/home/olivier/dev/csly/samples/postProcessedLexerParser/expressionModel/ExpressionContext.cs
FN:19,System.Nullable`1<System.Double> postProcessedLexerParser.expressionModel.ExpressionContext::GetValue(System.String)
FNDA:0,System.Nullable`1<System.Double> postProcessedLexerParser.expressionModel.ExpressionContext::GetValue(System.String)
DA:20,0
DA:21,0
DA:22,0
DA:23,0
BRDA:21,15,0,0
BRDA:21,15,1,0
FN:8,System.Void postProcessedLexerParser.expressionModel.ExpressionContext::.ctor()
FNDA:0,System.Void postProcessedLexerParser.expressionModel.ExpressionContext::.ctor()
DA:9,0
DA:10,0
DA:11,0
DA:12,0
FN:13,System.Void postProcessedLexerParser.expressionModel.ExpressionContext::.ctor(System.Collections.Generic.Dictionary`2<System.String,System.Double>)
FNDA:0,System.Void postProcessedLexerParser.expressionModel.ExpressionContext::.ctor(System.Collections.Generic.Dictionary`2<System.String,System.Double>)
DA:14,0
DA:15,0
DA:16,0
DA:17,0
LF:12
LH:0
BRF:2
BRH:0
FNF:3
FNH:0
end_of_record
SF:/home/olivier/dev/csly/samples/postProcessedLexerParser/expressionModel/FormulaParser.cs
FN:13,postProcessedLexerParser.expressionModel.Expression postProcessedLexerParser.expressionModel.FormulaParser::BinaryTermExpression(postProcessedLexerParser.expressionModel.Expression,sly.lexer.Token`1<postProcessedLexerParser.expressionModel.FormulaToken>,postProcessedLexerParser.expressionModel.Expression)
FNDA:0,postProcessedLexerParser.expressionModel.Expression postProcessedLexerParser.expressionModel.FormulaParser::BinaryTermExpression(postProcessedLexerParser.expressionModel.Expression,sly.lexer.Token`1<postProcessedLexerParser.expressionModel.FormulaToken>,postProcessedLexerParser.expressionModel.Expression)
DA:14,0
DA:15,0
DA:16,0
FN:21,postProcessedLexerParser.expressionModel.Expression postProcessedLexerParser.expressionModel.FormulaParser::BinaryFactorExpression(postProcessedLexerParser.expressionModel.Expression,sly.lexer.Token`1<postProcessedLexerParser.expressionModel.FormulaToken>,postProcessedLexerParser.expressionModel.Expression)
FNDA:0,postProcessedLexerParser.expressionModel.Expression postProcessedLexerParser.expressionModel.FormulaParser::BinaryFactorExpression(postProcessedLexerParser.expressionModel.Expression,sly.lexer.Token`1<postProcessedLexerParser.expressionModel.FormulaToken>,postProcessedLexerParser.expressionModel.Expression)
DA:22,0
DA:23,0
DA:24,0
FN:28,postProcessedLexerParser.expressionModel.Expression postProcessedLexerParser.expressionModel.FormulaParser::PreFixExpression(sly.lexer.Token`1<postProcessedLexerParser.expressionModel.FormulaToken>,postProcessedLexerParser.expressionModel.Expression)
FNDA:0,postProcessedLexerParser.expressionModel.Expression postProcessedLexerParser.expressionModel.FormulaParser::PreFixExpression(sly.lexer.Token`1<postProcessedLexerParser.expressionModel.FormulaToken>,postProcessedLexerParser.expressionModel.Expression)
DA:29,0
DA:30,0
DA:31,0
FN:34,postProcessedLexerParser.expressionModel.Expression postProcessedLexerParser.expressionModel.FormulaParser::ExpExpression(postProcessedLexerParser.expressionModel.Expression,sly.lexer.Token`1<postProcessedLexerParser.expressionModel.FormulaToken>,postProcessedLexerParser.expressionModel.Expression)
FNDA:0,postProcessedLexerParser.expressionModel.Expression postProcessedLexerParser.expressionModel.FormulaParser::ExpExpression(postProcessedLexerParser.expressionModel.Expression,sly.lexer.Token`1<postProcessedLexerParser.expressionModel.FormulaToken>,postProcessedLexerParser.expressionModel.Expression)
DA:35,0
DA:36,0
DA:37,0
FN:41,postProcessedLexerParser.expressionModel.Expression postProcessedLexerParser.expressionModel.FormulaParser::OperandValue(postProcessedLexerParser.expressionModel.Expression)
FNDA:0,postProcessedLexerParser.expressionModel.Expression postProcessedLexerParser.expressionModel.FormulaParser::OperandValue(postProcessedLexerParser.expressionModel.Expression)
DA:42,0
DA:43,0
DA:44,0
FN:48,postProcessedLexerParser.expressionModel.Expression postProcessedLexerParser.expressionModel.FormulaParser::OperandVariable(sly.lexer.Token`1<postProcessedLexerParser.expressionModel.FormulaToken>)
FNDA:0,postProcessedLexerParser.expressionModel.Expression postProcessedLexerParser.expressionModel.FormulaParser::OperandVariable(sly.lexer.Token`1<postProcessedLexerParser.expressionModel.FormulaToken>)
DA:49,0
DA:50,0
DA:51,0
FN:55,postProcessedLexerParser.expressionModel.Expression postProcessedLexerParser.expressionModel.FormulaParser::OperandInt(sly.lexer.Token`1<postProcessedLexerParser.expressionModel.FormulaToken>)
FNDA:0,postProcessedLexerParser.expressionModel.Expression postProcessedLexerParser.expressionModel.FormulaParser::OperandInt(sly.lexer.Token`1<postProcessedLexerParser.expressionModel.FormulaToken>)
DA:56,0
DA:57,0
DA:58,0
FN:61,postProcessedLexerParser.expressionModel.Expression postProcessedLexerParser.expressionModel.FormulaParser::OperandParens(sly.lexer.Token`1<postProcessedLexerParser.expressionModel.FormulaToken>,postProcessedLexerParser.expressionModel.Expression,sly.lexer.Token`1<postProcessedLexerParser.expressionModel.FormulaToken>)
FNDA:0,postProcessedLexerParser.expressionModel.Expression postProcessedLexerParser.expressionModel.FormulaParser::OperandParens(sly.lexer.Token`1<postProcessedLexerParser.expressionModel.FormulaToken>,postProcessedLexerParser.expressionModel.Expression,sly.lexer.Token`1<postProcessedLexerParser.expressionModel.FormulaToken>)
DA:62,0
DA:63,0
DA:64,0
FN:69,postProcessedLexerParser.expressionModel.Expression postProcessedLexerParser.expressionModel.FormulaParser::FunctionCall(sly.lexer.Token`1<postProcessedLexerParser.expressionModel.FormulaToken>,postProcessedLexerParser.expressionModel.Expression,System.Collections.Generic.List`1<sly.parser.parser.Group`2<postProcessedLexerParser.expressionModel.FormulaToken,postProcessedLexerParser.expressionModel.Expression>>)
FNDA:0,postProcessedLexerParser.expressionModel.Expression postProcessedLexerParser.expressionModel.FormulaParser::FunctionCall(sly.lexer.Token`1<postProcessedLexerParser.expressionModel.FormulaToken>,postProcessedLexerParser.expressionModel.Expression,System.Collections.Generic.List`1<sly.parser.parser.Group`2<postProcessedLexerParser.expressionModel.FormulaToken,postProcessedLexerParser.expressionModel.Expression>>)
DA:70,0
DA:71,0
DA:72,0
DA:73,0
DA:74,0
DA:75,0
LF:30
LH:0
BRF:0
BRH:0
FNF:9
FNH:0
end_of_record
SF:/home/olivier/dev/csly/samples/postProcessedLexerParser/expressionModel/FunctionCall.cs
FN:10,System.Double postProcessedLexerParser.expressionModel.FunctionCall::Sin(System.Collections.Generic.IEnumerable`1<System.Nullable`1<System.Double>>)
FNDA:0,System.Double postProcessedLexerParser.expressionModel.FunctionCall::Sin(System.Collections.Generic.IEnumerable`1<System.Nullable`1<System.Double>>)
DA:11,0
DA:12,0
DA:13,0
DA:14,0
DA:17,0
DA:18,0
BRDA:12,8,0,0
BRDA:12,8,1,0
BRDA:12,29,0,0
BRDA:12,29,1,0
FN:20,System.Double postProcessedLexerParser.expressionModel.FunctionCall::Cos(System.Collections.Generic.IEnumerable`1<System.Nullable`1<System.Double>>)
FNDA:0,System.Double postProcessedLexerParser.expressionModel.FunctionCall::Cos(System.Collections.Generic.IEnumerable`1<System.Nullable`1<System.Double>>)
DA:21,0
DA:22,0
DA:23,0
DA:24,0
DA:26,0
DA:27,0
BRDA:22,8,0,0
BRDA:22,8,1,0
BRDA:22,29,0,0
BRDA:22,29,1,0
FN:29,System.Double postProcessedLexerParser.expressionModel.FunctionCall::Tan(System.Collections.Generic.IEnumerable`1<System.Nullable`1<System.Double>>)
FNDA:0,System.Double postProcessedLexerParser.expressionModel.FunctionCall::Tan(System.Collections.Generic.IEnumerable`1<System.Nullable`1<System.Double>>)
DA:30,0
DA:31,0
DA:32,0
DA:33,0
DA:35,0
DA:36,0
BRDA:31,8,0,0
BRDA:31,8,1,0
BRDA:31,29,0,0
BRDA:31,29,1,0
FN:38,System.Double postProcessedLexerParser.expressionModel.FunctionCall::Sqrt(System.Collections.Generic.IEnumerable`1<System.Nullable`1<System.Double>>)
FNDA:0,System.Double postProcessedLexerParser.expressionModel.FunctionCall::Sqrt(System.Collections.Generic.IEnumerable`1<System.Nullable`1<System.Double>>)
DA:39,0
DA:40,0
DA:41,0
DA:42,0
DA:44,0
DA:45,0
BRDA:40,8,0,0
BRDA:40,8,1,0
BRDA:40,29,0,0
BRDA:40,29,1,0
FN:47,System.Double postProcessedLexerParser.expressionModel.FunctionCall::Ln(System.Collections.Generic.IEnumerable`1<System.Nullable`1<System.Double>>)
FNDA:0,System.Double postProcessedLexerParser.expressionModel.FunctionCall::Ln(System.Collections.Generic.IEnumerable`1<System.Nullable`1<System.Double>>)
DA:48,0
DA:49,0
DA:50,0
DA:51,0
DA:53,0
DA:54,0
BRDA:49,8,0,0
BRDA:49,8,1,0
BRDA:49,29,0,0
BRDA:49,29,1,0
FN:56,System.Double postProcessedLexerParser.expressionModel.FunctionCall::Log2(System.Collections.Generic.IEnumerable`1<System.Nullable`1<System.Double>>)
FNDA:0,System.Double postProcessedLexerParser.expressionModel.FunctionCall::Log2(System.Collections.Generic.IEnumerable`1<System.Nullable`1<System.Double>>)
DA:57,0
DA:58,0
DA:59,0
DA:60,0
DA:62,0
DA:63,0
BRDA:58,8,0,0
BRDA:58,8,1,0
BRDA:58,29,0,0
BRDA:58,29,1,0
FN:64,System.Collections.Generic.List`1<postProcessedLexerParser.expressionModel.Expression> postProcessedLexerParser.expressionModel.FunctionCall::get_Parameters()
FNDA:0,System.Collections.Generic.List`1<postProcessedLexerParser.expressionModel.Expression> postProcessedLexerParser.expressionModel.FunctionCall::get_Parameters()
DA:65,0
FN:66,System.String postProcessedLexerParser.expressionModel.FunctionCall::get_Name()
FNDA:0,System.String postProcessedLexerParser.expressionModel.FunctionCall::get_Name()
DA:67,0
FN:75,System.Nullable`1<System.Double> postProcessedLexerParser.expressionModel.FunctionCall::Evaluate(postProcessedLexerParser.expressionModel.ExpressionContext)
FNDA:0,System.Nullable`1<System.Double> postProcessedLexerParser.expressionModel.FunctionCall::Evaluate(postProcessedLexerParser.expressionModel.ExpressionContext)
DA:76,0
DA:77,0
DA:78,0
DA:81,0
DA:83,0
DA:85,0
DA:87,0
DA:89,0
DA:91,0
DA:94,0
DA:95,0
BRDA:78,58,0,0
BRDA:78,71,0,0
BRDA:78,84,0,0
BRDA:78,97,0,0
BRDA:78,110,0,0
BRDA:78,58,1,0
BRDA:78,71,1,0
BRDA:78,84,1,0
BRDA:78,97,1,0
BRDA:78,110,1,0
BRDA:78,123,1,0
BRDA:78,123,0,0
FN:68,System.Void postProcessedLexerParser.expressionModel.FunctionCall::.ctor(System.String,System.Collections.Generic.List`1<postProcessedLexerParser.expressionModel.Expression>)
FNDA:0,System.Void postProcessedLexerParser.expressionModel.FunctionCall::.ctor(System.String,System.Collections.Generic.List`1<postProcessedLexerParser.expressionModel.Expression>)
DA:69,0
DA:70,0
DA:71,0
DA:72,0
DA:73,0
LF:54
LH:0
BRF:36
BRH:0
FNF:10
FNH:0
end_of_record
SF:/home/olivier/dev/csly/samples/postProcessedLexerParser/expressionModel/Group.cs
FN:12,System.Nullable`1<System.Double> postProcessedLexerParser.expressionModel.Group::Evaluate(postProcessedLexerParser.expressionModel.ExpressionContext)
FNDA:0,System.Nullable`1<System.Double> postProcessedLexerParser.expressionModel.Group::Evaluate(postProcessedLexerParser.expressionModel.ExpressionContext)
DA:13,0
DA:14,0
DA:15,0
FN:6,System.Void postProcessedLexerParser.expressionModel.Group::.ctor(postProcessedLexerParser.expressionModel.Expression)
FNDA:0,System.Void postProcessedLexerParser.expressionModel.Group::.ctor(postProcessedLexerParser.expressionModel.Expression)
DA:7,0
DA:8,0
DA:9,0
DA:10,0
LF:7
LH:0
BRF:0
BRH:0
FNF:2
FNH:0
end_of_record
SF:/home/olivier/dev/csly/samples/postProcessedLexerParser/expressionModel/Number.cs
FN:12,System.Nullable`1<System.Double> postProcessedLexerParser.expressionModel.Number::Evaluate(postProcessedLexerParser.expressionModel.ExpressionContext)
FNDA:0,System.Nullable`1<System.Double> postProcessedLexerParser.expressionModel.Number::Evaluate(postProcessedLexerParser.expressionModel.ExpressionContext)
DA:13,0
DA:14,0
DA:15,0
FN:6,System.Void postProcessedLexerParser.expressionModel.Number::.ctor(System.Double)
FNDA:0,System.Void postProcessedLexerParser.expressionModel.Number::.ctor(System.Double)
DA:7,0
DA:8,0
DA:9,0
DA:10,0
LF:7
LH:0
BRF:0
BRH:0
FNF:2
FNH:0
end_of_record
SF:/home/olivier/dev/csly/samples/postProcessedLexerParser/expressionModel/UnaryOperation.cs
FN:14,System.Nullable`1<System.Double> postProcessedLexerParser.expressionModel.UnaryOperation::Evaluate(postProcessedLexerParser.expressionModel.ExpressionContext)
FNDA:0,System.Nullable`1<System.Double> postProcessedLexerParser.expressionModel.UnaryOperation::Evaluate(postProcessedLexerParser.expressionModel.ExpressionContext)
DA:15,0
DA:16,0
DA:18,0
DA:19,0
DA:22,0
DA:23,0
DA:26,0
DA:27,0
DA:30,0
DA:31,0
DA:34,0
DA:35,0
BRDA:18,23,0,0
BRDA:19,36,0,0
BRDA:19,36,1,0
BRDA:19,42,1,0
BRDA:19,42,0,0
BRDA:18,23,1,0
FN:7,System.Void postProcessedLexerParser.expressionModel.UnaryOperation::.ctor(postProcessedLexerParser.expressionModel.FormulaToken,postProcessedLexerParser.expressionModel.Expression)
FNDA:0,System.Void postProcessedLexerParser.expressionModel.UnaryOperation::.ctor(postProcessedLexerParser.expressionModel.FormulaToken,postProcessedLexerParser.expressionModel.Expression)
DA:8,0
DA:9,0
DA:10,0
DA:11,0
DA:12,0
LF:17
LH:0
BRF:6
BRH:0
FNF:2
FNH:0
end_of_record
SF:/home/olivier/dev/csly/samples/postProcessedLexerParser/expressionModel/Variable.cs
FN:13,System.Nullable`1<System.Double> postProcessedLexerParser.expressionModel.Variable::Evaluate(postProcessedLexerParser.expressionModel.ExpressionContext)
FNDA:0,System.Nullable`1<System.Double> postProcessedLexerParser.expressionModel.Variable::Evaluate(postProcessedLexerParser.expressionModel.ExpressionContext)
DA:14,0
DA:15,0
DA:16,0
FN:6,System.Void postProcessedLexerParser.expressionModel.Variable::.ctor(System.String)
FNDA:0,System.Void postProcessedLexerParser.expressionModel.Variable::.ctor(System.String)
DA:7,0
DA:8,0
DA:9,0
DA:10,0
LF:7
LH:0
BRF:0
BRH:0
FNF:2
FNH:0
end_of_record
SF:/home/olivier/dev/csly/samples/XML/MinimalXmlParser.cs
FN:14,System.String XML.MinimalXmlParser::Document(System.Collections.Generic.List`1<System.String>,System.String,System.Collections.Generic.List`1<System.String>)
FNDA:1,System.String XML.MinimalXmlParser::Document(System.Collections.Generic.List`1<System.String>,System.String,System.Collections.Generic.List`1<System.String>)
DA:15,1
DA:16,1
DA:17,5
DA:18,1
DA:19,1
DA:20,1
DA:22,1
DA:24,3
DA:25,0
DA:26,0
DA:27,0
DA:29,1
DA:30,1
BRDA:17,42,1,1
BRDA:17,42,0,1
BRDA:24,106,1,0
BRDA:24,106,0,1
FN:33,System.String XML.MinimalXmlParser::AutoElement(sly.lexer.Token`1<XML.MinimalXmlLexer>,System.String)
FNDA:1,System.String XML.MinimalXmlParser::AutoElement(sly.lexer.Token`1<XML.MinimalXmlLexer>,System.String)
DA:34,1
DA:35,1
DA:36,1
FN:39,System.String XML.MinimalXmlParser::OpenTag(sly.lexer.Token`1<XML.MinimalXmlLexer>,System.String)
FNDA:3,System.String XML.MinimalXmlParser::OpenTag(sly.lexer.Token`1<XML.MinimalXmlLexer>,System.String)
DA:40,3
DA:41,3
DA:42,3
FN:45,System.String XML.MinimalXmlParser::CloseTag(sly.lexer.Token`1<XML.MinimalXmlLexer>)
FNDA:3,System.String XML.MinimalXmlParser::CloseTag(sly.lexer.Token`1<XML.MinimalXmlLexer>)
DA:46,3
DA:47,3
DA:48,3
FN:51,System.String XML.MinimalXmlParser::CompoundElement(System.String,System.Collections.Generic.List`1<System.String>,System.String)
FNDA:3,System.String XML.MinimalXmlParser::CompoundElement(System.String,System.Collections.Generic.List`1<System.String>,System.String)
DA:52,3
DA:53,3
DA:54,3
DA:55,3
FN:58,System.String XML.MinimalXmlParser::Misc(System.String)
FNDA:1,System.String XML.MinimalXmlParser::Misc(System.String)
DA:59,1
DA:60,1
DA:61,1
FN:64,System.String XML.MinimalXmlParser::Comment(sly.lexer.Token`1<XML.MinimalXmlLexer>)
FNDA:0,System.String XML.MinimalXmlParser::Comment(sly.lexer.Token`1<XML.MinimalXmlLexer>)
DA:65,0
DA:66,0
DA:67,0
FN:70,System.String XML.MinimalXmlParser::Pi(sly.lexer.Token`1<XML.MinimalXmlLexer>,System.String)
FNDA:2,System.String XML.MinimalXmlParser::Pi(sly.lexer.Token`1<XML.MinimalXmlLexer>,System.String)
DA:71,2
DA:72,2
DA:73,2
FN:77,System.String XML.MinimalXmlParser::Attributes(System.Collections.Generic.List`1<System.String>)
FNDA:6,System.String XML.MinimalXmlParser::Attributes(System.Collections.Generic.List`1<System.String>)
DA:78,6
DA:79,12
DA:80,6
FN:83,System.String XML.MinimalXmlParser::Attribute(sly.lexer.Token`1<XML.MinimalXmlLexer>,sly.lexer.Token`1<XML.MinimalXmlLexer>)
FNDA:6,System.String XML.MinimalXmlParser::Attribute(sly.lexer.Token`1<XML.MinimalXmlLexer>,sly.lexer.Token`1<XML.MinimalXmlLexer>)
DA:84,6
DA:85,6
DA:86,6
FN:89,System.String XML.MinimalXmlParser::Content(sly.lexer.Token`1<XML.MinimalXmlLexer>)
FNDA:1,System.String XML.MinimalXmlParser::Content(sly.lexer.Token`1<XML.MinimalXmlLexer>)
DA:90,1
DA:91,1
DA:92,1
LF:44
LH:38
BRF:4
BRH:3
FNF:11
FNH:10
end_of_record
SF:/home/olivier/dev/csly/samples/while/parser/WhileParser.cs
FN:18,csly.whileLang.model.WhileAST csly.whileLang.parser.WhileParser::binaryComparisonExpression(csly.whileLang.model.WhileAST,sly.lexer.Token`1<csly.whileLang.parser.WhileToken>,csly.whileLang.model.WhileAST)
FNDA:0,csly.whileLang.model.WhileAST csly.whileLang.parser.WhileParser::binaryComparisonExpression(csly.whileLang.model.WhileAST,sly.lexer.Token`1<csly.whileLang.parser.WhileToken>,csly.whileLang.model.WhileAST)
DA:19,0
DA:20,0
DA:22,0
DA:25,0
DA:26,0
DA:27,0
DA:30,0
DA:31,0
DA:32,0
DA:35,0
DA:36,0
DA:37,0
DA:40,0
DA:41,0
DA:42,0
DA:46,0
DA:47,0
DA:48,0
BRDA:22,16,2,0
BRDA:22,16,1,0
BRDA:22,16,3,0
BRDA:22,16,4,0
BRDA:22,16,0,0
FN:55,csly.whileLang.model.WhileAST csly.whileLang.parser.WhileParser::binaryStringExpression(csly.whileLang.model.WhileAST,sly.lexer.Token`1<csly.whileLang.parser.WhileToken>,csly.whileLang.model.WhileAST)
FNDA:0,csly.whileLang.model.WhileAST csly.whileLang.parser.WhileParser::binaryStringExpression(csly.whileLang.model.WhileAST,sly.lexer.Token`1<csly.whileLang.parser.WhileToken>,csly.whileLang.model.WhileAST)
DA:56,0
DA:57,0
DA:58,0
DA:59,0
DA:60,0
FN:67,csly.whileLang.model.WhileAST csly.whileLang.parser.WhileParser::block(csly.whileLang.model.Statement)
FNDA:0,csly.whileLang.model.WhileAST csly.whileLang.parser.WhileParser::block(csly.whileLang.model.Statement)
DA:68,0
DA:69,0
DA:70,0
FN:73,csly.whileLang.model.WhileAST csly.whileLang.parser.WhileParser::statementSequence(csly.whileLang.model.WhileAST)
FNDA:0,csly.whileLang.model.WhileAST csly.whileLang.parser.WhileParser::statementSequence(csly.whileLang.model.WhileAST)
DA:74,0
DA:75,0
DA:76,0
FN:79,csly.whileLang.model.WhileAST csly.whileLang.parser.WhileParser::sequenceStatements(csly.whileLang.model.WhileAST,System.Collections.Generic.List`1<csly.whileLang.model.WhileAST>)
FNDA:0,csly.whileLang.model.WhileAST csly.whileLang.parser.WhileParser::sequenceStatements(csly.whileLang.model.WhileAST,System.Collections.Generic.List`1<csly.whileLang.model.WhileAST>)
DA:80,0
DA:81,0
DA:82,0
DA:83,0
DA:84,0
FN:87,csly.whileLang.model.WhileAST csly.whileLang.parser.WhileParser::additional(csly.whileLang.model.WhileAST)
FNDA:0,csly.whileLang.model.WhileAST csly.whileLang.parser.WhileParser::additional(csly.whileLang.model.WhileAST)
DA:88,0
DA:89,0
DA:90,0
FN:93,csly.whileLang.model.WhileAST csly.whileLang.parser.WhileParser::ifStmt(csly.whileLang.model.WhileAST,csly.whileLang.model.WhileAST,csly.whileLang.model.Statement)
FNDA:0,csly.whileLang.model.WhileAST csly.whileLang.parser.WhileParser::ifStmt(csly.whileLang.model.WhileAST,csly.whileLang.model.WhileAST,csly.whileLang.model.Statement)
DA:94,0
DA:95,0
DA:96,0
DA:97,0
FN:100,csly.whileLang.model.WhileAST csly.whileLang.parser.WhileParser::whileStmt(csly.whileLang.model.WhileAST,csly.whileLang.model.WhileAST)
FNDA:0,csly.whileLang.model.WhileAST csly.whileLang.parser.WhileParser::whileStmt(csly.whileLang.model.WhileAST,csly.whileLang.model.WhileAST)
DA:101,0
DA:102,0
DA:103,0
DA:104,0
FN:107,csly.whileLang.model.WhileAST csly.whileLang.parser.WhileParser::assignStmt(sly.lexer.Token`1<csly.whileLang.parser.WhileToken>,csly.whileLang.model.Expression)
FNDA:0,csly.whileLang.model.WhileAST csly.whileLang.parser.WhileParser::assignStmt(sly.lexer.Token`1<csly.whileLang.parser.WhileToken>,csly.whileLang.model.Expression)
DA:108,0
DA:109,0
DA:110,0
DA:111,0
FN:114,csly.whileLang.model.WhileAST csly.whileLang.parser.WhileParser::skipStmt()
FNDA:0,csly.whileLang.model.WhileAST csly.whileLang.parser.WhileParser::skipStmt()
DA:115,0
DA:116,0
DA:117,0
FN:120,csly.whileLang.model.WhileAST csly.whileLang.parser.WhileParser::returnStmt(csly.whileLang.model.WhileAST)
FNDA:0,csly.whileLang.model.WhileAST csly.whileLang.parser.WhileParser::returnStmt(csly.whileLang.model.WhileAST)
DA:121,0
DA:122,0
DA:123,0
FN:126,csly.whileLang.model.WhileAST csly.whileLang.parser.WhileParser::skipStmt(csly.whileLang.model.WhileAST)
FNDA:0,csly.whileLang.model.WhileAST csly.whileLang.parser.WhileParser::skipStmt(csly.whileLang.model.WhileAST)
DA:127,0
DA:128,0
DA:129,0
FN:137,csly.whileLang.model.WhileAST csly.whileLang.parser.WhileParser::PrimaryInt(sly.lexer.Token`1<csly.whileLang.parser.WhileToken>)
FNDA:0,csly.whileLang.model.WhileAST csly.whileLang.parser.WhileParser::PrimaryInt(sly.lexer.Token`1<csly.whileLang.parser.WhileToken>)
DA:138,0
DA:139,0
DA:140,0
FN:144,csly.whileLang.model.WhileAST csly.whileLang.parser.WhileParser::PrimaryBool(sly.lexer.Token`1<csly.whileLang.parser.WhileToken>)
FNDA:0,csly.whileLang.model.WhileAST csly.whileLang.parser.WhileParser::PrimaryBool(sly.lexer.Token`1<csly.whileLang.parser.WhileToken>)
DA:145,0
DA:146,0
DA:147,0
FN:150,csly.whileLang.model.WhileAST csly.whileLang.parser.WhileParser::PrimaryString(sly.lexer.Token`1<csly.whileLang.parser.WhileToken>)
FNDA:0,csly.whileLang.model.WhileAST csly.whileLang.parser.WhileParser::PrimaryString(sly.lexer.Token`1<csly.whileLang.parser.WhileToken>)
DA:151,0
DA:152,0
DA:153,0
FN:156,csly.whileLang.model.WhileAST csly.whileLang.parser.WhileParser::PrimaryId(sly.lexer.Token`1<csly.whileLang.parser.WhileToken>)
FNDA:0,csly.whileLang.model.WhileAST csly.whileLang.parser.WhileParser::PrimaryId(sly.lexer.Token`1<csly.whileLang.parser.WhileToken>)
DA:157,0
DA:158,0
DA:159,0
FN:163,csly.whileLang.model.WhileAST csly.whileLang.parser.WhileParser::Operand(csly.whileLang.model.WhileAST)
FNDA:0,csly.whileLang.model.WhileAST csly.whileLang.parser.WhileParser::Operand(csly.whileLang.model.WhileAST)
DA:164,0
DA:165,0
DA:166,0
FN:174,csly.whileLang.model.WhileAST csly.whileLang.parser.WhileParser::binaryTermNumericExpression(csly.whileLang.model.WhileAST,sly.lexer.Token`1<csly.whileLang.parser.WhileToken>,csly.whileLang.model.WhileAST)
FNDA:0,csly.whileLang.model.WhileAST csly.whileLang.parser.WhileParser::binaryTermNumericExpression(csly.whileLang.model.WhileAST,sly.lexer.Token`1<csly.whileLang.parser.WhileToken>,csly.whileLang.model.WhileAST)
DA:175,0
DA:176,0
DA:178,0
DA:181,0
DA:182,0
DA:183,0
DA:186,0
DA:187,0
DA:188,0
DA:192,0
DA:193,0
DA:194,0
BRDA:178,15,0,0
BRDA:178,15,1,0
BRDA:178,22,1,0
BRDA:178,22,0,0
FN:198,csly.whileLang.model.WhileAST csly.whileLang.parser.WhileParser::binaryFactorNumericExpression(csly.whileLang.model.WhileAST,sly.lexer.Token`1<csly.whileLang.parser.WhileToken>,csly.whileLang.model.WhileAST)
FNDA:0,csly.whileLang.model.WhileAST csly.whileLang.parser.WhileParser::binaryFactorNumericExpression(csly.whileLang.model.WhileAST,sly.lexer.Token`1<csly.whileLang.parser.WhileToken>,csly.whileLang.model.WhileAST)
DA:199,0
DA:200,0
DA:202,0
DA:205,0
DA:206,0
DA:207,0
DA:210,0
DA:211,0
DA:212,0
DA:216,0
DA:217,0
DA:218,0
BRDA:202,15,0,0
BRDA:202,15,1,0
BRDA:202,22,1,0
BRDA:202,22,0,0
FN:221,csly.whileLang.model.WhileAST csly.whileLang.parser.WhileParser::unaryNumericExpression(sly.lexer.Token`1<csly.whileLang.parser.WhileToken>,csly.whileLang.model.WhileAST)
FNDA:0,csly.whileLang.model.WhileAST csly.whileLang.parser.WhileParser::unaryNumericExpression(sly.lexer.Token`1<csly.whileLang.parser.WhileToken>,csly.whileLang.model.WhileAST)
DA:222,0
DA:223,0
DA:224,0
FN:232,csly.whileLang.model.WhileAST csly.whileLang.parser.WhileParser::binaryOrExpression(csly.whileLang.model.WhileAST,sly.lexer.Token`1<csly.whileLang.parser.WhileToken>,csly.whileLang.model.WhileAST)
FNDA:0,csly.whileLang.model.WhileAST csly.whileLang.parser.WhileParser::binaryOrExpression(csly.whileLang.model.WhileAST,sly.lexer.Token`1<csly.whileLang.parser.WhileToken>,csly.whileLang.model.WhileAST)
DA:233,0
DA:234,0
DA:237,0
DA:238,0
DA:239,0
FN:242,csly.whileLang.model.WhileAST csly.whileLang.parser.WhileParser::binaryAndExpression(csly.whileLang.model.WhileAST,sly.lexer.Token`1<csly.whileLang.parser.WhileToken>,csly.whileLang.model.WhileAST)
FNDA:0,csly.whileLang.model.WhileAST csly.whileLang.parser.WhileParser::binaryAndExpression(csly.whileLang.model.WhileAST,sly.lexer.Token`1<csly.whileLang.parser.WhileToken>,csly.whileLang.model.WhileAST)
DA:243,0
DA:244,0
DA:247,0
DA:248,0
DA:249,0
FN:252,csly.whileLang.model.WhileAST csly.whileLang.parser.WhileParser::binaryOrExpression(sly.lexer.Token`1<csly.whileLang.parser.WhileToken>,csly.whileLang.model.WhileAST)
FNDA:0,csly.whileLang.model.WhileAST csly.whileLang.parser.WhileParser::binaryOrExpression(sly.lexer.Token`1<csly.whileLang.parser.WhileToken>,csly.whileLang.model.WhileAST)
DA:253,0
DA:254,0
DA:255,0
LF:113
LH:0
BRF:13
BRH:0
FNF:23
FNH:0
end_of_record
SF:/home/olivier/dev/csly/samples/while/parser/WhileParserGeneric.cs
FN:19,csly.whileLang.model.WhileAST csly.whileLang.parser.WhileParserGeneric::binaryComparisonExpression(csly.whileLang.model.WhileAST,sly.lexer.Token`1<csly.whileLang.parser.WhileTokenGeneric>,csly.whileLang.model.WhileAST)
FNDA:0,csly.whileLang.model.WhileAST csly.whileLang.parser.WhileParserGeneric::binaryComparisonExpression(csly.whileLang.model.WhileAST,sly.lexer.Token`1<csly.whileLang.parser.WhileTokenGeneric>,csly.whileLang.model.WhileAST)
DA:20,0
DA:21,0
DA:23,0
DA:26,0
DA:27,0
DA:28,0
DA:31,0
DA:32,0
DA:33,0
DA:36,0
DA:37,0
DA:38,0
DA:41,0
DA:42,0
DA:43,0
DA:47,0
DA:48,0
DA:49,0
BRDA:23,16,2,0
BRDA:23,16,1,0
BRDA:23,16,3,0
BRDA:23,16,4,0
BRDA:23,16,0,0
FN:56,csly.whileLang.model.WhileAST csly.whileLang.parser.WhileParserGeneric::binaryStringExpression(csly.whileLang.model.WhileAST,sly.lexer.Token`1<csly.whileLang.parser.WhileTokenGeneric>,csly.whileLang.model.WhileAST)
FNDA:0,csly.whileLang.model.WhileAST csly.whileLang.parser.WhileParserGeneric::binaryStringExpression(csly.whileLang.model.WhileAST,sly.lexer.Token`1<csly.whileLang.parser.WhileTokenGeneric>,csly.whileLang.model.WhileAST)
DA:57,0
DA:58,0
DA:59,0
DA:60,0
DA:61,0
FN:69,csly.whileLang.model.WhileAST csly.whileLang.parser.WhileParserGeneric::block(sly.lexer.Token`1<csly.whileLang.parser.WhileTokenGeneric>,csly.whileLang.model.Statement,sly.lexer.Token`1<csly.whileLang.parser.WhileTokenGeneric>)
FNDA:0,csly.whileLang.model.WhileAST csly.whileLang.parser.WhileParserGeneric::block(sly.lexer.Token`1<csly.whileLang.parser.WhileTokenGeneric>,csly.whileLang.model.Statement,sly.lexer.Token`1<csly.whileLang.parser.WhileTokenGeneric>)
DA:70,0
DA:71,0
DA:72,0
FN:75,csly.whileLang.model.WhileAST csly.whileLang.parser.WhileParserGeneric::statementSequence(csly.whileLang.model.WhileAST)
FNDA:0,csly.whileLang.model.WhileAST csly.whileLang.parser.WhileParserGeneric::statementSequence(csly.whileLang.model.WhileAST)
DA:76,0
DA:77,0
DA:78,0
FN:81,csly.whileLang.model.WhileAST csly.whileLang.parser.WhileParserGeneric::sequenceStatements(csly.whileLang.model.WhileAST,System.Collections.Generic.List`1<csly.whileLang.model.WhileAST>)
FNDA:0,csly.whileLang.model.WhileAST csly.whileLang.parser.WhileParserGeneric::sequenceStatements(csly.whileLang.model.WhileAST,System.Collections.Generic.List`1<csly.whileLang.model.WhileAST>)
DA:82,0
DA:83,0
DA:84,0
DA:85,0
DA:86,0
FN:89,csly.whileLang.model.WhileAST csly.whileLang.parser.WhileParserGeneric::additional(sly.lexer.Token`1<csly.whileLang.parser.WhileTokenGeneric>,csly.whileLang.model.WhileAST)
FNDA:0,csly.whileLang.model.WhileAST csly.whileLang.parser.WhileParserGeneric::additional(sly.lexer.Token`1<csly.whileLang.parser.WhileTokenGeneric>,csly.whileLang.model.WhileAST)
DA:90,0
DA:91,0
DA:92,0
FN:96,csly.whileLang.model.WhileAST csly.whileLang.parser.WhileParserGeneric::ifStmt(sly.lexer.Token`1<csly.whileLang.parser.WhileTokenGeneric>,csly.whileLang.model.WhileAST,sly.lexer.Token`1<csly.whileLang.parser.WhileTokenGeneric>,csly.whileLang.model.WhileAST,sly.lexer.Token`1<csly.whileLang.parser.WhileTokenGeneric>,csly.whileLang.model.Statement)
FNDA:0,csly.whileLang.model.WhileAST csly.whileLang.parser.WhileParserGeneric::ifStmt(sly.lexer.Token`1<csly.whileLang.parser.WhileTokenGeneric>,csly.whileLang.model.WhileAST,sly.lexer.Token`1<csly.whileLang.parser.WhileTokenGeneric>,csly.whileLang.model.WhileAST,sly.lexer.Token`1<csly.whileLang.parser.WhileTokenGeneric>,csly.whileLang.model.Statement)
DA:97,0
DA:98,0
DA:99,0
DA:100,0
FN:104,csly.whileLang.model.WhileAST csly.whileLang.parser.WhileParserGeneric::whileStmt(sly.lexer.Token`1<csly.whileLang.parser.WhileTokenGeneric>,csly.whileLang.model.WhileAST,sly.lexer.Token`1<csly.whileLang.parser.WhileTokenGeneric>,csly.whileLang.model.WhileAST)
FNDA:0,csly.whileLang.model.WhileAST csly.whileLang.parser.WhileParserGeneric::whileStmt(sly.lexer.Token`1<csly.whileLang.parser.WhileTokenGeneric>,csly.whileLang.model.WhileAST,sly.lexer.Token`1<csly.whileLang.parser.WhileTokenGeneric>,csly.whileLang.model.WhileAST)
DA:105,0
DA:106,0
DA:107,0
DA:108,0
FN:112,csly.whileLang.model.WhileAST csly.whileLang.parser.WhileParserGeneric::assignStmt(sly.lexer.Token`1<csly.whileLang.parser.WhileTokenGeneric>,sly.lexer.Token`1<csly.whileLang.parser.WhileTokenGeneric>,csly.whileLang.model.Expression)
FNDA:0,csly.whileLang.model.WhileAST csly.whileLang.parser.WhileParserGeneric::assignStmt(sly.lexer.Token`1<csly.whileLang.parser.WhileTokenGeneric>,sly.lexer.Token`1<csly.whileLang.parser.WhileTokenGeneric>,csly.whileLang.model.Expression)
DA:113,0
DA:114,0
DA:115,0
DA:116,0
FN:119,csly.whileLang.model.WhileAST csly.whileLang.parser.WhileParserGeneric::skipStmt(sly.lexer.Token`1<csly.whileLang.parser.WhileTokenGeneric>)
FNDA:0,csly.whileLang.model.WhileAST csly.whileLang.parser.WhileParserGeneric::skipStmt(sly.lexer.Token`1<csly.whileLang.parser.WhileTokenGeneric>)
DA:120,0
DA:121,0
DA:122,0
FN:125,csly.whileLang.model.WhileAST csly.whileLang.parser.WhileParserGeneric::skipStmt(sly.lexer.Token`1<csly.whileLang.parser.WhileTokenGeneric>,csly.whileLang.model.WhileAST)
FNDA:0,csly.whileLang.model.WhileAST csly.whileLang.parser.WhileParserGeneric::skipStmt(sly.lexer.Token`1<csly.whileLang.parser.WhileTokenGeneric>,csly.whileLang.model.WhileAST)
DA:126,0
DA:127,0
DA:128,0
FN:136,csly.whileLang.model.WhileAST csly.whileLang.parser.WhileParserGeneric::PrimaryInt(sly.lexer.Token`1<csly.whileLang.parser.WhileTokenGeneric>)
FNDA:0,csly.whileLang.model.WhileAST csly.whileLang.parser.WhileParserGeneric::PrimaryInt(sly.lexer.Token`1<csly.whileLang.parser.WhileTokenGeneric>)
DA:137,0
DA:138,0
DA:139,0
FN:143,csly.whileLang.model.WhileAST csly.whileLang.parser.WhileParserGeneric::PrimaryBool(sly.lexer.Token`1<csly.whileLang.parser.WhileTokenGeneric>)
FNDA:0,csly.whileLang.model.WhileAST csly.whileLang.parser.WhileParserGeneric::PrimaryBool(sly.lexer.Token`1<csly.whileLang.parser.WhileTokenGeneric>)
DA:144,0
DA:145,0
DA:146,0
FN:149,csly.whileLang.model.WhileAST csly.whileLang.parser.WhileParserGeneric::PrimaryString(sly.lexer.Token`1<csly.whileLang.parser.WhileTokenGeneric>)
FNDA:0,csly.whileLang.model.WhileAST csly.whileLang.parser.WhileParserGeneric::PrimaryString(sly.lexer.Token`1<csly.whileLang.parser.WhileTokenGeneric>)
DA:150,0
DA:151,0
DA:152,0
FN:155,csly.whileLang.model.WhileAST csly.whileLang.parser.WhileParserGeneric::PrimaryId(sly.lexer.Token`1<csly.whileLang.parser.WhileTokenGeneric>)
FNDA:0,csly.whileLang.model.WhileAST csly.whileLang.parser.WhileParserGeneric::PrimaryId(sly.lexer.Token`1<csly.whileLang.parser.WhileTokenGeneric>)
DA:156,0
DA:157,0
DA:158,0
FN:162,csly.whileLang.model.WhileAST csly.whileLang.parser.WhileParserGeneric::Operand(csly.whileLang.model.WhileAST)
FNDA:0,csly.whileLang.model.WhileAST csly.whileLang.parser.WhileParserGeneric::Operand(csly.whileLang.model.WhileAST)
DA:163,0
DA:164,0
DA:165,0
FN:174,csly.whileLang.model.WhileAST csly.whileLang.parser.WhileParserGeneric::binaryTermNumericExpression(csly.whileLang.model.WhileAST,sly.lexer.Token`1<csly.whileLang.parser.WhileTokenGeneric>,csly.whileLang.model.WhileAST)
FNDA:0,csly.whileLang.model.WhileAST csly.whileLang.parser.WhileParserGeneric::binaryTermNumericExpression(csly.whileLang.model.WhileAST,sly.lexer.Token`1<csly.whileLang.parser.WhileTokenGeneric>,csly.whileLang.model.WhileAST)
DA:175,0
DA:176,0
DA:178,0
DA:181,0
DA:182,0
DA:183,0
DA:186,0
DA:187,0
DA:188,0
DA:192,0
DA:193,0
DA:194,0
BRDA:178,15,0,0
BRDA:178,15,1,0
BRDA:178,22,1,0
BRDA:178,22,0,0
FN:199,csly.whileLang.model.WhileAST csly.whileLang.parser.WhileParserGeneric::binaryFactorNumericExpression(csly.whileLang.model.WhileAST,sly.lexer.Token`1<csly.whileLang.parser.WhileTokenGeneric>,csly.whileLang.model.WhileAST)
FNDA:0,csly.whileLang.model.WhileAST csly.whileLang.parser.WhileParserGeneric::binaryFactorNumericExpression(csly.whileLang.model.WhileAST,sly.lexer.Token`1<csly.whileLang.parser.WhileTokenGeneric>,csly.whileLang.model.WhileAST)
DA:200,0
DA:201,0
DA:203,0
DA:206,0
DA:207,0
DA:208,0
DA:211,0
DA:212,0
DA:213,0
DA:217,0
DA:218,0
DA:219,0
BRDA:203,15,0,0
BRDA:203,15,1,0
BRDA:203,22,1,0
BRDA:203,22,0,0
FN:222,csly.whileLang.model.WhileAST csly.whileLang.parser.WhileParserGeneric::unaryNumericExpression(sly.lexer.Token`1<csly.whileLang.parser.WhileTokenGeneric>,csly.whileLang.model.WhileAST)
FNDA:0,csly.whileLang.model.WhileAST csly.whileLang.parser.WhileParserGeneric::unaryNumericExpression(sly.lexer.Token`1<csly.whileLang.parser.WhileTokenGeneric>,csly.whileLang.model.WhileAST)
DA:223,0
DA:224,0
DA:225,0
FN:233,csly.whileLang.model.WhileAST csly.whileLang.parser.WhileParserGeneric::binaryOrExpression(csly.whileLang.model.WhileAST,sly.lexer.Token`1<csly.whileLang.parser.WhileTokenGeneric>,csly.whileLang.model.WhileAST)
FNDA:0,csly.whileLang.model.WhileAST csly.whileLang.parser.WhileParserGeneric::binaryOrExpression(csly.whileLang.model.WhileAST,sly.lexer.Token`1<csly.whileLang.parser.WhileTokenGeneric>,csly.whileLang.model.WhileAST)
DA:234,0
DA:235,0
DA:238,0
DA:239,0
DA:240,0
FN:243,csly.whileLang.model.WhileAST csly.whileLang.parser.WhileParserGeneric::binaryAndExpression(csly.whileLang.model.WhileAST,sly.lexer.Token`1<csly.whileLang.parser.WhileTokenGeneric>,csly.whileLang.model.WhileAST)
FNDA:0,csly.whileLang.model.WhileAST csly.whileLang.parser.WhileParserGeneric::binaryAndExpression(csly.whileLang.model.WhileAST,sly.lexer.Token`1<csly.whileLang.parser.WhileTokenGeneric>,csly.whileLang.model.WhileAST)
DA:244,0
DA:245,0
DA:248,0
DA:249,0
DA:250,0
FN:253,csly.whileLang.model.WhileAST csly.whileLang.parser.WhileParserGeneric::binaryOrExpression(sly.lexer.Token`1<csly.whileLang.parser.WhileTokenGeneric>,csly.whileLang.model.WhileAST)
FNDA:0,csly.whileLang.model.WhileAST csly.whileLang.parser.WhileParserGeneric::binaryOrExpression(sly.lexer.Token`1<csly.whileLang.parser.WhileTokenGeneric>,csly.whileLang.model.WhileAST)
DA:254,0
DA:255,0
DA:256,0
LF:110
LH:0
BRF:13
BRH:0
FNF:22
FNH:0
end_of_record
SF:/home/olivier/dev/csly/samples/while/model/AssignStatement.cs
FN:16,System.String csly.whileLang.model.AssignStatement::get_VariableName()
FNDA:0,System.String csly.whileLang.model.AssignStatement::get_VariableName()
DA:17,0
FN:18,csly.whileLang.model.Expression csly.whileLang.model.AssignStatement::get_Value()
FNDA:0,csly.whileLang.model.Expression csly.whileLang.model.AssignStatement::get_Value()
DA:19,0
FN:19,System.Boolean csly.whileLang.model.AssignStatement::get_IsVariableCreation()
FNDA:0,System.Boolean csly.whileLang.model.AssignStatement::get_IsVariableCreation()
DA:20,0
FN:20,csly.whileLang.compiler.Scope csly.whileLang.model.AssignStatement::get_CompilerScope()
FNDA:0,csly.whileLang.compiler.Scope csly.whileLang.model.AssignStatement::get_CompilerScope()
DA:21,0
FN:22,sly.lexer.LexerPosition csly.whileLang.model.AssignStatement::get_Position()
FNDA:0,sly.lexer.LexerPosition csly.whileLang.model.AssignStatement::get_Position()
DA:23,0
FN:25,System.String csly.whileLang.model.AssignStatement::Dump(System.String)
FNDA:0,System.String csly.whileLang.model.AssignStatement::Dump(System.String)
DA:26,0
DA:27,0
DA:28,0
DA:29,0
DA:30,0
DA:31,0
DA:32,0
DA:33,0
FN:35,System.String csly.whileLang.model.AssignStatement::Transpile(csly.whileLang.compiler.CompilerContext)
FNDA:0,System.String csly.whileLang.model.AssignStatement::Transpile(csly.whileLang.compiler.CompilerContext)
DA:36,0
DA:37,0
DA:38,0
DA:39,0
DA:40,0
DA:41,0
DA:42,0
DA:43,0
BRDA:38,15,0,0
BRDA:38,15,1,0
FN:45,Sigil.Emit`1<System.Func`1<System.Int32>> csly.whileLang.model.AssignStatement::EmitByteCode(csly.whileLang.compiler.CompilerContext,Sigil.Emit`1<System.Func`1<System.Int32>>)
FNDA:0,Sigil.Emit`1<System.Func`1<System.Int32>> csly.whileLang.model.AssignStatement::EmitByteCode(csly.whileLang.compiler.CompilerContext,Sigil.Emit`1<System.Func`1<System.Int32>>)
DA:46,0
DA:47,0
DA:48,0
DA:49,0
DA:50,0
DA:52,0
DA:53,0
DA:54,0
DA:55,0
DA:56,0
BRDA:48,11,0,0
BRDA:48,11,1,0
FN:10,System.Void csly.whileLang.model.AssignStatement::.ctor(System.String,csly.whileLang.model.Expression)
FNDA:0,System.Void csly.whileLang.model.AssignStatement::.ctor(System.String,csly.whileLang.model.Expression)
DA:11,0
DA:12,0
DA:13,0
DA:14,0
DA:15,0
LF:36
LH:0
BRF:4
BRH:0
FNF:9
FNH:0
end_of_record
SF:/home/olivier/dev/csly/samples/while/model/BinaryOperation.cs
FN:34,csly.whileLang.model.Expression csly.whileLang.model.BinaryOperation::get_Left()
FNDA:0,csly.whileLang.model.Expression csly.whileLang.model.BinaryOperation::get_Left()
DA:35,0
FN:36,csly.whileLang.model.BinaryOperator csly.whileLang.model.BinaryOperation::get_Operator()
FNDA:0,csly.whileLang.model.BinaryOperator csly.whileLang.model.BinaryOperation::get_Operator()
DA:37,0
FN:38,csly.whileLang.model.Expression csly.whileLang.model.BinaryOperation::get_Right()
FNDA:0,csly.whileLang.model.Expression csly.whileLang.model.BinaryOperation::get_Right()
DA:39,0
FN:40,csly.whileLang.compiler.Scope csly.whileLang.model.BinaryOperation::get_CompilerScope()
FNDA:0,csly.whileLang.compiler.Scope csly.whileLang.model.BinaryOperation::get_CompilerScope()
DA:41,0
FN:42,sly.lexer.LexerPosition csly.whileLang.model.BinaryOperation::get_Position()
FNDA:0,sly.lexer.LexerPosition csly.whileLang.model.BinaryOperation::get_Position()
DA:43,0
FN:43,csly.whileLang.compiler.WhileType csly.whileLang.model.BinaryOperation::get_Whiletype()
FNDA:0,csly.whileLang.compiler.WhileType csly.whileLang.model.BinaryOperation::get_Whiletype()
DA:44,0
FN:57,System.String csly.whileLang.model.BinaryOperation::Transpile(csly.whileLang.compiler.CompilerContext)
FNDA:0,System.String csly.whileLang.model.BinaryOperation::Transpile(csly.whileLang.compiler.CompilerContext)
DA:58,0
DA:59,0
DA:60,0
DA:61,0
DA:62,0
DA:63,0
DA:64,0
DA:65,0
DA:66,0
DA:67,0
DA:68,0
DA:69,0
DA:70,0
DA:71,0
DA:72,0
DA:73,0
DA:74,0
DA:75,0
DA:76,0
DA:77,0
DA:78,0
FN:80,Sigil.Emit`1<System.Func`1<System.Int32>> csly.whileLang.model.BinaryOperation::EmitByteCode(csly.whileLang.compiler.CompilerContext,Sigil.Emit`1<System.Func`1<System.Int32>>)
FNDA:0,Sigil.Emit`1<System.Func`1<System.Int32>> csly.whileLang.model.BinaryOperation::EmitByteCode(csly.whileLang.compiler.CompilerContext,Sigil.Emit`1<System.Func`1<System.Int32>>)
DA:81,0
DA:82,0
DA:83,0
DA:84,0
DA:85,0
DA:88,0
DA:89,0
DA:90,0
DA:93,0
DA:94,0
DA:95,0
DA:98,0
DA:99,0
DA:100,0
DA:103,0
DA:104,0
DA:105,0
DA:108,0
DA:109,0
DA:110,0
DA:113,0
DA:114,0
DA:115,0
DA:116,0
DA:119,0
DA:120,0
DA:121,0
DA:124,0
DA:125,0
DA:126,0
DA:129,0
DA:130,0
DA:131,0
DA:134,0
DA:135,0
DA:136,0
DA:140,0
DA:141,0
BRDA:82,13,0,0
BRDA:82,13,1,0
BRDA:85,69,1,0
BRDA:85,69,2,0
BRDA:85,69,3,0
BRDA:85,69,4,0
BRDA:85,69,9,0
BRDA:85,69,10,0
BRDA:85,69,6,0
BRDA:85,69,5,0
BRDA:85,69,8,0
BRDA:85,69,7,0
BRDA:85,69,0,0
FN:143,Sigil.Emit`1<System.Func`1<System.Int32>> csly.whileLang.model.BinaryOperation::EmitConcat(csly.whileLang.compiler.CompilerContext,Sigil.Emit`1<System.Func`1<System.Int32>>)
FNDA:0,Sigil.Emit`1<System.Func`1<System.Int32>> csly.whileLang.model.BinaryOperation::EmitConcat(csly.whileLang.compiler.CompilerContext,Sigil.Emit`1<System.Func`1<System.Int32>>)
DA:144,0
DA:145,0
DA:146,0
DA:147,0
DA:148,0
DA:149,0
DA:150,0
DA:151,0
DA:153,0
DA:154,0
DA:155,0
DA:156,0
DA:157,0
DA:158,0
DA:160,0
DA:161,0
DA:162,0
DA:163,0
BRDA:147,40,0,0
BRDA:147,40,1,0
BRDA:154,104,0,0
BRDA:154,104,1,0
FN:27,System.Void csly.whileLang.model.BinaryOperation::.ctor(csly.whileLang.model.Expression,csly.whileLang.model.BinaryOperator,csly.whileLang.model.Expression)
FNDA:0,System.Void csly.whileLang.model.BinaryOperation::.ctor(csly.whileLang.model.Expression,csly.whileLang.model.BinaryOperator,csly.whileLang.model.Expression)
DA:28,0
DA:29,0
DA:30,0
DA:31,0
DA:32,0
DA:33,0
LF:89
LH:0
BRF:17
BRH:0
FNF:10
FNH:0
end_of_record
SF:/home/olivier/dev/csly/samples/while/model/BoolConstant.cs
FN:14,System.Boolean csly.whileLang.model.BoolConstant::get_Value()
FNDA:0,System.Boolean csly.whileLang.model.BoolConstant::get_Value()
DA:15,0
FN:17,csly.whileLang.compiler.Scope csly.whileLang.model.BoolConstant::get_CompilerScope()
FNDA:0,csly.whileLang.compiler.Scope csly.whileLang.model.BoolConstant::get_CompilerScope()
DA:18,0
FN:19,sly.lexer.LexerPosition csly.whileLang.model.BoolConstant::get_Position()
FNDA:0,sly.lexer.LexerPosition csly.whileLang.model.BoolConstant::get_Position()
DA:20,0
FN:23,csly.whileLang.compiler.WhileType csly.whileLang.model.BoolConstant::get_Whiletype()
FNDA:0,csly.whileLang.compiler.WhileType csly.whileLang.model.BoolConstant::get_Whiletype()
DA:24,0
FN:24,System.Void csly.whileLang.model.BoolConstant::set_Whiletype(csly.whileLang.compiler.WhileType)
FNDA:0,System.Void csly.whileLang.model.BoolConstant::set_Whiletype(csly.whileLang.compiler.WhileType)
DA:25,0
FN:28,System.String csly.whileLang.model.BoolConstant::Dump(System.String)
FNDA:0,System.String csly.whileLang.model.BoolConstant::Dump(System.String)
DA:29,0
DA:30,0
DA:31,0
FN:33,System.String csly.whileLang.model.BoolConstant::Transpile(csly.whileLang.compiler.CompilerContext)
FNDA:0,System.String csly.whileLang.model.BoolConstant::Transpile(csly.whileLang.compiler.CompilerContext)
DA:34,0
DA:35,0
DA:36,0
FN:38,Sigil.Emit`1<System.Func`1<System.Int32>> csly.whileLang.model.BoolConstant::EmitByteCode(csly.whileLang.compiler.CompilerContext,Sigil.Emit`1<System.Func`1<System.Int32>>)
FNDA:0,Sigil.Emit`1<System.Func`1<System.Int32>> csly.whileLang.model.BoolConstant::EmitByteCode(csly.whileLang.compiler.CompilerContext,Sigil.Emit`1<System.Func`1<System.Int32>>)
DA:39,0
DA:40,0
DA:41,0
DA:42,0
FN:9,System.Void csly.whileLang.model.BoolConstant::.ctor(System.Boolean)
FNDA:0,System.Void csly.whileLang.model.BoolConstant::.ctor(System.Boolean)
DA:10,0
DA:11,0
DA:12,0
DA:13,0
LF:19
LH:0
BRF:0
BRH:0
FNF:9
FNH:0
end_of_record
SF:/home/olivier/dev/csly/samples/while/model/IfStatement.cs
FN:17,csly.whileLang.model.Expression csly.whileLang.model.IfStatement::get_Condition()
FNDA:0,csly.whileLang.model.Expression csly.whileLang.model.IfStatement::get_Condition()
DA:18,0
FN:19,csly.whileLang.model.Statement csly.whileLang.model.IfStatement::get_ThenStmt()
FNDA:0,csly.whileLang.model.Statement csly.whileLang.model.IfStatement::get_ThenStmt()
DA:20,0
FN:21,csly.whileLang.model.Statement csly.whileLang.model.IfStatement::get_ElseStmt()
FNDA:0,csly.whileLang.model.Statement csly.whileLang.model.IfStatement::get_ElseStmt()
DA:22,0
FN:24,csly.whileLang.compiler.Scope csly.whileLang.model.IfStatement::get_CompilerScope()
FNDA:0,csly.whileLang.compiler.Scope csly.whileLang.model.IfStatement::get_CompilerScope()
DA:25,0
FN:26,sly.lexer.LexerPosition csly.whileLang.model.IfStatement::get_Position()
FNDA:0,sly.lexer.LexerPosition csly.whileLang.model.IfStatement::get_Position()
DA:27,0
FN:29,System.String csly.whileLang.model.IfStatement::Dump(System.String)
FNDA:0,System.String csly.whileLang.model.IfStatement::Dump(System.String)
DA:30,0
DA:31,0
DA:32,0
DA:34,0
DA:35,0
DA:36,0
DA:38,0
DA:39,0
DA:40,0
DA:42,0
DA:43,0
DA:44,0
DA:46,0
DA:47,0
DA:48,0
FN:50,System.String csly.whileLang.model.IfStatement::Transpile(csly.whileLang.compiler.CompilerContext)
FNDA:0,System.String csly.whileLang.model.IfStatement::Transpile(csly.whileLang.compiler.CompilerContext)
DA:51,0
DA:52,0
DA:53,0
DA:54,0
DA:55,0
DA:56,0
DA:57,0
DA:58,0
DA:59,0
DA:60,0
DA:61,0
DA:63,0
DA:64,0
BRDA:56,116,0,0
BRDA:56,116,1,0
FN:66,Sigil.Emit`1<System.Func`1<System.Int32>> csly.whileLang.model.IfStatement::EmitByteCode(csly.whileLang.compiler.CompilerContext,Sigil.Emit`1<System.Func`1<System.Int32>>)
FNDA:0,Sigil.Emit`1<System.Func`1<System.Int32>> csly.whileLang.model.IfStatement::EmitByteCode(csly.whileLang.compiler.CompilerContext,Sigil.Emit`1<System.Func`1<System.Int32>>)
DA:67,0
DA:68,0
DA:69,0
DA:70,0
DA:71,0
DA:72,0
DA:73,0
DA:74,0
DA:75,0
DA:76,0
DA:77,0
DA:78,0
DA:79,0
DA:80,0
DA:81,0
DA:82,0
FN:10,System.Void csly.whileLang.model.IfStatement::.ctor(csly.whileLang.model.Expression,csly.whileLang.model.Statement,csly.whileLang.model.Statement)
FNDA:0,System.Void csly.whileLang.model.IfStatement::.ctor(csly.whileLang.model.Expression,csly.whileLang.model.Statement,csly.whileLang.model.Statement)
DA:11,0
DA:12,0
DA:13,0
DA:14,0
DA:15,0
DA:16,0
LF:55
LH:0
BRF:2
BRH:0
FNF:9
FNH:0
end_of_record
SF:/home/olivier/dev/csly/samples/while/model/IntegerConstant.cs
FN:14,System.Int32 csly.whileLang.model.IntegerConstant::get_Value()
FNDA:0,System.Int32 csly.whileLang.model.IntegerConstant::get_Value()
DA:15,0
FN:16,sly.lexer.LexerPosition csly.whileLang.model.IntegerConstant::get_Position()
FNDA:0,sly.lexer.LexerPosition csly.whileLang.model.IntegerConstant::get_Position()
DA:17,0
FN:18,csly.whileLang.compiler.Scope csly.whileLang.model.IntegerConstant::get_CompilerScope()
FNDA:0,csly.whileLang.compiler.Scope csly.whileLang.model.IntegerConstant::get_CompilerScope()
DA:19,0
FN:23,csly.whileLang.compiler.WhileType csly.whileLang.model.IntegerConstant::get_Whiletype()
FNDA:0,csly.whileLang.compiler.WhileType csly.whileLang.model.IntegerConstant::get_Whiletype()
DA:24,0
FN:24,System.Void csly.whileLang.model.IntegerConstant::set_Whiletype(csly.whileLang.compiler.WhileType)
FNDA:0,System.Void csly.whileLang.model.IntegerConstant::set_Whiletype(csly.whileLang.compiler.WhileType)
DA:25,0
FN:29,System.String csly.whileLang.model.IntegerConstant::Dump(System.String)
FNDA:0,System.String csly.whileLang.model.IntegerConstant::Dump(System.String)
DA:30,0
DA:31,0
DA:32,0
FN:34,System.String csly.whileLang.model.IntegerConstant::Transpile(csly.whileLang.compiler.CompilerContext)
FNDA:0,System.String csly.whileLang.model.IntegerConstant::Transpile(csly.whileLang.compiler.CompilerContext)
DA:35,0
DA:36,0
DA:37,0
FN:39,Sigil.Emit`1<System.Func`1<System.Int32>> csly.whileLang.model.IntegerConstant::EmitByteCode(csly.whileLang.compiler.CompilerContext,Sigil.Emit`1<System.Func`1<System.Int32>>)
FNDA:0,Sigil.Emit`1<System.Func`1<System.Int32>> csly.whileLang.model.IntegerConstant::EmitByteCode(csly.whileLang.compiler.CompilerContext,Sigil.Emit`1<System.Func`1<System.Int32>>)
DA:40,0
DA:41,0
DA:42,0
DA:43,0
FN:9,System.Void csly.whileLang.model.IntegerConstant::.ctor(System.Int32)
FNDA:0,System.Void csly.whileLang.model.IntegerConstant::.ctor(System.Int32)
DA:10,0
DA:11,0
DA:12,0
DA:13,0
LF:19
LH:0
BRF:0
BRH:0
FNF:9
FNH:0
end_of_record
SF:/home/olivier/dev/csly/samples/while/model/Neg.cs
FN:15,csly.whileLang.model.Expression csly.whileLang.model.Neg::get_Value()
FNDA:0,csly.whileLang.model.Expression csly.whileLang.model.Neg::get_Value()
DA:16,0
FN:17,csly.whileLang.compiler.Scope csly.whileLang.model.Neg::get_CompilerScope()
FNDA:0,csly.whileLang.compiler.Scope csly.whileLang.model.Neg::get_CompilerScope()
DA:18,0
FN:19,sly.lexer.LexerPosition csly.whileLang.model.Neg::get_Position()
FNDA:0,sly.lexer.LexerPosition csly.whileLang.model.Neg::get_Position()
DA:20,0
FN:23,csly.whileLang.compiler.WhileType csly.whileLang.model.Neg::get_Whiletype()
FNDA:0,csly.whileLang.compiler.WhileType csly.whileLang.model.Neg::get_Whiletype()
DA:24,0
FN:24,System.Void csly.whileLang.model.Neg::set_Whiletype(csly.whileLang.compiler.WhileType)
FNDA:0,System.Void csly.whileLang.model.Neg::set_Whiletype(csly.whileLang.compiler.WhileType)
DA:25,0
FN:28,System.String csly.whileLang.model.Neg::Dump(System.String)
FNDA:0,System.String csly.whileLang.model.Neg::Dump(System.String)
DA:29,0
DA:30,0
DA:31,0
DA:32,0
DA:33,0
DA:34,0
DA:35,0
FN:37,System.String csly.whileLang.model.Neg::Transpile(csly.whileLang.compiler.CompilerContext)
FNDA:0,System.String csly.whileLang.model.Neg::Transpile(csly.whileLang.compiler.CompilerContext)
DA:38,0
DA:39,0
DA:40,0
FN:42,Sigil.Emit`1<System.Func`1<System.Int32>> csly.whileLang.model.Neg::EmitByteCode(csly.whileLang.compiler.CompilerContext,Sigil.Emit`1<System.Func`1<System.Int32>>)
FNDA:0,Sigil.Emit`1<System.Func`1<System.Int32>> csly.whileLang.model.Neg::EmitByteCode(csly.whileLang.compiler.CompilerContext,Sigil.Emit`1<System.Func`1<System.Int32>>)
DA:43,0
DA:44,0
DA:45,0
DA:46,0
DA:47,0
FN:10,System.Void csly.whileLang.model.Neg::.ctor(csly.whileLang.model.Expression)
FNDA:0,System.Void csly.whileLang.model.Neg::.ctor(csly.whileLang.model.Expression)
DA:11,0
DA:12,0
DA:13,0
DA:14,0
LF:24
LH:0
BRF:0
BRH:0
FNF:9
FNH:0
end_of_record
SF:/home/olivier/dev/csly/samples/while/model/Not.cs
FN:15,csly.whileLang.model.Expression csly.whileLang.model.Not::get_Value()
FNDA:0,csly.whileLang.model.Expression csly.whileLang.model.Not::get_Value()
DA:16,0
FN:17,csly.whileLang.compiler.Scope csly.whileLang.model.Not::get_CompilerScope()
FNDA:0,csly.whileLang.compiler.Scope csly.whileLang.model.Not::get_CompilerScope()
DA:18,0
FN:19,sly.lexer.LexerPosition csly.whileLang.model.Not::get_Position()
FNDA:0,sly.lexer.LexerPosition csly.whileLang.model.Not::get_Position()
DA:20,0
FN:23,csly.whileLang.compiler.WhileType csly.whileLang.model.Not::get_Whiletype()
FNDA:0,csly.whileLang.compiler.WhileType csly.whileLang.model.Not::get_Whiletype()
DA:24,0
FN:24,System.Void csly.whileLang.model.Not::set_Whiletype(csly.whileLang.compiler.WhileType)
FNDA:0,System.Void csly.whileLang.model.Not::set_Whiletype(csly.whileLang.compiler.WhileType)
DA:25,0
FN:29,System.String csly.whileLang.model.Not::Dump(System.String)
FNDA:0,System.String csly.whileLang.model.Not::Dump(System.String)
DA:30,0
DA:31,0
DA:32,0
DA:33,0
DA:34,0
DA:35,0
DA:36,0
FN:38,System.String csly.whileLang.model.Not::Transpile(csly.whileLang.compiler.CompilerContext)
FNDA:0,System.String csly.whileLang.model.Not::Transpile(csly.whileLang.compiler.CompilerContext)
DA:39,0
DA:40,0
DA:41,0
FN:43,Sigil.Emit`1<System.Func`1<System.Int32>> csly.whileLang.model.Not::EmitByteCode(csly.whileLang.compiler.CompilerContext,Sigil.Emit`1<System.Func`1<System.Int32>>)
FNDA:0,Sigil.Emit`1<System.Func`1<System.Int32>> csly.whileLang.model.Not::EmitByteCode(csly.whileLang.compiler.CompilerContext,Sigil.Emit`1<System.Func`1<System.Int32>>)
DA:44,0
DA:45,0
DA:46,0
DA:47,0
DA:48,0
FN:10,System.Void csly.whileLang.model.Not::.ctor(csly.whileLang.model.Expression)
FNDA:0,System.Void csly.whileLang.model.Not::.ctor(csly.whileLang.model.Expression)
DA:11,0
DA:12,0
DA:13,0
DA:14,0
LF:24
LH:0
BRF:0
BRH:0
FNF:9
FNH:0
end_of_record
SF:/home/olivier/dev/csly/samples/while/model/PrintStatement.cs
FN:15,csly.whileLang.model.Expression csly.whileLang.model.PrintStatement::get_Value()
FNDA:0,csly.whileLang.model.Expression csly.whileLang.model.PrintStatement::get_Value()
DA:16,0
FN:17,csly.whileLang.compiler.Scope csly.whileLang.model.PrintStatement::get_CompilerScope()
FNDA:0,csly.whileLang.compiler.Scope csly.whileLang.model.PrintStatement::get_CompilerScope()
DA:18,0
FN:19,sly.lexer.LexerPosition csly.whileLang.model.PrintStatement::get_Position()
FNDA:0,sly.lexer.LexerPosition csly.whileLang.model.PrintStatement::get_Position()
DA:20,0
FN:22,System.String csly.whileLang.model.PrintStatement::Dump(System.String)
FNDA:0,System.String csly.whileLang.model.PrintStatement::Dump(System.String)
DA:23,0
DA:24,0
DA:25,0
DA:26,0
DA:27,0
DA:28,0
DA:29,0
FN:31,System.String csly.whileLang.model.PrintStatement::Transpile(csly.whileLang.compiler.CompilerContext)
FNDA:0,System.String csly.whileLang.model.PrintStatement::Transpile(csly.whileLang.compiler.CompilerContext)
DA:32,0
DA:33,0
DA:34,0
FN:36,Sigil.Emit`1<System.Func`1<System.Int32>> csly.whileLang.model.PrintStatement::EmitByteCode(csly.whileLang.compiler.CompilerContext,Sigil.Emit`1<System.Func`1<System.Int32>>)
FNDA:0,Sigil.Emit`1<System.Func`1<System.Int32>> csly.whileLang.model.PrintStatement::EmitByteCode(csly.whileLang.compiler.CompilerContext,Sigil.Emit`1<System.Func`1<System.Int32>>)
DA:37,0
DA:38,0
DA:39,0
DA:40,0
DA:41,0
DA:42,0
DA:43,0
DA:45,0
DA:46,0
BRDA:38,12,0,0
BRDA:38,12,1,0
FN:10,System.Void csly.whileLang.model.PrintStatement::.ctor(csly.whileLang.model.Expression)
FNDA:0,System.Void csly.whileLang.model.PrintStatement::.ctor(csly.whileLang.model.Expression)
DA:11,0
DA:12,0
DA:13,0
DA:14,0
LF:26
LH:0
BRF:2
BRH:0
FNF:7
FNH:0
end_of_record
SF:/home/olivier/dev/csly/samples/while/model/ReturnStatement.cs
FN:15,csly.whileLang.model.Expression csly.whileLang.model.ReturnStatement::get_Value()
FNDA:0,csly.whileLang.model.Expression csly.whileLang.model.ReturnStatement::get_Value()
DA:16,0
FN:17,csly.whileLang.compiler.Scope csly.whileLang.model.ReturnStatement::get_CompilerScope()
FNDA:0,csly.whileLang.compiler.Scope csly.whileLang.model.ReturnStatement::get_CompilerScope()
DA:18,0
FN:19,sly.lexer.LexerPosition csly.whileLang.model.ReturnStatement::get_Position()
FNDA:0,sly.lexer.LexerPosition csly.whileLang.model.ReturnStatement::get_Position()
DA:20,0
FN:22,System.String csly.whileLang.model.ReturnStatement::Dump(System.String)
FNDA:0,System.String csly.whileLang.model.ReturnStatement::Dump(System.String)
DA:23,0
DA:24,0
DA:25,0
DA:26,0
DA:27,0
DA:28,0
DA:29,0
FN:31,System.String csly.whileLang.model.ReturnStatement::Transpile(csly.whileLang.compiler.CompilerContext)
FNDA:0,System.String csly.whileLang.model.ReturnStatement::Transpile(csly.whileLang.compiler.CompilerContext)
DA:32,0
DA:33,0
DA:34,0
FN:36,Sigil.Emit`1<System.Func`1<System.Int32>> csly.whileLang.model.ReturnStatement::EmitByteCode(csly.whileLang.compiler.CompilerContext,Sigil.Emit`1<System.Func`1<System.Int32>>)
FNDA:0,Sigil.Emit`1<System.Func`1<System.Int32>> csly.whileLang.model.ReturnStatement::EmitByteCode(csly.whileLang.compiler.CompilerContext,Sigil.Emit`1<System.Func`1<System.Int32>>)
DA:37,0
DA:38,0
DA:39,0
DA:40,0
DA:41,0
FN:10,System.Void csly.whileLang.model.ReturnStatement::.ctor(csly.whileLang.model.Expression)
FNDA:0,System.Void csly.whileLang.model.ReturnStatement::.ctor(csly.whileLang.model.Expression)
DA:11,0
DA:12,0
DA:13,0
DA:14,0
LF:22
LH:0
BRF:0
BRH:0
FNF:7
FNH:0
end_of_record
SF:/home/olivier/dev/csly/samples/while/model/SequenceStatement.cs
FN:27,System.Collections.Generic.List`1<csly.whileLang.model.Statement> csly.whileLang.model.SequenceStatement::get_Statements()
FNDA:0,System.Collections.Generic.List`1<csly.whileLang.model.Statement> csly.whileLang.model.SequenceStatement::get_Statements()
DA:28,0
FN:28,System.Int32 csly.whileLang.model.SequenceStatement::get_Count()
FNDA:0,System.Int32 csly.whileLang.model.SequenceStatement::get_Count()
DA:29,0
FN:30,csly.whileLang.compiler.Scope csly.whileLang.model.SequenceStatement::get_CompilerScope()
FNDA:0,csly.whileLang.compiler.Scope csly.whileLang.model.SequenceStatement::get_CompilerScope()
DA:31,0
FN:32,sly.lexer.LexerPosition csly.whileLang.model.SequenceStatement::get_Position()
FNDA:0,sly.lexer.LexerPosition csly.whileLang.model.SequenceStatement::get_Position()
DA:33,0
FN:35,System.String csly.whileLang.model.SequenceStatement::Dump(System.String)
FNDA:0,System.String csly.whileLang.model.SequenceStatement::Dump(System.String)
DA:36,0
DA:37,0
DA:38,0
DA:39,0
DA:40,0
DA:41,0
DA:42,0
FN:44,System.String csly.whileLang.model.SequenceStatement::Transpile(csly.whileLang.compiler.CompilerContext)
FNDA:0,System.String csly.whileLang.model.SequenceStatement::Transpile(csly.whileLang.compiler.CompilerContext)
DA:45,0
DA:46,0
DA:47,0
DA:48,0
DA:49,0
DA:50,0
DA:51,0
DA:53,0
DA:54,0
DA:55,0
BRDA:47,70,1,0
BRDA:47,70,0,0
FN:57,Sigil.Emit`1<System.Func`1<System.Int32>> csly.whileLang.model.SequenceStatement::EmitByteCode(csly.whileLang.compiler.CompilerContext,Sigil.Emit`1<System.Func`1<System.Int32>>)
FNDA:0,Sigil.Emit`1<System.Func`1<System.Int32>> csly.whileLang.model.SequenceStatement::EmitByteCode(csly.whileLang.compiler.CompilerContext,Sigil.Emit`1<System.Func`1<System.Int32>>)
DA:58,0
DA:59,0
DA:60,0
DA:61,0
BRDA:59,41,1,0
BRDA:59,41,0,0
FN:63,csly.whileLang.model.Statement csly.whileLang.model.SequenceStatement::Get(System.Int32)
FNDA:0,csly.whileLang.model.Statement csly.whileLang.model.SequenceStatement::Get(System.Int32)
DA:64,0
DA:65,0
DA:66,0
FN:68,System.Void csly.whileLang.model.SequenceStatement::Add(csly.whileLang.model.Statement)
FNDA:0,System.Void csly.whileLang.model.SequenceStatement::Add(csly.whileLang.model.Statement)
DA:69,0
DA:70,0
DA:71,0
FN:73,System.Void csly.whileLang.model.SequenceStatement::AddRange(System.Collections.Generic.List`1<csly.whileLang.model.Statement>)
FNDA:0,System.Void csly.whileLang.model.SequenceStatement::AddRange(System.Collections.Generic.List`1<csly.whileLang.model.Statement>)
DA:74,0
DA:75,0
DA:76,0
FN:78,System.Collections.Generic.IEnumerator`1<csly.whileLang.model.Statement> csly.whileLang.model.SequenceStatement::GetEnumerator()
FNDA:0,System.Collections.Generic.IEnumerator`1<csly.whileLang.model.Statement> csly.whileLang.model.SequenceStatement::GetEnumerator()
DA:79,0
DA:80,0
DA:81,0
FN:83,System.Collections.IEnumerator csly.whileLang.model.SequenceStatement::System.Collections.IEnumerable.GetEnumerator()
FNDA:0,System.Collections.IEnumerator csly.whileLang.model.SequenceStatement::System.Collections.IEnumerable.GetEnumerator()
DA:84,0
DA:85,0
DA:86,0
FN:12,System.Void csly.whileLang.model.SequenceStatement::.ctor()
FNDA:0,System.Void csly.whileLang.model.SequenceStatement::.ctor()
DA:13,0
DA:14,0
DA:15,0
DA:16,0
FN:17,System.Void csly.whileLang.model.SequenceStatement::.ctor(csly.whileLang.model.Statement)
FNDA:0,System.Void csly.whileLang.model.SequenceStatement::.ctor(csly.whileLang.model.Statement)
DA:18,0
DA:19,0
DA:20,0
DA:21,0
FN:22,System.Void csly.whileLang.model.SequenceStatement::.ctor(System.Collections.Generic.List`1<csly.whileLang.model.Statement>)
FNDA:0,System.Void csly.whileLang.model.SequenceStatement::.ctor(System.Collections.Generic.List`1<csly.whileLang.model.Statement>)
DA:23,0
DA:24,0
DA:25,0
DA:26,0
LF:52
LH:0
BRF:4
BRH:0
FNF:15
FNH:0
end_of_record
SF:/home/olivier/dev/csly/samples/while/model/SkipStatement.cs
FN:9,csly.whileLang.compiler.Scope csly.whileLang.model.SkipStatement::get_CompilerScope()
FNDA:0,csly.whileLang.compiler.Scope csly.whileLang.model.SkipStatement::get_CompilerScope()
DA:10,0
FN:11,sly.lexer.LexerPosition csly.whileLang.model.SkipStatement::get_Position()
FNDA:0,sly.lexer.LexerPosition csly.whileLang.model.SkipStatement::get_Position()
DA:12,0
FN:14,System.String csly.whileLang.model.SkipStatement::Dump(System.String)
FNDA:0,System.String csly.whileLang.model.SkipStatement::Dump(System.String)
DA:15,0
DA:16,0
DA:17,0
FN:19,Sigil.Emit`1<System.Func`1<System.Int32>> csly.whileLang.model.SkipStatement::EmitByteCode(csly.whileLang.compiler.CompilerContext,Sigil.Emit`1<System.Func`1<System.Int32>>)
FNDA:0,Sigil.Emit`1<System.Func`1<System.Int32>> csly.whileLang.model.SkipStatement::EmitByteCode(csly.whileLang.compiler.CompilerContext,Sigil.Emit`1<System.Func`1<System.Int32>>)
DA:20,0
DA:21,0
DA:22,0
DA:23,0
FN:25,System.String csly.whileLang.model.SkipStatement::Transpile(csly.whileLang.compiler.CompilerContext)
FNDA:0,System.String csly.whileLang.model.SkipStatement::Transpile(csly.whileLang.compiler.CompilerContext)
DA:26,0
DA:27,0
DA:28,0
LF:12
LH:0
BRF:0
BRH:0
FNF:5
FNH:0
end_of_record
SF:/home/olivier/dev/csly/samples/while/model/StringConstant.cs
FN:14,System.String csly.whileLang.model.StringConstant::get_Value()
FNDA:0,System.String csly.whileLang.model.StringConstant::get_Value()
DA:15,0
FN:16,csly.whileLang.compiler.Scope csly.whileLang.model.StringConstant::get_CompilerScope()
FNDA:0,csly.whileLang.compiler.Scope csly.whileLang.model.StringConstant::get_CompilerScope()
DA:17,0
FN:18,sly.lexer.LexerPosition csly.whileLang.model.StringConstant::get_Position()
FNDA:0,sly.lexer.LexerPosition csly.whileLang.model.StringConstant::get_Position()
DA:19,0
FN:22,csly.whileLang.compiler.WhileType csly.whileLang.model.StringConstant::get_Whiletype()
FNDA:0,csly.whileLang.compiler.WhileType csly.whileLang.model.StringConstant::get_Whiletype()
DA:23,0
FN:23,System.Void csly.whileLang.model.StringConstant::set_Whiletype(csly.whileLang.compiler.WhileType)
FNDA:0,System.Void csly.whileLang.model.StringConstant::set_Whiletype(csly.whileLang.compiler.WhileType)
DA:24,0
FN:27,System.String csly.whileLang.model.StringConstant::Dump(System.String)
FNDA:0,System.String csly.whileLang.model.StringConstant::Dump(System.String)
DA:28,0
DA:29,0
DA:30,0
FN:32,System.String csly.whileLang.model.StringConstant::Transpile(csly.whileLang.compiler.CompilerContext)
FNDA:0,System.String csly.whileLang.model.StringConstant::Transpile(csly.whileLang.compiler.CompilerContext)
DA:33,0
DA:34,0
DA:35,0
FN:37,Sigil.Emit`1<System.Func`1<System.Int32>> csly.whileLang.model.StringConstant::EmitByteCode(csly.whileLang.compiler.CompilerContext,Sigil.Emit`1<System.Func`1<System.Int32>>)
FNDA:0,Sigil.Emit`1<System.Func`1<System.Int32>> csly.whileLang.model.StringConstant::EmitByteCode(csly.whileLang.compiler.CompilerContext,Sigil.Emit`1<System.Func`1<System.Int32>>)
DA:38,0
DA:39,0
DA:40,0
DA:41,0
FN:9,System.Void csly.whileLang.model.StringConstant::.ctor(System.String)
FNDA:0,System.Void csly.whileLang.model.StringConstant::.ctor(System.String)
DA:10,0
DA:11,0
DA:12,0
DA:13,0
LF:19
LH:0
BRF:0
BRH:0
FNF:9
FNH:0
end_of_record
SF:/home/olivier/dev/csly/samples/while/model/Variable.cs
FN:14,System.String csly.whileLang.model.Variable::get_Name()
FNDA:0,System.String csly.whileLang.model.Variable::get_Name()
DA:15,0
FN:15,csly.whileLang.compiler.Scope csly.whileLang.model.Variable::get_CompilerScope()
FNDA:0,csly.whileLang.compiler.Scope csly.whileLang.model.Variable::get_CompilerScope()
DA:16,0
FN:17,sly.lexer.LexerPosition csly.whileLang.model.Variable::get_Position()
FNDA:0,sly.lexer.LexerPosition csly.whileLang.model.Variable::get_Position()
DA:18,0
FN:19,csly.whileLang.compiler.WhileType csly.whileLang.model.Variable::get_Whiletype()
FNDA:0,csly.whileLang.compiler.WhileType csly.whileLang.model.Variable::get_Whiletype()
DA:20,0
FN:22,System.String csly.whileLang.model.Variable::Dump(System.String)
FNDA:0,System.String csly.whileLang.model.Variable::Dump(System.String)
DA:23,0
DA:24,0
DA:25,0
FN:27,System.String csly.whileLang.model.Variable::Transpile(csly.whileLang.compiler.CompilerContext)
FNDA:0,System.String csly.whileLang.model.Variable::Transpile(csly.whileLang.compiler.CompilerContext)
DA:28,0
DA:29,0
DA:30,0
FN:32,Sigil.Emit`1<System.Func`1<System.Int32>> csly.whileLang.model.Variable::EmitByteCode(csly.whileLang.compiler.CompilerContext,Sigil.Emit`1<System.Func`1<System.Int32>>)
FNDA:0,Sigil.Emit`1<System.Func`1<System.Int32>> csly.whileLang.model.Variable::EmitByteCode(csly.whileLang.compiler.CompilerContext,Sigil.Emit`1<System.Func`1<System.Int32>>)
DA:33,0
DA:34,0
DA:35,0
DA:36,0
FN:9,System.Void csly.whileLang.model.Variable::.ctor(System.String)
FNDA:0,System.Void csly.whileLang.model.Variable::.ctor(System.String)
DA:10,0
DA:11,0
DA:12,0
DA:13,0
LF:18
LH:0
BRF:0
BRH:0
FNF:8
FNH:0
end_of_record
SF:/home/olivier/dev/csly/samples/while/model/WhileStatement.cs
FN:16,csly.whileLang.model.Expression csly.whileLang.model.WhileStatement::get_Condition()
FNDA:0,csly.whileLang.model.Expression csly.whileLang.model.WhileStatement::get_Condition()
DA:17,0
FN:18,csly.whileLang.model.Statement csly.whileLang.model.WhileStatement::get_BlockStmt()
FNDA:0,csly.whileLang.model.Statement csly.whileLang.model.WhileStatement::get_BlockStmt()
DA:19,0
FN:20,csly.whileLang.compiler.Scope csly.whileLang.model.WhileStatement::get_CompilerScope()
FNDA:0,csly.whileLang.compiler.Scope csly.whileLang.model.WhileStatement::get_CompilerScope()
DA:21,0
FN:22,sly.lexer.LexerPosition csly.whileLang.model.WhileStatement::get_Position()
FNDA:0,sly.lexer.LexerPosition csly.whileLang.model.WhileStatement::get_Position()
DA:23,0
FN:25,System.String csly.whileLang.model.WhileStatement::Dump(System.String)
FNDA:0,System.String csly.whileLang.model.WhileStatement::Dump(System.String)
[...]
FNDA:0,jsonparser.JsonModel.JSon jsonparser.EbnfJsonParser::DoubleValue(sly.lexer.Token`1<jsonparser.JsonToken>)
DA:39,0
DA:40,0
DA:42,0
DA:43,0
DA:44,0
DA:45,0
DA:46,0
DA:47,0
DA:48,0
DA:49,0
DA:50,0
DA:51,0
DA:52,0
DA:53,0
DA:54,0
DA:55,0
DA:57,0
DA:58,0
BRDA:45,44,0,0
BRDA:48,95,1,0
BRDA:48,95,0,0
BRDA:45,44,1,0
FN:61,jsonparser.JsonModel.JSon jsonparser.EbnfJsonParser::BooleanValue(sly.lexer.Token`1<jsonparser.JsonToken>)
FNDA:0,jsonparser.JsonModel.JSon jsonparser.EbnfJsonParser::BooleanValue(sly.lexer.Token`1<jsonparser.JsonToken>)
DA:62,0
DA:63,0
DA:64,0
FN:67,jsonparser.JsonModel.JSon jsonparser.EbnfJsonParser::NullValue()
FNDA:0,jsonparser.JsonModel.JSon jsonparser.EbnfJsonParser::NullValue()
DA:68,0
DA:69,0
DA:70,0
FN:73,jsonparser.JsonModel.JSon jsonparser.EbnfJsonParser::ObjectValue(jsonparser.JsonModel.JSon)
FNDA:1,jsonparser.JsonModel.JSon jsonparser.EbnfJsonParser::ObjectValue(jsonparser.JsonModel.JSon)
DA:74,1
DA:75,1
DA:76,1
FN:79,jsonparser.JsonModel.JSon jsonparser.EbnfJsonParser::ListValue(jsonparser.JsonModel.JList)
FNDA:1,jsonparser.JsonModel.JSon jsonparser.EbnfJsonParser::ListValue(jsonparser.JsonModel.JList)
DA:80,1
DA:81,1
DA:82,1
FN:89,jsonparser.JsonModel.JSon jsonparser.EbnfJsonParser::EmptyObjectValue()
FNDA:0,jsonparser.JsonModel.JSon jsonparser.EbnfJsonParser::EmptyObjectValue()
DA:90,0
DA:91,0
DA:92,0
FN:95,jsonparser.JsonModel.JSon jsonparser.EbnfJsonParser::AttributesObjectValue(jsonparser.JsonModel.JObject)
FNDA:1,jsonparser.JsonModel.JSon jsonparser.EbnfJsonParser::AttributesObjectValue(jsonparser.JsonModel.JObject)
DA:96,1
DA:97,1
DA:98,1
FN:105,jsonparser.JsonModel.JSon jsonparser.EbnfJsonParser::EmptyList()
FNDA:0,jsonparser.JsonModel.JSon jsonparser.EbnfJsonParser::EmptyList()
DA:106,0
DA:107,0
DA:108,0
FN:111,jsonparser.JsonModel.JSon jsonparser.EbnfJsonParser::List(jsonparser.JsonModel.JList)
FNDA:1,jsonparser.JsonModel.JSon jsonparser.EbnfJsonParser::List(jsonparser.JsonModel.JList)
DA:112,1
DA:113,1
DA:114,1
FN:118,jsonparser.JsonModel.JSon jsonparser.EbnfJsonParser::listElements(jsonparser.JsonModel.JSon,System.Collections.Generic.List`1<sly.parser.parser.Group`2<jsonparser.JsonToken,jsonparser.JsonModel.JSon>>)
FNDA:1,jsonparser.JsonModel.JSon jsonparser.EbnfJsonParser::listElements(jsonparser.JsonModel.JSon,System.Collections.Generic.List`1<sly.parser.parser.Group`2<jsonparser.JsonToken,jsonparser.JsonModel.JSon>>)
DA:119,1
DA:120,1
DA:121,4
DA:122,1
DA:123,1
FN:126,jsonparser.JsonModel.JSon jsonparser.EbnfJsonParser::ListElementsOne(sly.lexer.Token`1<jsonparser.JsonToken>,jsonparser.JsonModel.JSon)
FNDA:0,jsonparser.JsonModel.JSon jsonparser.EbnfJsonParser::ListElementsOne(sly.lexer.Token`1<jsonparser.JsonToken>,jsonparser.JsonModel.JSon)
DA:127,0
DA:128,0
DA:129,0
FN:136,jsonparser.JsonModel.JObject jsonparser.EbnfJsonParser::Members(jsonparser.JsonModel.JObject,System.Collections.Generic.List`1<jsonparser.JsonModel.JSon>)
FNDA:1,jsonparser.JsonModel.JObject jsonparser.EbnfJsonParser::Members(jsonparser.JsonModel.JObject,System.Collections.Generic.List`1<jsonparser.JsonModel.JSon>)
DA:137,1
DA:138,1
DA:139,1
DA:140,9
DA:141,1
DA:142,1
BRDA:140,53,1,2
BRDA:140,53,0,1
FN:145,jsonparser.JsonModel.JObject jsonparser.EbnfJsonParser::property(sly.lexer.Token`1<jsonparser.JsonToken>,jsonparser.JsonModel.JObject)
FNDA:2,jsonparser.JsonModel.JObject jsonparser.EbnfJsonParser::property(sly.lexer.Token`1<jsonparser.JsonToken>,jsonparser.JsonModel.JObject)
DA:146,2
DA:147,2
DA:148,2
FN:151,jsonparser.JsonModel.JObject jsonparser.EbnfJsonParser::property(sly.lexer.Token`1<jsonparser.JsonToken>,jsonparser.JsonModel.JSon)
FNDA:3,jsonparser.JsonModel.JObject jsonparser.EbnfJsonParser::property(sly.lexer.Token`1<jsonparser.JsonToken>,jsonparser.JsonModel.JSon)
DA:152,3
DA:153,3
DA:154,3
LF:71
LH:38
BRF:6
BRH:2
FNF:17
FNH:11
end_of_record
SF:/home/olivier/dev/csly/samples/jsonparser/JSONLexer.cs
FN:10,System.Collections.Generic.Dictionary`2<jsonparser.JsonToken,System.Collections.Generic.Dictionary`2<System.String,System.String>> jsonparser.JSONLexer::get_LexemeLabels()
FNDA:0,System.Collections.Generic.Dictionary`2<jsonparser.JsonToken,System.Collections.Generic.Dictionary`2<System.String,System.String>> jsonparser.JSONLexer::get_LexemeLabels()
DA:11,0
FN:12,System.String jsonparser.JSONLexer::get_I18n()
FNDA:0,System.String jsonparser.JSONLexer::get_I18n()
DA:13,0
FN:13,sly.lexer.fsm.LexerPostProcess`1<jsonparser.JsonToken> jsonparser.JSONLexer::get_LexerPostProcess()
FNDA:0,sly.lexer.fsm.LexerPostProcess`1<jsonparser.JsonToken> jsonparser.JSONLexer::get_LexerPostProcess()
DA:14,0
FN:16,System.Void jsonparser.JSONLexer::AddDefinition(sly.lexer.TokenDefinition`1<jsonparser.JsonToken>)
FNDA:0,System.Void jsonparser.JSONLexer::AddDefinition(sly.lexer.TokenDefinition`1<jsonparser.JsonToken>)
DA:17,0
DA:18,0
FN:20,sly.lexer.LexerResult`1<jsonparser.JsonToken> jsonparser.JSONLexer::Tokenize(System.String)
FNDA:0,sly.lexer.LexerResult`1<jsonparser.JsonToken> jsonparser.JSONLexer::Tokenize(System.String)
DA:21,0
DA:22,0
DA:23,0
FN:25,sly.lexer.LexerResult`1<jsonparser.JsonToken> jsonparser.JSONLexer::Tokenize(System.ReadOnlyMemory`1<System.Char>)
FNDA:0,sly.lexer.LexerResult`1<jsonparser.JsonToken> jsonparser.JSONLexer::Tokenize(System.ReadOnlyMemory`1<System.Char>)
DA:26,0
DA:27,0
DA:28,0
DA:29,0
DA:30,0
DA:31,0
DA:33,0
DA:34,0
DA:35,0
DA:36,0
DA:38,0
DA:39,0
DA:40,0
DA:41,0
DA:42,0
DA:43,0
DA:45,0
DA:46,0
DA:48,0
DA:49,0
DA:50,0
DA:51,0
DA:52,0
DA:53,0
DA:54,0
DA:55,0
DA:56,0
DA:57,0
DA:58,0
DA:61,0
DA:62,0
DA:63,0
DA:64,0
DA:65,0
DA:66,0
DA:67,0
DA:68,0
DA:69,0
DA:71,0
DA:72,0
DA:73,0
DA:75,0
DA:76,0
DA:77,0
DA:78,0
DA:79,0
DA:80,0
DA:81,0
DA:82,0
DA:83,0
DA:84,0
DA:85,0
DA:86,0
DA:87,0
DA:88,0
DA:89,0
DA:90,0
DA:91,0
DA:93,0
DA:94,0
DA:95,0
DA:96,0
DA:97,0
DA:98,0
DA:100,0
DA:101,0
DA:102,0
DA:103,0
DA:104,0
DA:105,0
DA:106,0
DA:107,0
DA:108,0
DA:109,0
DA:110,0
DA:111,0
DA:112,0
DA:114,0
DA:115,0
DA:116,0
DA:117,0
DA:118,0
DA:119,0
DA:120,0
DA:121,0
DA:122,0
DA:123,0
DA:124,0
DA:125,0
DA:127,0
DA:128,0
DA:129,0
DA:130,0
DA:131,0
DA:132,0
DA:133,0
DA:134,0
DA:135,0
DA:136,0
DA:137,0
DA:138,0
DA:139,0
DA:140,0
DA:141,0
DA:142,0
DA:144,0
DA:145,0
DA:147,0
DA:148,0
DA:149,0
DA:150,0
DA:151,0
DA:152,0
DA:153,0
DA:154,0
DA:155,0
DA:156,0
DA:157,0
DA:158,0
DA:159,0
DA:160,0
DA:161,0
DA:162,0
DA:163,0
DA:164,0
DA:165,0
DA:166,0
DA:167,0
DA:168,0
DA:169,0
DA:170,0
DA:171,0
DA:172,0
DA:173,0
DA:174,0
DA:175,0
DA:176,0
DA:177,0
DA:178,0
DA:179,0
DA:180,0
DA:181,0
DA:182,0
DA:183,0
DA:184,0
DA:185,0
DA:186,0
DA:187,0
DA:188,0
DA:189,0
DA:190,0
DA:191,0
DA:192,0
DA:193,0
DA:194,0
DA:195,0
DA:196,0
DA:197,0
DA:198,0
DA:199,0
DA:200,0
DA:201,0
DA:202,0
DA:203,0
DA:204,0
DA:205,0
DA:207,0
DA:208,0
DA:209,0
DA:210,0
DA:211,0
DA:212,0
BRDA:61,1144,1,0
BRDA:64,148,0,0
BRDA:67,185,0,0
BRDA:67,185,1,0
BRDA:64,148,1,0
BRDA:79,225,0,0
BRDA:81,241,0,0
BRDA:81,241,1,0
BRDA:86,285,0,0
BRDA:89,314,0,0
BRDA:89,314,1,0
BRDA:90,333,0,0
BRDA:90,333,1,0
BRDA:86,285,1,0
BRDA:95,354,0,0
BRDA:95,354,1,0
BRDA:79,225,1,0
BRDA:102,393,0,0
BRDA:104,425,0,0
BRDA:107,470,0,0
BRDA:107,470,1,0
BRDA:104,425,1,0
BRDA:102,393,1,0
BRDA:116,504,0,0
BRDA:118,536,0,0
BRDA:121,581,0,0
BRDA:121,581,1,0
BRDA:118,536,1,0
BRDA:116,504,1,0
BRDA:132,618,0,0
BRDA:134,650,0,0
BRDA:137,695,0,0
BRDA:137,695,1,0
BRDA:134,650,1,0
BRDA:132,618,1,0
BRDA:149,757,0,0
BRDA:149,757,1,0
BRDA:156,818,0,0
BRDA:156,818,1,0
BRDA:160,840,0,0
BRDA:160,840,1,0
BRDA:164,862,0,0
BRDA:164,862,1,0
BRDA:168,884,0,0
BRDA:168,884,1,0
BRDA:172,906,0,0
BRDA:172,906,1,0
BRDA:176,934,0,0
BRDA:176,934,1,0
BRDA:180,962,0,0
BRDA:180,962,1,0
BRDA:184,990,0,0
BRDA:184,990,1,0
BRDA:188,1015,0,0
BRDA:188,1015,1,0
BRDA:192,1041,0,0
BRDA:192,1041,1,0
BRDA:196,1068,0,0
BRDA:196,1068,1,0
BRDA:200,1089,0,0
BRDA:200,1089,1,0
BRDA:200,1104,0,0
BRDA:200,1104,1,0
BRDA:61,1144,0,0
LF:180
LH:0
BRF:64
BRH:0
FNF:6
FNH:0
end_of_record
SF:/home/olivier/dev/csly/samples/jsonparser/JSONParser.cs
FN:10,System.Void jsonparser.DictionaryExtensionMethods::Merge(System.Collections.Generic.Dictionary`2<TKey,TValue>,System.Collections.Generic.Dictionary`2<TKey,TValue>)
FNDA:0,System.Void jsonparser.DictionaryExtensionMethods::Merge(System.Collections.Generic.Dictionary`2<TKey,TValue>,System.Collections.Generic.Dictionary`2<TKey,TValue>)
DA:11,0
DA:12,0
DA:13,0
BRDA:12,47,1,0
BRDA:12,47,0,0
FN:21,jsonparser.JsonModel.JSon jsonparser.JSONParser::Root(jsonparser.JsonModel.JSon)
FNDA:14,jsonparser.JsonModel.JSon jsonparser.JSONParser::Root(jsonparser.JsonModel.JSon)
DA:22,14
DA:23,14
DA:24,14
FN:31,jsonparser.JsonModel.JSon jsonparser.JSONParser::StringValue(sly.lexer.Token`1<jsonparser.JsonToken>)
FNDA:6,jsonparser.JsonModel.JSon jsonparser.JSONParser::StringValue(sly.lexer.Token`1<jsonparser.JsonToken>)
DA:32,6
DA:33,6
DA:34,6
FN:37,jsonparser.JsonModel.JSon jsonparser.JSONParser::IntValue(sly.lexer.Token`1<jsonparser.JsonToken>)
FNDA:6,jsonparser.JsonModel.JSon jsonparser.JSONParser::IntValue(sly.lexer.Token`1<jsonparser.JsonToken>)
DA:38,6
DA:39,6
DA:40,6
FN:43,jsonparser.JsonModel.JSon jsonparser.JSONParser::DoubleValue(sly.lexer.Token`1<jsonparser.JsonToken>)
FNDA:2,jsonparser.JsonModel.JSon jsonparser.JSONParser::DoubleValue(sly.lexer.Token`1<jsonparser.JsonToken>)
DA:44,2
DA:45,2
DA:47,2
DA:48,2
DA:49,2
DA:50,2
DA:51,2
DA:52,2
DA:53,13
DA:54,2
DA:55,2
DA:56,2
DA:57,0
DA:58,0
DA:59,0
DA:60,0
DA:62,2
DA:63,2
BRDA:50,44,0,2
BRDA:53,95,1,3
BRDA:53,95,0,2
BRDA:50,44,1,2
FN:66,jsonparser.JsonModel.JSon jsonparser.JSONParser::BooleanValue(sly.lexer.Token`1<jsonparser.JsonToken>)
FNDA:3,jsonparser.JsonModel.JSon jsonparser.JSONParser::BooleanValue(sly.lexer.Token`1<jsonparser.JsonToken>)
DA:67,3
DA:68,3
DA:69,3
FN:72,jsonparser.JsonModel.JSon jsonparser.JSONParser::NullValue(sly.lexer.Token`1<jsonparser.JsonToken>)
FNDA:2,jsonparser.JsonModel.JSon jsonparser.JSONParser::NullValue(sly.lexer.Token`1<jsonparser.JsonToken>)
DA:73,2
DA:74,2
DA:75,2
FN:78,jsonparser.JsonModel.JSon jsonparser.JSONParser::ObjectValue(jsonparser.JsonModel.JSon)
FNDA:6,jsonparser.JsonModel.JSon jsonparser.JSONParser::ObjectValue(jsonparser.JsonModel.JSon)
DA:79,6
DA:80,6
DA:81,6
FN:84,jsonparser.JsonModel.JSon jsonparser.JSONParser::ListValue(jsonparser.JsonModel.JList)
FNDA:4,jsonparser.JsonModel.JSon jsonparser.JSONParser::ListValue(jsonparser.JsonModel.JList)
DA:85,4
DA:86,4
DA:87,4
FN:94,jsonparser.JsonModel.JSon jsonparser.JSONParser::EmptyObjectValue(sly.lexer.Token`1<jsonparser.JsonToken>,sly.lexer.Token`1<jsonparser.JsonToken>)
FNDA:2,jsonparser.JsonModel.JSon jsonparser.JSONParser::EmptyObjectValue(sly.lexer.Token`1<jsonparser.JsonToken>,sly.lexer.Token`1<jsonparser.JsonToken>)
DA:95,2
DA:96,2
DA:97,2
FN:100,jsonparser.JsonModel.JSon jsonparser.JSONParser::AttributesObjectValue(sly.lexer.Token`1<jsonparser.JsonToken>,jsonparser.JsonModel.JObject,sly.lexer.Token`1<jsonparser.JsonToken>)
FNDA:4,jsonparser.JsonModel.JSon jsonparser.JSONParser::AttributesObjectValue(sly.lexer.Token`1<jsonparser.JsonToken>,jsonparser.JsonModel.JObject,sly.lexer.Token`1<jsonparser.JsonToken>)
DA:101,4
DA:102,4
DA:103,4
FN:110,jsonparser.JsonModel.JSon jsonparser.JSONParser::EmptyList(sly.lexer.Token`1<jsonparser.JsonToken>,sly.lexer.Token`1<jsonparser.JsonToken>)
FNDA:1,jsonparser.JsonModel.JSon jsonparser.JSONParser::EmptyList(sly.lexer.Token`1<jsonparser.JsonToken>,sly.lexer.Token`1<jsonparser.JsonToken>)
DA:111,1
DA:112,1
DA:113,1
FN:116,jsonparser.JsonModel.JSon jsonparser.JSONParser::List(sly.lexer.Token`1<jsonparser.JsonToken>,jsonparser.JsonModel.JList,sly.lexer.Token`1<jsonparser.JsonToken>)
FNDA:3,jsonparser.JsonModel.JSon jsonparser.JSONParser::List(sly.lexer.Token`1<jsonparser.JsonToken>,jsonparser.JsonModel.JList,sly.lexer.Token`1<jsonparser.JsonToken>)
DA:117,3
DA:118,3
DA:119,3
FN:123,jsonparser.JsonModel.JSon jsonparser.JSONParser::ListElementsMany(jsonparser.JsonModel.JSon,sly.lexer.Token`1<jsonparser.JsonToken>,jsonparser.JsonModel.JList)
FNDA:5,jsonparser.JsonModel.JSon jsonparser.JSONParser::ListElementsMany(jsonparser.JsonModel.JSon,sly.lexer.Token`1<jsonparser.JsonToken>,jsonparser.JsonModel.JList)
DA:124,5
DA:125,5
DA:126,5
DA:127,5
DA:128,5
FN:131,jsonparser.JsonModel.JSon jsonparser.JSONParser::ListElementsOne(jsonparser.JsonModel.JSon)
FNDA:3,jsonparser.JsonModel.JSon jsonparser.JSONParser::ListElementsOne(jsonparser.JsonModel.JSon)
DA:132,3
DA:133,3
DA:134,3
FN:141,jsonparser.JsonModel.JSon jsonparser.JSONParser::property(sly.lexer.Token`1<jsonparser.JsonToken>,sly.lexer.Token`1<jsonparser.JsonToken>,jsonparser.JsonModel.JSon)
FNDA:7,jsonparser.JsonModel.JSon jsonparser.JSONParser::property(sly.lexer.Token`1<jsonparser.JsonToken>,sly.lexer.Token`1<jsonparser.JsonToken>,jsonparser.JsonModel.JSon)
DA:142,7
DA:143,7
DA:144,7
FN:148,jsonparser.JsonModel.JSon jsonparser.JSONParser::ManyMembers(jsonparser.JsonModel.JObject,sly.lexer.Token`1<jsonparser.JsonToken>,jsonparser.JsonModel.JObject)
FNDA:3,jsonparser.JsonModel.JSon jsonparser.JSONParser::ManyMembers(jsonparser.JsonModel.JObject,sly.lexer.Token`1<jsonparser.JsonToken>,jsonparser.JsonModel.JObject)
DA:149,3
DA:150,3
DA:151,3
DA:152,3
DA:153,3
DA:154,3
FN:157,jsonparser.JsonModel.JSon jsonparser.JSONParser::SingleMember(jsonparser.JsonModel.JObject)
FNDA:4,jsonparser.JsonModel.JSon jsonparser.JSONParser::SingleMember(jsonparser.JsonModel.JObject)
DA:158,4
DA:159,4
DA:160,4
DA:161,4
DA:162,4
LF:76
LH:69
BRF:6
BRH:4
FNF:18
FNH:17
end_of_record
SF:/home/olivier/dev/csly/samples/jsonparser/JsonModel/JList.cs
FN:24,System.Boolean jsonparser.JsonModel.JList::get_IsList()
FNDA:9,System.Boolean jsonparser.JsonModel.JList::get_IsList()
DA:25,9
FN:26,System.Collections.Generic.List`1<jsonparser.JsonModel.JSon> jsonparser.JsonModel.JList::get_Items()
FNDA:109,System.Collections.Generic.List`1<jsonparser.JsonModel.JSon> jsonparser.JsonModel.JList::get_Items()
DA:27,109
FN:28,System.Int32 jsonparser.JsonModel.JList::get_Count()
FNDA:9,System.Int32 jsonparser.JsonModel.JList::get_Count()
DA:29,9
FN:32,jsonparser.JsonModel.JSon jsonparser.JsonModel.JList::get_Item(System.Int32)
FNDA:74,jsonparser.JsonModel.JSon jsonparser.JsonModel.JList::get_Item(System.Int32)
DA:33,74
FN:33,System.Void jsonparser.JsonModel.JList::set_Item(System.Int32,jsonparser.JsonModel.JSon)
FNDA:0,System.Void jsonparser.JsonModel.JList::set_Item(System.Int32,jsonparser.JsonModel.JSon)
DA:34,0
FN:37,System.Void jsonparser.JsonModel.JList::Add(jsonparser.JsonModel.JSon)
FNDA:0,System.Void jsonparser.JsonModel.JList::Add(jsonparser.JsonModel.JSon)
DA:38,0
DA:39,0
DA:40,0
FN:42,System.Void jsonparser.JsonModel.JList::AddRange(jsonparser.JsonModel.JList)
FNDA:5,System.Void jsonparser.JsonModel.JList::AddRange(jsonparser.JsonModel.JList)
DA:43,5
DA:44,5
DA:45,5
FN:47,System.Void jsonparser.JsonModel.JList::AddRange(System.Collections.Generic.List`1<jsonparser.JsonModel.JSon>)
FNDA:4,System.Void jsonparser.JsonModel.JList::AddRange(System.Collections.Generic.List`1<jsonparser.JsonModel.JSon>)
DA:48,4
DA:49,4
DA:50,4
FN:7,System.Void jsonparser.JsonModel.JList::.ctor()
FNDA:2,System.Void jsonparser.JsonModel.JList::.ctor()
DA:8,2
DA:9,2
DA:10,2
DA:11,2
FN:12,System.Void jsonparser.JsonModel.JList::.ctor(System.Collections.Generic.List`1<jsonparser.JsonModel.JSon>)
FNDA:0,System.Void jsonparser.JsonModel.JList::.ctor(System.Collections.Generic.List`1<jsonparser.JsonModel.JSon>)
DA:13,0
DA:14,0
DA:15,0
DA:16,0
FN:18,System.Void jsonparser.JsonModel.JList::.ctor(jsonparser.JsonModel.JSon)
FNDA:12,System.Void jsonparser.JsonModel.JList::.ctor(jsonparser.JsonModel.JSon)
DA:19,12
DA:20,12
DA:21,12
DA:22,12
DA:23,12
LF:27
LH:19
BRF:0
BRH:0
FNF:11
FNH:8
end_of_record
SF:/home/olivier/dev/csly/samples/jsonparser/JsonModel/JNull.cs
FN:4,System.Boolean jsonparser.JsonModel.JNull::get_IsNull()
FNDA:4,System.Boolean jsonparser.JsonModel.JNull::get_IsNull()
DA:5,4
LF:1
LH:1
BRF:0
BRH:0
FNF:1
FNH:1
end_of_record
SF:/home/olivier/dev/csly/samples/jsonparser/JsonModel/JObject.cs
FN:22,System.Boolean jsonparser.JsonModel.JObject::get_IsObject()
FNDA:15,System.Boolean jsonparser.JsonModel.JObject::get_IsObject()
DA:23,15
FN:24,System.Boolean jsonparser.JsonModel.JObject::get_IsList()
FNDA:0,System.Boolean jsonparser.JsonModel.JObject::get_IsList()
DA:25,0
FN:26,System.Collections.Generic.Dictionary`2<System.String,jsonparser.JsonModel.JSon> jsonparser.JsonModel.JObject::get_Values()
FNDA:141,System.Collections.Generic.Dictionary`2<System.String,jsonparser.JsonModel.JSon> jsonparser.JsonModel.JObject::get_Values()
DA:27,141
FN:28,System.Int32 jsonparser.JsonModel.JObject::get_Count()
FNDA:14,System.Int32 jsonparser.JsonModel.JObject::get_Count()
DA:29,14
FN:32,jsonparser.JsonModel.JSon jsonparser.JsonModel.JObject::get_Item(System.String)
FNDA:51,jsonparser.JsonModel.JSon jsonparser.JsonModel.JObject::get_Item(System.String)
DA:33,51
FN:33,System.Void jsonparser.JsonModel.JObject::set_Item(System.String,jsonparser.JsonModel.JSon)
FNDA:21,System.Void jsonparser.JsonModel.JObject::set_Item(System.String,jsonparser.JsonModel.JSon)
DA:34,21
FN:38,System.Void jsonparser.JsonModel.JObject::Merge(jsonparser.JsonModel.JObject)
FNDA:20,System.Void jsonparser.JsonModel.JObject::Merge(jsonparser.JsonModel.JObject)
DA:39,20
DA:40,123
DA:41,20
BRDA:40,52,1,21
BRDA:40,52,0,20
FN:43,System.Boolean jsonparser.JsonModel.JObject::ContainsKey(System.String)
FNDA:18,System.Boolean jsonparser.JsonModel.JObject::ContainsKey(System.String)
DA:44,18
DA:45,18
DA:46,18
FN:6,System.Void jsonparser.JsonModel.JObject::.ctor(System.String,jsonparser.JsonModel.JSon)
FNDA:17,System.Void jsonparser.JsonModel.JObject::.ctor(System.String,jsonparser.JsonModel.JSon)
DA:7,17
DA:8,17
DA:9,17
DA:10,17
DA:11,17
FN:12,System.Void jsonparser.JsonModel.JObject::.ctor()
FNDA:16,System.Void jsonparser.JsonModel.JObject::.ctor()
DA:13,16
DA:14,16
DA:15,16
DA:16,16
FN:17,System.Void jsonparser.JsonModel.JObject::.ctor(System.Collections.Generic.Dictionary`2<System.String,jsonparser.JsonModel.JSon>)
FNDA:0,System.Void jsonparser.JsonModel.JObject::.ctor(System.Collections.Generic.Dictionary`2<System.String,jsonparser.JsonModel.JSon>)
DA:18,0
DA:19,0
DA:20,0
DA:21,0
LF:25
LH:20
BRF:2
BRH:2
FNF:11
FNH:9
end_of_record
SF:/home/olivier/dev/csly/samples/jsonparser/JsonModel/JSon.cs
FN:6,System.Boolean jsonparser.JsonModel.JSon::get_IsObject()
FNDA:0,System.Boolean jsonparser.JsonModel.JSon::get_IsObject()
DA:7,0
FN:7,System.Boolean jsonparser.JsonModel.JSon::get_IsList()
FNDA:0,System.Boolean jsonparser.JsonModel.JSon::get_IsList()
DA:8,0
FN:8,System.Boolean jsonparser.JsonModel.JSon::get_IsValue()
FNDA:0,System.Boolean jsonparser.JsonModel.JSon::get_IsValue()
DA:9,0
FN:9,System.Boolean jsonparser.JsonModel.JSon::get_IsNull()
FNDA:0,System.Boolean jsonparser.JsonModel.JSon::get_IsNull()
DA:10,0
LF:4
LH:0
BRF:0
BRH:0
FNF:4
FNH:0
end_of_record
SF:/home/olivier/dev/csly/samples/jsonparser/JsonModel/JValue.cs
FN:11,System.Boolean jsonparser.JsonModel.JValue::get_IsValue()
FNDA:42,System.Boolean jsonparser.JsonModel.JValue::get_IsValue()
DA:12,42
FN:13,System.Boolean jsonparser.JsonModel.JValue::get_IsString()
FNDA:30,System.Boolean jsonparser.JsonModel.JValue::get_IsString()
DA:14,30
FN:15,System.Boolean jsonparser.JsonModel.JValue::get_IsInt()
FNDA:18,System.Boolean jsonparser.JsonModel.JValue::get_IsInt()
DA:16,18
FN:17,System.Boolean jsonparser.JsonModel.JValue::get_IsDouble()
FNDA:4,System.Boolean jsonparser.JsonModel.JValue::get_IsDouble()
DA:18,4
FN:19,System.Boolean jsonparser.JsonModel.JValue::get_IsBool()
FNDA:8,System.Boolean jsonparser.JsonModel.JValue::get_IsBool()
DA:20,8
FN:22,T jsonparser.JsonModel.JValue::GetValue()
FNDA:38,T jsonparser.JsonModel.JValue::GetValue()
DA:23,38
DA:24,38
DA:25,38
FN:6,System.Void jsonparser.JsonModel.JValue::.ctor(System.Object)
FNDA:41,System.Void jsonparser.JsonModel.JValue::.ctor(System.Object)
DA:7,41
DA:8,41
DA:9,41
DA:10,41
LF:12
LH:12
BRF:0
BRH:0
FNF:7
FNH:7
end_of_record